00:31:08.776 WARN  Bot connected and ready to use! 
00:34:21.686 ERROR [ERROR] Detected an NaN position! 
00:51:06.157 ERROR [ERROR] Detected an NaN position! 
00:55:18.475 WARN  ~~ LOOPS: 13. ENTITY #: 500//228. VIEW #: 9. BACKLOGGED :: 130.154%! ~~ 
00:55:19.528 WARN  ~~ LOOPS: 14. ENTITY #: 509//235. VIEW #: 9. BACKLOGGED :: 116.571%! ~~ 
00:56:52.980 WARN  Bot connected and ready to use! 
00:58:53.974 WARN  ~~ LOOPS: 15. ENTITY #: 472//161. VIEW #: 5. BACKLOGGED :: 101.400%! ~~ 
00:58:59.094 WARN  ~~ LOOPS: 15. ENTITY #: 481//165. VIEW #: 5. BACKLOGGED :: 104.200%! ~~ 
00:59:00.131 WARN  ~~ LOOPS: 15. ENTITY #: 482//173. VIEW #: 5. BACKLOGGED :: 106.000%! ~~ 
00:59:01.140 WARN  ~~ LOOPS: 14. ENTITY #: 489//172. VIEW #: 5. BACKLOGGED :: 112.286%! ~~ 
00:59:02.160 WARN  ~~ LOOPS: 13. ENTITY #: 501//181. VIEW #: 5. BACKLOGGED :: 126.462%! ~~ 
00:59:03.177 WARN  ~~ LOOPS: 13. ENTITY #: 508//195. VIEW #: 5. BACKLOGGED :: 128.538%! ~~ 
00:59:04.202 WARN  ~~ LOOPS: 13. ENTITY #: 502//205. VIEW #: 5. BACKLOGGED :: 139.154%! ~~ 
00:59:05.251 WARN  ~~ LOOPS: 13. ENTITY #: 504//207. VIEW #: 5. BACKLOGGED :: 140.308%! ~~ 
00:59:06.265 WARN  ~~ LOOPS: 12. ENTITY #: 517//221. VIEW #: 5. BACKLOGGED :: 140.000%! ~~ 
00:59:07.284 WARN  ~~ LOOPS: 12. ENTITY #: 514//234. VIEW #: 5. BACKLOGGED :: 153.250%! ~~ 
00:59:08.303 WARN  ~~ LOOPS: 12. ENTITY #: 511//236. VIEW #: 5. BACKLOGGED :: 158.000%! ~~ 
00:59:09.315 WARN  ~~ LOOPS: 11. ENTITY #: 514//245. VIEW #: 5. BACKLOGGED :: 167.455%! ~~ 
00:59:10.325 WARN  ~~ LOOPS: 11. ENTITY #: 507//248. VIEW #: 5. BACKLOGGED :: 174.545%! ~~ 
00:59:11.416 WARN  ~~ LOOPS: 11. ENTITY #: 503//246. VIEW #: 5. BACKLOGGED :: 191.455%! ~~ 
00:59:12.482 WARN  ~~ LOOPS: 11. ENTITY #: 504//256. VIEW #: 5. BACKLOGGED :: 186.818%! ~~ 
00:59:13.521 WARN  ~~ LOOPS: 11. ENTITY #: 497//258. VIEW #: 5. BACKLOGGED :: 182.182%! ~~ 
00:59:14.581 WARN  ~~ LOOPS: 11. ENTITY #: 507//256. VIEW #: 5. BACKLOGGED :: 187.636%! ~~ 
00:59:15.596 WARN  ~~ LOOPS: 10. ENTITY #: 500//263. VIEW #: 5. BACKLOGGED :: 192.300%! ~~ 
00:59:16.664 WARN  ~~ LOOPS: 11. ENTITY #: 501//256. VIEW #: 5. BACKLOGGED :: 190.909%! ~~ 
00:59:17.690 WARN  ~~ LOOPS: 10. ENTITY #: 508//259. VIEW #: 5. BACKLOGGED :: 205.200%! ~~ 
00:59:18.702 WARN  ~~ LOOPS: 10. ENTITY #: 504//262. VIEW #: 5. BACKLOGGED :: 200.100%! ~~ 
00:59:19.714 WARN  ~~ LOOPS: 10. ENTITY #: 510//256. VIEW #: 5. BACKLOGGED :: 194.700%! ~~ 
00:59:20.726 WARN  ~~ LOOPS: 8. ENTITY #: 513//264. VIEW #: 5. BACKLOGGED :: 258.000%! ~~ 
00:59:21.766 WARN  ~~ LOOPS: 10. ENTITY #: 513//257. VIEW #: 5. BACKLOGGED :: 204.600%! ~~ 
00:59:22.781 WARN  ~~ LOOPS: 10. ENTITY #: 508//259. VIEW #: 5. BACKLOGGED :: 203.400%! ~~ 
00:59:23.809 WARN  ~~ LOOPS: 10. ENTITY #: 506//251. VIEW #: 5. BACKLOGGED :: 204.000%! ~~ 
00:59:24.821 WARN  ~~ LOOPS: 10. ENTITY #: 506//252. VIEW #: 5. BACKLOGGED :: 194.700%! ~~ 
00:59:25.885 WARN  ~~ LOOPS: 11. ENTITY #: 510//253. VIEW #: 5. BACKLOGGED :: 195.273%! ~~ 
00:59:26.896 WARN  ~~ LOOPS: 10. ENTITY #: 516//248. VIEW #: 5. BACKLOGGED :: 186.600%! ~~ 
00:59:27.984 WARN  ~~ LOOPS: 11. ENTITY #: 516//255. VIEW #: 5. BACKLOGGED :: 201.000%! ~~ 
00:59:29.001 WARN  ~~ LOOPS: 10. ENTITY #: 521//256. VIEW #: 5. BACKLOGGED :: 195.000%! ~~ 
00:59:30.019 WARN  ~~ LOOPS: 10. ENTITY #: 516//252. VIEW #: 5. BACKLOGGED :: 209.400%! ~~ 
00:59:31.045 WARN  ~~ LOOPS: 10. ENTITY #: 519//259. VIEW #: 5. BACKLOGGED :: 206.100%! ~~ 
00:59:32.126 WARN  ~~ LOOPS: 10. ENTITY #: 517//250. VIEW #: 5. BACKLOGGED :: 210.900%! ~~ 
00:59:33.176 WARN  ~~ LOOPS: 10. ENTITY #: 516//253. VIEW #: 5. BACKLOGGED :: 212.400%! ~~ 
00:59:34.187 WARN  ~~ LOOPS: 10. ENTITY #: 518//248. VIEW #: 5. BACKLOGGED :: 194.700%! ~~ 
00:59:35.237 WARN  ~~ LOOPS: 10. ENTITY #: 521//255. VIEW #: 5. BACKLOGGED :: 218.400%! ~~ 
00:59:36.289 WARN  ~~ LOOPS: 10. ENTITY #: 516//253. VIEW #: 5. BACKLOGGED :: 212.100%! ~~ 
00:59:37.359 WARN  ~~ LOOPS: 10. ENTITY #: 505//240. VIEW #: 5. BACKLOGGED :: 207.300%! ~~ 
00:59:38.436 WARN  ~~ LOOPS: 10. ENTITY #: 503//237. VIEW #: 5. BACKLOGGED :: 224.100%! ~~ 
00:59:39.502 WARN  ~~ LOOPS: 10. ENTITY #: 508//233. VIEW #: 5. BACKLOGGED :: 217.200%! ~~ 
00:59:40.565 WARN  ~~ LOOPS: 10. ENTITY #: 505//238. VIEW #: 5. BACKLOGGED :: 217.500%! ~~ 
00:59:41.598 WARN  ~~ LOOPS: 10. ENTITY #: 502//235. VIEW #: 5. BACKLOGGED :: 207.600%! ~~ 
00:59:42.598 WARN  ~~ LOOPS: 9. ENTITY #: 506//219. VIEW #: 4. BACKLOGGED :: 217.667%! ~~ 
00:59:43.638 WARN  ~~ LOOPS: 10. ENTITY #: 505//221. VIEW #: 4. BACKLOGGED :: 212.100%! ~~ 
00:59:44.666 WARN  ~~ LOOPS: 10. ENTITY #: 510//218. VIEW #: 4. BACKLOGGED :: 206.400%! ~~ 
00:59:45.680 WARN  ~~ LOOPS: 9. ENTITY #: 515//226. VIEW #: 4. BACKLOGGED :: 235.667%! ~~ 
00:59:46.727 WARN  ~~ LOOPS: 10. ENTITY #: 517//224. VIEW #: 4. BACKLOGGED :: 210.300%! ~~ 
00:59:47.738 WARN  ~~ LOOPS: 9. ENTITY #: 528//233. VIEW #: 4. BACKLOGGED :: 224.000%! ~~ 
00:59:48.812 WARN  ~~ LOOPS: 10. ENTITY #: 533//231. VIEW #: 4. BACKLOGGED :: 220.800%! ~~ 
00:59:49.813 WARN  ~~ LOOPS: 9. ENTITY #: 535//231. VIEW #: 4. BACKLOGGED :: 230.333%! ~~ 
00:59:50.832 WARN  ~~ LOOPS: 9. ENTITY #: 537//233. VIEW #: 4. BACKLOGGED :: 234.667%! ~~ 
00:59:51.841 WARN  ~~ LOOPS: 9. ENTITY #: 532//229. VIEW #: 4. BACKLOGGED :: 232.333%! ~~ 
00:59:53.026 WARN  ~~ LOOPS: 5. ENTITY #: 531//230. VIEW #: 4. BACKLOGGED :: 520.800%! ~~ 
00:59:54.044 WARN  ~~ LOOPS: 4. ENTITY #: 536//237. VIEW #: 4. BACKLOGGED :: 669.000%! ~~ 
00:59:55.233 WARN  ~~ LOOPS: 4. ENTITY #: 528//230. VIEW #: 4. BACKLOGGED :: 648.750%! ~~ 
00:59:56.426 WARN  ~~ LOOPS: 5. ENTITY #: 527//223. VIEW #: 5. BACKLOGGED :: 427.200%! ~~ 
00:59:57.448 WARN  ~~ LOOPS: 4. ENTITY #: 527//224. VIEW #: 5. BACKLOGGED :: 671.250%! ~~ 
00:59:58.637 WARN  ~~ LOOPS: 2. ENTITY #: 522//234. VIEW #: 5. BACKLOGGED :: 1441.500%! ~~ 
01:00:00.629 WARN  ~~ LOOPS: 2. ENTITY #: 525//217. VIEW #: 5. BACKLOGGED :: 2113.500%! ~~ 
01:00:02.219 WARN  ~~ LOOPS: 1. ENTITY #: 521//232. VIEW #: 5. BACKLOGGED :: 4173.000%! ~~ 
01:00:03.440 WARN  ~~ LOOPS: 2. ENTITY #: 519//227. VIEW #: 5. BACKLOGGED :: 1752.000%! ~~ 
01:00:04.825 WARN  ~~ LOOPS: 3. ENTITY #: 518//228. VIEW #: 5. BACKLOGGED :: 695.000%! ~~ 
01:00:06.043 WARN  ~~ LOOPS: 4. ENTITY #: 515//225. VIEW #: 5. BACKLOGGED :: 820.500%! ~~ 
01:00:07.227 WARN  ~~ LOOPS: 5. ENTITY #: 512//229. VIEW #: 5. BACKLOGGED :: 482.400%! ~~ 
01:00:08.241 WARN  ~~ LOOPS: 5. ENTITY #: 506//220. VIEW #: 5. BACKLOGGED :: 519.000%! ~~ 
01:00:09.280 WARN  ~~ LOOPS: 5. ENTITY #: 501//212. VIEW #: 5. BACKLOGGED :: 521.400%! ~~ 
01:00:10.434 WARN  ~~ LOOPS: 5. ENTITY #: 497//214. VIEW #: 5. BACKLOGGED :: 529.800%! ~~ 
01:00:11.468 WARN  ~~ LOOPS: 5. ENTITY #: 498//215. VIEW #: 5. BACKLOGGED :: 519.600%! ~~ 
01:00:12.485 WARN  ~~ LOOPS: 5. ENTITY #: 492//202. VIEW #: 5. BACKLOGGED :: 495.600%! ~~ 
01:00:13.657 WARN  ~~ LOOPS: 5. ENTITY #: 492//201. VIEW #: 5. BACKLOGGED :: 521.400%! ~~ 
01:00:14.821 WARN  ~~ LOOPS: 5. ENTITY #: 489//205. VIEW #: 5. BACKLOGGED :: 460.200%! ~~ 
01:00:15.871 WARN  ~~ LOOPS: 6. ENTITY #: 492//198. VIEW #: 5. BACKLOGGED :: 381.500%! ~~ 
01:00:17.079 WARN  ~~ LOOPS: 4. ENTITY #: 492//199. VIEW #: 4. BACKLOGGED :: 517.500%! ~~ 
01:00:18.224 WARN  ~~ LOOPS: 5. ENTITY #: 492//203. VIEW #: 4. BACKLOGGED :: 381.000%! ~~ 
01:00:19.235 WARN  ~~ LOOPS: 9. ENTITY #: 498//212. VIEW #: 4. BACKLOGGED :: 240.000%! ~~ 
01:00:20.302 WARN  ~~ LOOPS: 10. ENTITY #: 493//212. VIEW #: 4. BACKLOGGED :: 218.700%! ~~ 
01:00:21.319 WARN  ~~ LOOPS: 9. ENTITY #: 496//208. VIEW #: 4. BACKLOGGED :: 226.000%! ~~ 
01:00:22.375 WARN  ~~ LOOPS: 10. ENTITY #: 493//211. VIEW #: 4. BACKLOGGED :: 221.100%! ~~ 
01:00:23.384 WARN  ~~ LOOPS: 10. ENTITY #: 494//197. VIEW #: 3. BACKLOGGED :: 192.900%! ~~ 
01:00:24.410 WARN  ~~ LOOPS: 10. ENTITY #: 494//191. VIEW #: 3. BACKLOGGED :: 211.800%! ~~ 
01:00:25.468 WARN  ~~ LOOPS: 10. ENTITY #: 493//201. VIEW #: 4. BACKLOGGED :: 213.600%! ~~ 
01:00:26.478 WARN  ~~ LOOPS: 7. ENTITY #: 492//210. VIEW #: 4. BACKLOGGED :: 329.571%! ~~ 
01:00:27.489 WARN  ~~ LOOPS: 7. ENTITY #: 496//209. VIEW #: 4. BACKLOGGED :: 335.143%! ~~ 
01:00:28.502 WARN  ~~ LOOPS: 9. ENTITY #: 496//214. VIEW #: 4. BACKLOGGED :: 226.000%! ~~ 
01:00:29.513 WARN  ~~ LOOPS: 9. ENTITY #: 490//213. VIEW #: 4. BACKLOGGED :: 234.667%! ~~ 
01:00:30.529 WARN  ~~ LOOPS: 9. ENTITY #: 499//217. VIEW #: 4. BACKLOGGED :: 236.000%! ~~ 
01:00:31.546 WARN  ~~ LOOPS: 9. ENTITY #: 504//217. VIEW #: 4. BACKLOGGED :: 231.000%! ~~ 
01:00:32.556 WARN  ~~ LOOPS: 9. ENTITY #: 511//223. VIEW #: 4. BACKLOGGED :: 240.000%! ~~ 
01:00:33.637 WARN  ~~ LOOPS: 10. ENTITY #: 511//223. VIEW #: 4. BACKLOGGED :: 222.300%! ~~ 
01:00:34.664 WARN  ~~ LOOPS: 9. ENTITY #: 509//217. VIEW #: 4. BACKLOGGED :: 231.333%! ~~ 
01:00:35.675 WARN  ~~ LOOPS: 9. ENTITY #: 490//213. VIEW #: 4. BACKLOGGED :: 230.667%! ~~ 
01:00:36.689 WARN  ~~ LOOPS: 10. ENTITY #: 499//198. VIEW #: 4. BACKLOGGED :: 205.800%! ~~ 
01:00:37.701 WARN  ~~ LOOPS: 9. ENTITY #: 492//202. VIEW #: 4. BACKLOGGED :: 225.667%! ~~ 
01:00:38.716 WARN  ~~ LOOPS: 11. ENTITY #: 478//185. VIEW #: 4. BACKLOGGED :: 181.364%! ~~ 
01:00:39.759 WARN  ~~ LOOPS: 11. ENTITY #: 474//186. VIEW #: 4. BACKLOGGED :: 183.000%! ~~ 
01:00:40.769 WARN  ~~ LOOPS: 10. ENTITY #: 481//189. VIEW #: 4. BACKLOGGED :: 188.700%! ~~ 
01:00:41.786 WARN  ~~ LOOPS: 10. ENTITY #: 484//188. VIEW #: 4. BACKLOGGED :: 197.100%! ~~ 
01:00:42.797 WARN  ~~ LOOPS: 9. ENTITY #: 490//198. VIEW #: 4. BACKLOGGED :: 240.333%! ~~ 
01:00:43.818 WARN  ~~ LOOPS: 9. ENTITY #: 490//196. VIEW #: 4. BACKLOGGED :: 239.000%! ~~ 
01:00:44.829 WARN  ~~ LOOPS: 9. ENTITY #: 491//201. VIEW #: 4. BACKLOGGED :: 227.000%! ~~ 
01:00:45.872 WARN  ~~ LOOPS: 10. ENTITY #: 490//198. VIEW #: 4. BACKLOGGED :: 217.500%! ~~ 
01:00:46.883 WARN  ~~ LOOPS: 9. ENTITY #: 492//200. VIEW #: 4. BACKLOGGED :: 225.333%! ~~ 
01:00:47.963 WARN  ~~ LOOPS: 10. ENTITY #: 484//184. VIEW #: 4. BACKLOGGED :: 220.200%! ~~ 
01:00:49.000 WARN  ~~ LOOPS: 10. ENTITY #: 483//188. VIEW #: 4. BACKLOGGED :: 208.800%! ~~ 
01:00:50.014 WARN  ~~ LOOPS: 10. ENTITY #: 485//188. VIEW #: 4. BACKLOGGED :: 202.200%! ~~ 
01:00:51.052 WARN  ~~ LOOPS: 10. ENTITY #: 495//182. VIEW #: 4. BACKLOGGED :: 209.700%! ~~ 
01:00:52.061 WARN  ~~ LOOPS: 9. ENTITY #: 501//197. VIEW #: 4. BACKLOGGED :: 229.333%! ~~ 
01:00:53.071 WARN  ~~ LOOPS: 9. ENTITY #: 499//199. VIEW #: 4. BACKLOGGED :: 231.333%! ~~ 
01:00:54.098 WARN  ~~ LOOPS: 10. ENTITY #: 495//203. VIEW #: 4. BACKLOGGED :: 204.900%! ~~ 
01:00:55.128 WARN  ~~ LOOPS: 10. ENTITY #: 479//174. VIEW #: 3. BACKLOGGED :: 207.000%! ~~ 
01:00:56.193 WARN  ~~ LOOPS: 11. ENTITY #: 480//170. VIEW #: 3. BACKLOGGED :: 188.727%! ~~ 
01:00:57.253 WARN  ~~ LOOPS: 11. ENTITY #: 480//167. VIEW #: 3. BACKLOGGED :: 187.364%! ~~ 
01:00:58.315 WARN  ~~ LOOPS: 11. ENTITY #: 486//165. VIEW #: 4. BACKLOGGED :: 189.000%! ~~ 
01:00:59.325 WARN  ~~ LOOPS: 10. ENTITY #: 481//170. VIEW #: 4. BACKLOGGED :: 198.300%! ~~ 
01:01:00.345 WARN  ~~ LOOPS: 10. ENTITY #: 481//187. VIEW #: 4. BACKLOGGED :: 206.700%! ~~ 
01:01:01.358 WARN  ~~ LOOPS: 9. ENTITY #: 485//188. VIEW #: 4. BACKLOGGED :: 222.000%! ~~ 
01:01:02.377 WARN  ~~ LOOPS: 10. ENTITY #: 487//194. VIEW #: 4. BACKLOGGED :: 206.400%! ~~ 
01:01:03.431 WARN  ~~ LOOPS: 10. ENTITY #: 481//193. VIEW #: 4. BACKLOGGED :: 213.000%! ~~ 
01:01:04.469 WARN  ~~ LOOPS: 10. ENTITY #: 480//196. VIEW #: 4. BACKLOGGED :: 211.200%! ~~ 
01:01:05.517 WARN  ~~ LOOPS: 10. ENTITY #: 486//195. VIEW #: 4. BACKLOGGED :: 213.000%! ~~ 
01:01:06.529 WARN  ~~ LOOPS: 9. ENTITY #: 482//206. VIEW #: 4. BACKLOGGED :: 228.000%! ~~ 
01:01:07.551 WARN  ~~ LOOPS: 9. ENTITY #: 483//202. VIEW #: 4. BACKLOGGED :: 232.333%! ~~ 
01:01:08.600 WARN  ~~ LOOPS: 9. ENTITY #: 484//194. VIEW #: 3. BACKLOGGED :: 248.333%! ~~ 
01:01:09.669 WARN  ~~ LOOPS: 10. ENTITY #: 479//181. VIEW #: 4. BACKLOGGED :: 219.600%! ~~ 
01:01:10.752 WARN  ~~ LOOPS: 10. ENTITY #: 480//193. VIEW #: 4. BACKLOGGED :: 222.900%! ~~ 
01:01:11.839 WARN  ~~ LOOPS: 10. ENTITY #: 479//194. VIEW #: 4. BACKLOGGED :: 225.000%! ~~ 
01:01:12.839 WARN  ~~ LOOPS: 9. ENTITY #: 483//194. VIEW #: 4. BACKLOGGED :: 222.667%! ~~ 
01:01:13.918 WARN  ~~ LOOPS: 10. ENTITY #: 484//196. VIEW #: 4. BACKLOGGED :: 227.100%! ~~ 
01:01:15.017 WARN  ~~ LOOPS: 9. ENTITY #: 480//197. VIEW #: 4. BACKLOGGED :: 250.667%! ~~ 
01:01:16.089 WARN  ~~ LOOPS: 9. ENTITY #: 481//201. VIEW #: 4. BACKLOGGED :: 242.667%! ~~ 
01:01:17.143 WARN  ~~ LOOPS: 9. ENTITY #: 480//202. VIEW #: 4. BACKLOGGED :: 249.000%! ~~ 
01:01:18.153 WARN  ~~ LOOPS: 9. ENTITY #: 480//200. VIEW #: 4. BACKLOGGED :: 231.333%! ~~ 
01:01:19.154 WARN  ~~ LOOPS: 9. ENTITY #: 482//204. VIEW #: 4. BACKLOGGED :: 229.000%! ~~ 
01:01:20.220 WARN  ~~ LOOPS: 10. ENTITY #: 483//201. VIEW #: 5. BACKLOGGED :: 219.300%! ~~ 
01:01:21.221 WARN  ~~ LOOPS: 8. ENTITY #: 481//209. VIEW #: 5. BACKLOGGED :: 265.500%! ~~ 
01:01:22.221 WARN  ~~ LOOPS: 9. ENTITY #: 484//202. VIEW #: 5. BACKLOGGED :: 234.667%! ~~ 
01:01:23.246 WARN  ~~ LOOPS: 9. ENTITY #: 488//202. VIEW #: 5. BACKLOGGED :: 234.333%! ~~ 
01:01:24.245 WARN  ~~ LOOPS: 9. ENTITY #: 481//197. VIEW #: 5. BACKLOGGED :: 228.333%! ~~ 
01:01:25.246 WARN  ~~ LOOPS: 9. ENTITY #: 495//198. VIEW #: 5. BACKLOGGED :: 224.667%! ~~ 
01:01:26.280 WARN  ~~ LOOPS: 9. ENTITY #: 486//199. VIEW #: 5. BACKLOGGED :: 248.000%! ~~ 
01:01:27.295 WARN  ~~ LOOPS: 8. ENTITY #: 492//198. VIEW #: 5. BACKLOGGED :: 279.750%! ~~ 
01:01:28.306 WARN  ~~ LOOPS: 9. ENTITY #: 490//197. VIEW #: 5. BACKLOGGED :: 225.000%! ~~ 
01:01:29.384 WARN  ~~ LOOPS: 10. ENTITY #: 497//200. VIEW #: 5. BACKLOGGED :: 227.400%! ~~ 
01:01:30.397 WARN  ~~ LOOPS: 9. ENTITY #: 498//203. VIEW #: 5. BACKLOGGED :: 220.667%! ~~ 
01:01:31.423 WARN  ~~ LOOPS: 9. ENTITY #: 505//209. VIEW #: 5. BACKLOGGED :: 243.000%! ~~ 
01:01:32.445 WARN  ~~ LOOPS: 9. ENTITY #: 509//213. VIEW #: 5. BACKLOGGED :: 241.667%! ~~ 
01:01:33.551 WARN  ~~ LOOPS: 9. ENTITY #: 516//225. VIEW #: 5. BACKLOGGED :: 266.000%! ~~ 
01:01:34.588 WARN  ~~ LOOPS: 8. ENTITY #: 506//229. VIEW #: 5. BACKLOGGED :: 286.500%! ~~ 
01:01:35.618 WARN  ~~ LOOPS: 8. ENTITY #: 505//222. VIEW #: 5. BACKLOGGED :: 280.500%! ~~ 
01:01:36.633 WARN  ~~ LOOPS: 8. ENTITY #: 507//219. VIEW #: 5. BACKLOGGED :: 259.125%! ~~ 
01:01:37.684 WARN  ~~ LOOPS: 9. ENTITY #: 513//219. VIEW #: 5. BACKLOGGED :: 254.667%! ~~ 
01:01:38.753 WARN  ~~ LOOPS: 9. ENTITY #: 509//216. VIEW #: 5. BACKLOGGED :: 255.333%! ~~ 
01:01:39.768 WARN  ~~ LOOPS: 8. ENTITY #: 510//218. VIEW #: 5. BACKLOGGED :: 265.875%! ~~ 
01:01:40.849 WARN  ~~ LOOPS: 9. ENTITY #: 512//216. VIEW #: 5. BACKLOGGED :: 265.333%! ~~ 
01:01:41.930 WARN  ~~ LOOPS: 9. ENTITY #: 495//217. VIEW #: 5. BACKLOGGED :: 258.000%! ~~ 
01:01:43.000 WARN  ~~ LOOPS: 9. ENTITY #: 495//207. VIEW #: 5. BACKLOGGED :: 242.667%! ~~ 
01:01:44.047 WARN  ~~ LOOPS: 9. ENTITY #: 497//206. VIEW #: 5. BACKLOGGED :: 246.000%! ~~ 
01:01:45.108 WARN  ~~ LOOPS: 9. ENTITY #: 490//206. VIEW #: 5. BACKLOGGED :: 252.667%! ~~ 
01:01:46.145 WARN  ~~ LOOPS: 9. ENTITY #: 489//197. VIEW #: 5. BACKLOGGED :: 243.333%! ~~ 
01:01:47.156 WARN  ~~ LOOPS: 9. ENTITY #: 487//195. VIEW #: 5. BACKLOGGED :: 235.333%! ~~ 
01:01:48.168 WARN  ~~ LOOPS: 9. ENTITY #: 487//185. VIEW #: 5. BACKLOGGED :: 235.667%! ~~ 
01:01:49.257 WARN  ~~ LOOPS: 10. ENTITY #: 487//187. VIEW #: 5. BACKLOGGED :: 222.600%! ~~ 
01:01:50.338 WARN  ~~ LOOPS: 9. ENTITY #: 488//182. VIEW #: 5. BACKLOGGED :: 247.333%! ~~ 
01:01:51.354 WARN  ~~ LOOPS: 9. ENTITY #: 488//185. VIEW #: 5. BACKLOGGED :: 235.000%! ~~ 
01:01:52.417 WARN  ~~ LOOPS: 10. ENTITY #: 489//181. VIEW #: 5. BACKLOGGED :: 219.600%! ~~ 
01:01:53.427 WARN  ~~ LOOPS: 9. ENTITY #: 489//184. VIEW #: 5. BACKLOGGED :: 229.333%! ~~ 
01:01:54.512 WARN  ~~ LOOPS: 10. ENTITY #: 492//183. VIEW #: 5. BACKLOGGED :: 228.300%! ~~ 
01:01:55.594 WARN  ~~ LOOPS: 10. ENTITY #: 487//182. VIEW #: 5. BACKLOGGED :: 223.500%! ~~ 
01:01:56.708 WARN  ~~ LOOPS: 10. ENTITY #: 493//187. VIEW #: 5. BACKLOGGED :: 222.300%! ~~ 
01:01:57.731 WARN  ~~ LOOPS: 9. ENTITY #: 496//184. VIEW #: 5. BACKLOGGED :: 238.667%! ~~ 
01:01:58.807 WARN  ~~ LOOPS: 9. ENTITY #: 498//187. VIEW #: 5. BACKLOGGED :: 257.667%! ~~ 
01:01:59.905 WARN  ~~ LOOPS: 8. ENTITY #: 438//180. VIEW #: 5. BACKLOGGED :: 309.750%! ~~ 
01:02:00.914 WARN  ~~ LOOPS: 11. ENTITY #: 438//132. VIEW #: 5. BACKLOGGED :: 169.909%! ~~ 
01:02:01.922 WARN  ~~ LOOPS: 11. ENTITY #: 438//130. VIEW #: 5. BACKLOGGED :: 170.727%! ~~ 
01:02:02.934 WARN  ~~ LOOPS: 10. ENTITY #: 439//126. VIEW #: 5. BACKLOGGED :: 201.600%! ~~ 
01:02:09.523 WARN  Bot connected and ready to use! 
01:04:39.977 ERROR [ERROR] Detected an NaN position! 
01:06:53.538 WARN  Bot connected and ready to use! 
01:09:21.326 WARN  Bot connected and ready to use! 
01:10:17.800 WARN  Bot connected and ready to use! 
13:48:52.817 WARN  Bot connected and ready to use! 
13:56:47.551 WARN  Player got kicked! Kicking. 
13:58:29.905 WARN  Player got kicked! Kicking. 
14:07:17.271 ERROR [ERROR] Detected an NaN position! 
14:15:45.083 WARN  ~~ LOOPS: 16. ENTITY #: 492//241. VIEW #: 5. BACKLOGGED :: 102.938%! ~~ 
14:29:33.119 WARN  ~~ LOOPS: 14. ENTITY #: 493//171. VIEW #: 5. BACKLOGGED :: 130.929%! ~~ 
14:31:57.714 WARN  Malformed command packet! Kicking. 
14:44:19.432 ERROR [ERROR] Detected an NaN position! 
14:45:30.117 WARN  ~~ LOOPS: 13. ENTITY #: 524//226. VIEW #: 6. BACKLOGGED :: 135.462%! ~~ 
14:50:21.642 WARN  ~~ LOOPS: 11. ENTITY #: 513//131. VIEW #: 5. BACKLOGGED :: 1676.727%! ~~ 
15:16:32.781 WARN  ~~ LOOPS: 5. ENTITY #: 504//32. VIEW #: 2. BACKLOGGED :: 8391.600%! ~~ 
15:17:34.578 WARN  ~~ LOOPS: 3. ENTITY #: 503//72. VIEW #: 2. BACKLOGGED :: 260.000%! ~~ 
15:17:36.954 WARN  ~~ LOOPS: 1. ENTITY #: 503//83. VIEW #: 2. BACKLOGGED :: 1377.000%! ~~ 
15:17:38.794 WARN  ~~ LOOPS: 1. ENTITY #: 504//55. VIEW #: 2. BACKLOGGED :: 1368.000%! ~~ 
15:17:42.489 WARN  ~~ LOOPS: 2. ENTITY #: 504//63. VIEW #: 2. BACKLOGGED :: 3172.500%! ~~ 
15:17:49.343 WARN  ~~ LOOPS: 1. ENTITY #: 504//54. VIEW #: 2. BACKLOGGED :: 14046.000%! ~~ 
15:17:57.867 WARN  ~~ LOOPS: 1. ENTITY #: 504//58. VIEW #: 2. BACKLOGGED :: 21291.000%! ~~ 
15:18:13.698 WARN  ~~ LOOPS: 3. ENTITY #: 505//37. VIEW #: 1. BACKLOGGED :: 290.000%! ~~ 
15:18:16.551 WARN  ~~ LOOPS: 2. ENTITY #: 506//16. VIEW #: 1. BACKLOGGED :: 796.500%! ~~ 
