01:05:35.514 WARN  Ill-sized beta-command request! Kicking. 1 warning. 
01:08:02.612 WARN  Ill-sized beta-command request! Kicking. 1 warning. 
01:10:54.929 WARN  Ill-sized beta-command request! Kicking. 2 warnings. 
01:13:11.550 WARN  Ill-sized beta-command request! Kicking. 3 warnings. 
01:16:35.157 WARN  Ill-sized beta-command request! Kicking. 1 warning. 
01:41:43.964 WARN  ~~ LOOPS: 14. ENTITY #: 813//551. VIEW #: 2. BACKLOGGED :: 116.357%! ~~ 
01:41:44.983 WARN  ~~ LOOPS: 14. ENTITY #: 813//615. VIEW #: 2. BACKLOGGED :: 114.643%! ~~ 
01:41:46.066 WARN  ~~ LOOPS: 15. ENTITY #: 813//614. VIEW #: 2. BACKLOGGED :: 100.400%! ~~ 
01:41:47.101 WARN  ~~ LOOPS: 15. ENTITY #: 813//614. VIEW #: 2. BACKLOGGED :: 106.600%! ~~ 
01:41:57.185 WARN  ~~ LOOPS: 15. ENTITY #: 728//470. VIEW #: 2. BACKLOGGED :: 100.800%! ~~ 
01:42:47.747 WARN  ~~ LOOPS: 14. ENTITY #: 549//336. VIEW #: 2. BACKLOGGED :: 119.143%! ~~ 
01:42:49.813 WARN  ~~ LOOPS: 15. ENTITY #: 588//389. VIEW #: 2. BACKLOGGED :: 100.200%! ~~ 
19:36:17.662 WARN  ~~ LOOPS: 13. ENTITY #: 560//367. VIEW #: 3. BACKLOGGED :: 132.692%! ~~ 
19:36:18.685 WARN  ~~ LOOPS: 9. ENTITY #: 602//419. VIEW #: 3. BACKLOGGED :: 228.667%! ~~ 
19:36:19.826 WARN  ~~ LOOPS: 8. ENTITY #: 639//463. VIEW #: 3. BACKLOGGED :: 322.125%! ~~ 
19:36:20.902 WARN  ~~ LOOPS: 6. ENTITY #: 655//491. VIEW #: 3. BACKLOGGED :: 427.000%! ~~ 
19:36:21.948 WARN  ~~ LOOPS: 6. ENTITY #: 627//481. VIEW #: 3. BACKLOGGED :: 422.500%! ~~ 
19:36:23.078 WARN  ~~ LOOPS: 7. ENTITY #: 596//452. VIEW #: 3. BACKLOGGED :: 377.143%! ~~ 
19:36:24.098 WARN  ~~ LOOPS: 7. ENTITY #: 557//411. VIEW #: 3. BACKLOGGED :: 323.143%! ~~ 
19:36:25.170 WARN  ~~ LOOPS: 9. ENTITY #: 508//372. VIEW #: 3. BACKLOGGED :: 263.000%! ~~ 
19:36:26.190 WARN  ~~ LOOPS: 12. ENTITY #: 442//310. VIEW #: 3. BACKLOGGED :: 153.000%! ~~ 
19:37:14.472 WARN  ~~ LOOPS: 15. ENTITY #: 622//438. VIEW #: 3. BACKLOGGED :: 101.800%! ~~ 
19:37:15.510 WARN  ~~ LOOPS: 15. ENTITY #: 532//401. VIEW #: 3. BACKLOGGED :: 107.000%! ~~ 
19:37:44.722 WARN  ~~ LOOPS: 13. ENTITY #: 462//331. VIEW #: 3. BACKLOGGED :: 132.000%! ~~ 
19:37:45.731 WARN  ~~ LOOPS: 11. ENTITY #: 463//335. VIEW #: 3. BACKLOGGED :: 171.545%! ~~ 
19:37:46.801 WARN  ~~ LOOPS: 12. ENTITY #: 426//325. VIEW #: 3. BACKLOGGED :: 170.500%! ~~ 
19:48:49.702 ERROR GHOST FOUND 
19:48:49.702 ERROR Speeder 
19:48:49.702 ERROR x: 2262.2380965812663 y: 4036.957868030842 
19:48:49.703 ERROR [] 
19:48:49.703 ERROR health: 2.3666666666666667 
19:48:49.704 WARN  Ghost removed. 
19:48:49.704 WARN  Ghost removed. 
19:48:49.704 ERROR GHOST FOUND 
19:48:49.704 ERROR Speeder 
19:48:49.704 ERROR x: 2262.2380965812663 y: 4036.957868030842 
19:48:49.704 ERROR [] 
19:48:49.704 ERROR health: 2.3666666666666667 
19:48:49.704 WARN  Ghost removed. 
20:14:09.360 WARN  ~~ LOOPS: 15. ENTITY #: 472//204. VIEW #: 6. BACKLOGGED :: 111.000%! ~~ 
20:14:10.540 WARN  ~~ LOOPS: 5. ENTITY #: 472//194. VIEW #: 6. BACKLOGGED :: 424.200%! ~~ 
20:14:11.738 WARN  ~~ LOOPS: 7. ENTITY #: 466//193. VIEW #: 6. BACKLOGGED :: 117.857%! ~~ 
20:14:13.344 WARN  ~~ LOOPS: 3. ENTITY #: 468//197. VIEW #: 6. BACKLOGGED :: 783.000%! ~~ 
20:14:14.734 WARN  ~~ LOOPS: 2. ENTITY #: 471//198. VIEW #: 6. BACKLOGGED :: 894.000%! ~~ 
20:14:16.146 WARN  ~~ LOOPS: 3. ENTITY #: 471//197. VIEW #: 6. BACKLOGGED :: 620.000%! ~~ 
20:14:17.340 WARN  ~~ LOOPS: 3. ENTITY #: 471//199. VIEW #: 6. BACKLOGGED :: 585.000%! ~~ 
20:14:18.536 WARN  ~~ LOOPS: 5. ENTITY #: 465//193. VIEW #: 6. BACKLOGGED :: 345.600%! ~~ 
20:14:19.555 WARN  ~~ LOOPS: 7. ENTITY #: 467//196. VIEW #: 6. BACKLOGGED :: 277.286%! ~~ 
20:14:20.580 WARN  ~~ LOOPS: 12. ENTITY #: 469//195. VIEW #: 6. BACKLOGGED :: 147.500%! ~~ 
20:14:30.779 WARN  ~~ LOOPS: 12. ENTITY #: 467//202. VIEW #: 7. BACKLOGGED :: 143.250%! ~~ 
20:14:31.797 WARN  ~~ LOOPS: 14. ENTITY #: 479//211. VIEW #: 7. BACKLOGGED :: 100.071%! ~~ 
20:14:34.838 WARN  ~~ LOOPS: 14. ENTITY #: 466//206. VIEW #: 7. BACKLOGGED :: 101.143%! ~~ 
20:14:41.984 WARN  ~~ LOOPS: 13. ENTITY #: 519//266. VIEW #: 7. BACKLOGGED :: 116.308%! ~~ 
20:14:45.156 WARN  ~~ LOOPS: 15. ENTITY #: 534//280. VIEW #: 7. BACKLOGGED :: 104.200%! ~~ 
20:14:46.173 WARN  ~~ LOOPS: 12. ENTITY #: 545//292. VIEW #: 7. BACKLOGGED :: 114.750%! ~~ 
20:14:47.206 WARN  ~~ LOOPS: 11. ENTITY #: 547//294. VIEW #: 7. BACKLOGGED :: 162.545%! ~~ 
20:14:48.234 WARN  ~~ LOOPS: 11. ENTITY #: 547//274. VIEW #: 7. BACKLOGGED :: 157.091%! ~~ 
20:14:49.336 WARN  ~~ LOOPS: 14. ENTITY #: 549//257. VIEW #: 7. BACKLOGGED :: 111.214%! ~~ 
20:14:50.367 WARN  ~~ LOOPS: 15. ENTITY #: 557//252. VIEW #: 7. BACKLOGGED :: 107.000%! ~~ 
20:14:51.405 WARN  ~~ LOOPS: 14. ENTITY #: 525//238. VIEW #: 7. BACKLOGGED :: 121.286%! ~~ 
20:14:53.437 WARN  ~~ LOOPS: 14. ENTITY #: 518//199. VIEW #: 7. BACKLOGGED :: 101.571%! ~~ 
20:14:55.537 WARN  ~~ LOOPS: 15. ENTITY #: 518//215. VIEW #: 7. BACKLOGGED :: 102.800%! ~~ 
20:14:57.601 WARN  ~~ LOOPS: 12. ENTITY #: 507//215. VIEW #: 7. BACKLOGGED :: 139.500%! ~~ 
20:15:24.339 WARN  ~~ LOOPS: 13. ENTITY #: 471//224. VIEW #: 6. BACKLOGGED :: 116.538%! ~~ 
20:15:25.363 WARN  ~~ LOOPS: 15. ENTITY #: 475//224. VIEW #: 6. BACKLOGGED :: 104.000%! ~~ 
20:15:26.381 WARN  ~~ LOOPS: 14. ENTITY #: 474//230. VIEW #: 6. BACKLOGGED :: 101.357%! ~~ 
20:15:42.965 WARN  ~~ LOOPS: 17. ENTITY #: 448//224. VIEW #: 6. BACKLOGGED :: 100.941%! ~~ 
20:15:46.023 WARN  ~~ LOOPS: 13. ENTITY #: 457//226. VIEW #: 6. BACKLOGGED :: 133.385%! ~~ 
20:15:47.141 WARN  ~~ LOOPS: 15. ENTITY #: 461//224. VIEW #: 6. BACKLOGGED :: 124.800%! ~~ 
20:16:02.584 WARN  ~~ LOOPS: 12. ENTITY #: 435//193. VIEW #: 6. BACKLOGGED :: 125.000%! ~~ 
20:27:52.998 WARN  Malformed command packet! Kicking. 1 warning. 
23:42:59.305 WARN  ~~ LOOPS: 13. ENTITY #: 699//459. VIEW #: 3. BACKLOGGED :: 143.769%! ~~ 
23:43:00.369 WARN  ~~ LOOPS: 11. ENTITY #: 743//504. VIEW #: 3. BACKLOGGED :: 188.182%! ~~ 
23:43:01.441 WARN  ~~ LOOPS: 10. ENTITY #: 790//550. VIEW #: 3. BACKLOGGED :: 218.400%! ~~ 
23:43:02.465 WARN  ~~ LOOPS: 8. ENTITY #: 832//597. VIEW #: 3. BACKLOGGED :: 269.250%! ~~ 
23:43:03.536 WARN  ~~ LOOPS: 8. ENTITY #: 874//638. VIEW #: 3. BACKLOGGED :: 302.625%! ~~ 
23:43:04.656 WARN  ~~ LOOPS: 7. ENTITY #: 911//679. VIEW #: 3. BACKLOGGED :: 358.286%! ~~ 
23:43:05.715 WARN  ~~ LOOPS: 7. ENTITY #: 928//708. VIEW #: 4. BACKLOGGED :: 351.000%! ~~ 
23:43:06.765 WARN  ~~ LOOPS: 6. ENTITY #: 930//708. VIEW #: 4. BACKLOGGED :: 386.500%! ~~ 
23:43:07.781 WARN  ~~ LOOPS: 6. ENTITY #: 932//719. VIEW #: 4. BACKLOGGED :: 397.500%! ~~ 
23:43:08.913 WARN  ~~ LOOPS: 7. ENTITY #: 932//714. VIEW #: 4. BACKLOGGED :: 389.571%! ~~ 
23:43:10.054 WARN  ~~ LOOPS: 7. ENTITY #: 933//718. VIEW #: 4. BACKLOGGED :: 384.857%! ~~ 
23:43:11.119 WARN  ~~ LOOPS: 6. ENTITY #: 933//715. VIEW #: 4. BACKLOGGED :: 421.000%! ~~ 
23:43:12.145 WARN  ~~ LOOPS: 6. ENTITY #: 936//711. VIEW #: 4. BACKLOGGED :: 414.500%! ~~ 
23:43:13.269 WARN  ~~ LOOPS: 7. ENTITY #: 943//723. VIEW #: 4. BACKLOGGED :: 361.286%! ~~ 
23:43:14.382 WARN  ~~ LOOPS: 7. ENTITY #: 947//726. VIEW #: 4. BACKLOGGED :: 373.714%! ~~ 
23:43:15.505 WARN  ~~ LOOPS: 7. ENTITY #: 952//725. VIEW #: 4. BACKLOGGED :: 383.143%! ~~ 
23:43:16.637 WARN  ~~ LOOPS: 7. ENTITY #: 959//747. VIEW #: 4. BACKLOGGED :: 381.857%! ~~ 
23:43:17.668 WARN  ~~ LOOPS: 6. ENTITY #: 964//737. VIEW #: 4. BACKLOGGED :: 382.000%! ~~ 
23:43:18.715 WARN  ~~ LOOPS: 6. ENTITY #: 969//751. VIEW #: 4. BACKLOGGED :: 425.500%! ~~ 
23:43:19.782 WARN  ~~ LOOPS: 6. ENTITY #: 970//749. VIEW #: 4. BACKLOGGED :: 420.500%! ~~ 
23:43:20.849 WARN  ~~ LOOPS: 7. ENTITY #: 965//743. VIEW #: 4. BACKLOGGED :: 358.286%! ~~ 
23:43:21.876 WARN  ~~ LOOPS: 7. ENTITY #: 958//745. VIEW #: 4. BACKLOGGED :: 336.857%! ~~ 
23:43:22.960 WARN  ~~ LOOPS: 6. ENTITY #: 956//738. VIEW #: 4. BACKLOGGED :: 431.000%! ~~ 
23:43:24.027 WARN  ~~ LOOPS: 6. ENTITY #: 951//725. VIEW #: 4. BACKLOGGED :: 438.000%! ~~ 
23:43:25.069 WARN  ~~ LOOPS: 6. ENTITY #: 945//739. VIEW #: 4. BACKLOGGED :: 411.500%! ~~ 
23:43:26.184 WARN  ~~ LOOPS: 7. ENTITY #: 940//718. VIEW #: 4. BACKLOGGED :: 367.286%! ~~ 
23:43:27.252 WARN  ~~ LOOPS: 7. ENTITY #: 935//720. VIEW #: 4. BACKLOGGED :: 353.143%! ~~ 
23:43:28.350 WARN  ~~ LOOPS: 7. ENTITY #: 935//714. VIEW #: 4. BACKLOGGED :: 371.143%! ~~ 
23:43:29.463 WARN  ~~ LOOPS: 7. ENTITY #: 936//708. VIEW #: 4. BACKLOGGED :: 367.714%! ~~ 
23:43:30.601 WARN  ~~ LOOPS: 8. ENTITY #: 934//721. VIEW #: 4. BACKLOGGED :: 325.875%! ~~ 
23:43:31.724 WARN  ~~ LOOPS: 8. ENTITY #: 933//707. VIEW #: 4. BACKLOGGED :: 315.000%! ~~ 
23:43:32.756 WARN  ~~ LOOPS: 7. ENTITY #: 933//721. VIEW #: 4. BACKLOGGED :: 333.429%! ~~ 
23:43:33.838 WARN  ~~ LOOPS: 8. ENTITY #: 930//705. VIEW #: 4. BACKLOGGED :: 301.125%! ~~ 
23:43:34.903 WARN  ~~ LOOPS: 8. ENTITY #: 930//710. VIEW #: 4. BACKLOGGED :: 298.500%! ~~ 
23:43:35.989 WARN  ~~ LOOPS: 8. ENTITY #: 931//709. VIEW #: 4. BACKLOGGED :: 304.875%! ~~ 
23:43:37.016 WARN  ~~ LOOPS: 7. ENTITY #: 933//712. VIEW #: 4. BACKLOGGED :: 322.714%! ~~ 
23:43:38.035 WARN  ~~ LOOPS: 7. ENTITY #: 933//709. VIEW #: 4. BACKLOGGED :: 333.857%! ~~ 
23:43:39.104 WARN  ~~ LOOPS: 7. ENTITY #: 933//703. VIEW #: 4. BACKLOGGED :: 354.857%! ~~ 
23:43:40.204 WARN  ~~ LOOPS: 7. ENTITY #: 933//719. VIEW #: 4. BACKLOGGED :: 352.714%! ~~ 
23:43:41.231 WARN  ~~ LOOPS: 7. ENTITY #: 933//704. VIEW #: 4. BACKLOGGED :: 330.857%! ~~ 
23:43:42.317 WARN  ~~ LOOPS: 7. ENTITY #: 940//712. VIEW #: 4. BACKLOGGED :: 350.571%! ~~ 
23:43:43.423 WARN  ~~ LOOPS: 7. ENTITY #: 944//714. VIEW #: 4. BACKLOGGED :: 374.571%! ~~ 
23:43:44.479 WARN  ~~ LOOPS: 7. ENTITY #: 941//720. VIEW #: 4. BACKLOGGED :: 350.571%! ~~ 
23:43:45.597 WARN  ~~ LOOPS: 8. ENTITY #: 935//708. VIEW #: 4. BACKLOGGED :: 319.875%! ~~ 
23:43:46.702 WARN  ~~ LOOPS: 8. ENTITY #: 937//701. VIEW #: 4. BACKLOGGED :: 309.750%! ~~ 
23:43:47.781 WARN  ~~ LOOPS: 8. ENTITY #: 941//719. VIEW #: 4. BACKLOGGED :: 301.875%! ~~ 
23:43:48.852 WARN  ~~ LOOPS: 7. ENTITY #: 944//708. VIEW #: 4. BACKLOGGED :: 340.714%! ~~ 
23:43:49.853 WARN  ~~ LOOPS: 10. ENTITY #: 269//245. VIEW #: 4. BACKLOGGED :: 196.800%! ~~ 
23:45:08.419 WARN  ~~ LOOPS: 15. ENTITY #: 473//165. VIEW #: 4. BACKLOGGED :: 106.200%! ~~ 
23:45:09.501 WARN  ~~ LOOPS: 10. ENTITY #: 693//281. VIEW #: 4. BACKLOGGED :: 222.900%! ~~ 
23:45:10.557 WARN  ~~ LOOPS: 7. ENTITY #: 848//406. VIEW #: 4. BACKLOGGED :: 347.143%! ~~ 
23:45:11.663 WARN  ~~ LOOPS: 6. ENTITY #: 976//469. VIEW #: 4. BACKLOGGED :: 416.000%! ~~ 
23:45:12.824 WARN  ~~ LOOPS: 5. ENTITY #: 1085//548. VIEW #: 4. BACKLOGGED :: 581.400%! ~~ 
23:45:13.971 WARN  ~~ LOOPS: 4. ENTITY #: 1173//598. VIEW #: 4. BACKLOGGED :: 687.750%! ~~ 
23:45:15.275 WARN  ~~ LOOPS: 4. ENTITY #: 1259//659. VIEW #: 4. BACKLOGGED :: 826.500%! ~~ 
23:45:16.649 WARN  ~~ LOOPS: 4. ENTITY #: 1284//688. VIEW #: 4. BACKLOGGED :: 832.500%! ~~ 
23:45:18.051 WARN  ~~ LOOPS: 4. ENTITY #: 1277//694. VIEW #: 4. BACKLOGGED :: 864.750%! ~~ 
23:45:19.200 WARN  ~~ LOOPS: 3. ENTITY #: 1274//687. VIEW #: 4. BACKLOGGED :: 959.000%! ~~ 
23:45:20.630 WARN  ~~ LOOPS: 3. ENTITY #: 1275//690. VIEW #: 4. BACKLOGGED :: 1149.000%! ~~ 
23:45:21.863 WARN  ~~ LOOPS: 2. ENTITY #: 275//372. VIEW #: 4. BACKLOGGED :: 1743.000%! ~~ 
23:45:33.028 WARN  ~~ LOOPS: 14. ENTITY #: 307//73. VIEW #: 4. BACKLOGGED :: 116.357%! ~~ 
23:45:34.056 WARN  ~~ LOOPS: 13. ENTITY #: 313//83. VIEW #: 4. BACKLOGGED :: 135.231%! ~~ 
23:45:35.084 WARN  ~~ LOOPS: 13. ENTITY #: 307//85. VIEW #: 4. BACKLOGGED :: 136.615%! ~~ 
23:45:36.092 WARN  ~~ LOOPS: 13. ENTITY #: 298//76. VIEW #: 4. BACKLOGGED :: 125.308%! ~~ 
23:45:37.101 WARN  ~~ LOOPS: 15. ENTITY #: 283//64. VIEW #: 4. BACKLOGGED :: 105.400%! ~~ 
23:45:43.188 WARN  ~~ LOOPS: 14. ENTITY #: 295//67. VIEW #: 4. BACKLOGGED :: 106.071%! ~~ 
23:45:44.194 WARN  ~~ LOOPS: 15. ENTITY #: 296//66. VIEW #: 4. BACKLOGGED :: 104.800%! ~~ 
23:45:45.199 WARN  ~~ LOOPS: 14. ENTITY #: 296//65. VIEW #: 4. BACKLOGGED :: 109.071%! ~~ 
23:45:46.236 WARN  ~~ LOOPS: 15. ENTITY #: 303//68. VIEW #: 4. BACKLOGGED :: 111.600%! ~~ 
23:45:47.244 WARN  ~~ LOOPS: 13. ENTITY #: 310//77. VIEW #: 4. BACKLOGGED :: 130.154%! ~~ 
23:45:48.278 WARN  ~~ LOOPS: 13. ENTITY #: 311//80. VIEW #: 4. BACKLOGGED :: 137.077%! ~~ 
23:45:49.283 WARN  ~~ LOOPS: 13. ENTITY #: 312//82. VIEW #: 4. BACKLOGGED :: 126.231%! ~~ 
23:45:50.293 WARN  ~~ LOOPS: 13. ENTITY #: 311//81. VIEW #: 4. BACKLOGGED :: 136.154%! ~~ 
23:45:51.303 WARN  ~~ LOOPS: 13. ENTITY #: 312//80. VIEW #: 4. BACKLOGGED :: 129.923%! ~~ 
23:45:52.308 WARN  ~~ LOOPS: 13. ENTITY #: 306//79. VIEW #: 4. BACKLOGGED :: 131.077%! ~~ 
23:45:53.315 WARN  ~~ LOOPS: 14. ENTITY #: 295//71. VIEW #: 4. BACKLOGGED :: 114.214%! ~~ 
23:45:58.350 WARN  ~~ LOOPS: 14. ENTITY #: 307//71. VIEW #: 4. BACKLOGGED :: 108.429%! ~~ 
23:45:59.381 WARN  ~~ LOOPS: 14. ENTITY #: 310//78. VIEW #: 4. BACKLOGGED :: 124.071%! ~~ 
23:46:00.386 WARN  ~~ LOOPS: 13. ENTITY #: 312//81. VIEW #: 4. BACKLOGGED :: 126.692%! ~~ 
23:46:01.395 WARN  ~~ LOOPS: 13. ENTITY #: 302//77. VIEW #: 4. BACKLOGGED :: 127.615%! ~~ 
23:46:02.406 WARN  ~~ LOOPS: 14. ENTITY #: 294//67. VIEW #: 4. BACKLOGGED :: 114.857%! ~~ 
23:46:03.429 WARN  ~~ LOOPS: 15. ENTITY #: 295//64. VIEW #: 4. BACKLOGGED :: 103.400%! ~~ 
23:46:04.467 WARN  ~~ LOOPS: 15. ENTITY #: 301//66. VIEW #: 4. BACKLOGGED :: 105.800%! ~~ 
23:46:05.515 WARN  ~~ LOOPS: 14. ENTITY #: 309//76. VIEW #: 4. BACKLOGGED :: 124.071%! ~~ 
23:46:06.522 WARN  ~~ LOOPS: 13. ENTITY #: 306//78. VIEW #: 4. BACKLOGGED :: 126.231%! ~~ 
23:46:07.527 WARN  ~~ LOOPS: 14. ENTITY #: 304//74. VIEW #: 4. BACKLOGGED :: 117.857%! ~~ 
23:46:08.534 WARN  ~~ LOOPS: 14. ENTITY #: 292//67. VIEW #: 4. BACKLOGGED :: 110.143%! ~~ 
23:46:37.889 WARN  ~~ LOOPS: 12. ENTITY #: 279//96. VIEW #: 4. BACKLOGGED :: 153.750%! ~~ 
23:46:38.898 WARN  ~~ LOOPS: 10. ENTITY #: 279//132. VIEW #: 4. BACKLOGGED :: 203.400%! ~~ 
23:46:39.905 WARN  ~~ LOOPS: 9. ENTITY #: 279//139. VIEW #: 4. BACKLOGGED :: 227.000%! ~~ 
23:46:40.980 WARN  ~~ LOOPS: 10. ENTITY #: 279//147. VIEW #: 4. BACKLOGGED :: 229.500%! ~~ 
23:46:41.992 WARN  ~~ LOOPS: 8. ENTITY #: 279//172. VIEW #: 4. BACKLOGGED :: 274.875%! ~~ 
23:46:43.084 WARN  ~~ LOOPS: 8. ENTITY #: 279//201. VIEW #: 4. BACKLOGGED :: 310.125%! ~~ 
23:46:44.111 WARN  ~~ LOOPS: 7. ENTITY #: 279//215. VIEW #: 4. BACKLOGGED :: 338.143%! ~~ 
23:46:45.220 WARN  ~~ LOOPS: 7. ENTITY #: 279//224. VIEW #: 4. BACKLOGGED :: 373.286%! ~~ 
23:46:46.246 WARN  ~~ LOOPS: 6. ENTITY #: 279//234. VIEW #: 4. BACKLOGGED :: 411.000%! ~~ 
23:46:47.280 WARN  ~~ LOOPS: 6. ENTITY #: 279//241. VIEW #: 4. BACKLOGGED :: 397.000%! ~~ 
23:46:48.343 WARN  ~~ LOOPS: 6. ENTITY #: 280//247. VIEW #: 4. BACKLOGGED :: 429.500%! ~~ 
23:46:49.358 WARN  ~~ LOOPS: 6. ENTITY #: 278//249. VIEW #: 4. BACKLOGGED :: 408.500%! ~~ 
23:46:50.365 WARN  ~~ LOOPS: 6. ENTITY #: 278//247. VIEW #: 4. BACKLOGGED :: 397.500%! ~~ 
23:46:51.392 WARN  ~~ LOOPS: 6. ENTITY #: 272//247. VIEW #: 4. BACKLOGGED :: 417.500%! ~~ 
23:46:52.412 WARN  ~~ LOOPS: 6. ENTITY #: 266//240. VIEW #: 4. BACKLOGGED :: 406.500%! ~~ 
23:46:53.423 WARN  ~~ LOOPS: 6. ENTITY #: 258//235. VIEW #: 4. BACKLOGGED :: 388.000%! ~~ 
23:46:54.484 WARN  ~~ LOOPS: 7. ENTITY #: 248//226. VIEW #: 4. BACKLOGGED :: 364.714%! ~~ 
23:46:55.634 WARN  ~~ LOOPS: 7. ENTITY #: 246//220. VIEW #: 4. BACKLOGGED :: 387.857%! ~~ 
23:46:56.710 WARN  ~~ LOOPS: 7. ENTITY #: 240//218. VIEW #: 4. BACKLOGGED :: 364.286%! ~~ 
23:46:57.768 WARN  ~~ LOOPS: 7. ENTITY #: 236//215. VIEW #: 4. BACKLOGGED :: 351.429%! ~~ 
23:46:58.824 WARN  ~~ LOOPS: 7. ENTITY #: 233//216. VIEW #: 4. BACKLOGGED :: 349.714%! ~~ 
23:46:59.893 WARN  ~~ LOOPS: 7. ENTITY #: 231//216. VIEW #: 4. BACKLOGGED :: 355.286%! ~~ 
23:47:00.903 WARN  ~~ LOOPS: 7. ENTITY #: 230//214. VIEW #: 4. BACKLOGGED :: 332.143%! ~~ 
23:47:01.949 WARN  ~~ LOOPS: 7. ENTITY #: 233//216. VIEW #: 4. BACKLOGGED :: 345.857%! ~~ 
23:47:03.037 WARN  ~~ LOOPS: 7. ENTITY #: 235//220. VIEW #: 4. BACKLOGGED :: 366.000%! ~~ 
23:47:04.054 WARN  ~~ LOOPS: 7. ENTITY #: 240//224. VIEW #: 4. BACKLOGGED :: 333.429%! ~~ 
23:47:05.115 WARN  ~~ LOOPS: 7. ENTITY #: 241//229. VIEW #: 4. BACKLOGGED :: 353.571%! ~~ 
23:47:06.246 WARN  ~~ LOOPS: 7. ENTITY #: 246//231. VIEW #: 4. BACKLOGGED :: 384.000%! ~~ 
23:47:07.368 WARN  ~~ LOOPS: 7. ENTITY #: 248//236. VIEW #: 4. BACKLOGGED :: 381.000%! ~~ 
23:47:08.488 WARN  ~~ LOOPS: 7. ENTITY #: 249//238. VIEW #: 4. BACKLOGGED :: 377.143%! ~~ 
23:47:09.539 WARN  ~~ LOOPS: 6. ENTITY #: 250//239. VIEW #: 4. BACKLOGGED :: 424.000%! ~~ 
23:47:10.664 WARN  ~~ LOOPS: 7. ENTITY #: 252//241. VIEW #: 4. BACKLOGGED :: 382.286%! ~~ 
23:47:11.671 WARN  ~~ LOOPS: 6. ENTITY #: 252//243. VIEW #: 4. BACKLOGGED :: 399.000%! ~~ 
23:47:12.691 WARN  ~~ LOOPS: 6. ENTITY #: 254//243. VIEW #: 4. BACKLOGGED :: 392.000%! ~~ 
23:47:13.697 WARN  ~~ LOOPS: 6. ENTITY #: 256//245. VIEW #: 4. BACKLOGGED :: 388.000%! ~~ 
23:47:14.702 WARN  ~~ LOOPS: 6. ENTITY #: 257//247. VIEW #: 4. BACKLOGGED :: 402.500%! ~~ 
23:47:15.710 WARN  ~~ LOOPS: 6. ENTITY #: 258//248. VIEW #: 4. BACKLOGGED :: 412.000%! ~~ 
23:47:16.779 WARN  ~~ LOOPS: 6. ENTITY #: 260//251. VIEW #: 4. BACKLOGGED :: 437.000%! ~~ 
23:47:17.800 WARN  ~~ LOOPS: 6. ENTITY #: 261//251. VIEW #: 4. BACKLOGGED :: 408.500%! ~~ 
23:47:18.875 WARN  ~~ LOOPS: 6. ENTITY #: 260//252. VIEW #: 4. BACKLOGGED :: 433.500%! ~~ 
23:47:19.934 WARN  ~~ LOOPS: 6. ENTITY #: 258//251. VIEW #: 4. BACKLOGGED :: 427.500%! ~~ 
23:47:21.025 WARN  ~~ LOOPS: 6. ENTITY #: 260//252. VIEW #: 4. BACKLOGGED :: 444.500%! ~~ 
23:47:22.098 WARN  ~~ LOOPS: 6. ENTITY #: 264//255. VIEW #: 4. BACKLOGGED :: 433.500%! ~~ 
23:47:23.180 WARN  ~~ LOOPS: 6. ENTITY #: 265//259. VIEW #: 4. BACKLOGGED :: 439.000%! ~~ 
23:47:24.291 WARN  ~~ LOOPS: 6. ENTITY #: 265//260. VIEW #: 4. BACKLOGGED :: 453.500%! ~~ 
23:47:25.414 WARN  ~~ LOOPS: 6. ENTITY #: 265//261. VIEW #: 4. BACKLOGGED :: 460.000%! ~~ 
23:47:26.531 WARN  ~~ LOOPS: 6. ENTITY #: 266//261. VIEW #: 4. BACKLOGGED :: 456.000%! ~~ 
23:47:27.654 WARN  ~~ LOOPS: 6. ENTITY #: 266//263. VIEW #: 4. BACKLOGGED :: 460.500%! ~~ 
23:47:28.737 WARN  ~~ LOOPS: 6. ENTITY #: 267//262. VIEW #: 4. BACKLOGGED :: 441.000%! ~~ 
23:47:29.856 WARN  ~~ LOOPS: 6. ENTITY #: 268//264. VIEW #: 4. BACKLOGGED :: 459.000%! ~~ 
23:47:30.894 WARN  ~~ LOOPS: 6. ENTITY #: 268//265. VIEW #: 4. BACKLOGGED :: 417.500%! ~~ 
23:47:32.007 WARN  ~~ LOOPS: 6. ENTITY #: 273//268. VIEW #: 4. BACKLOGGED :: 454.500%! ~~ 
23:47:33.097 WARN  ~~ LOOPS: 6. ENTITY #: 273//270. VIEW #: 4. BACKLOGGED :: 444.000%! ~~ 
23:47:34.139 WARN  ~~ LOOPS: 5. ENTITY #: 276//271. VIEW #: 4. BACKLOGGED :: 523.200%! ~~ 
23:47:35.278 WARN  ~~ LOOPS: 6. ENTITY #: 282//276. VIEW #: 4. BACKLOGGED :: 468.500%! ~~ 
23:47:36.297 WARN  ~~ LOOPS: 5. ENTITY #: 287//281. VIEW #: 4. BACKLOGGED :: 510.600%! ~~ 
23:47:37.303 WARN  ~~ LOOPS: 5. ENTITY #: 289//286. VIEW #: 4. BACKLOGGED :: 486.000%! ~~ 
23:47:38.424 WARN  ~~ LOOPS: 6. ENTITY #: 296//290. VIEW #: 4. BACKLOGGED :: 470.500%! ~~ 
23:47:39.481 WARN  ~~ LOOPS: 5. ENTITY #: 297//293. VIEW #: 4. BACKLOGGED :: 507.000%! ~~ 
23:47:40.509 WARN  ~~ LOOPS: 5. ENTITY #: 298//294. VIEW #: 4. BACKLOGGED :: 514.800%! ~~ 
23:47:41.545 WARN  ~~ LOOPS: 5. ENTITY #: 298//296. VIEW #: 4. BACKLOGGED :: 520.800%! ~~ 
23:47:42.557 WARN  ~~ LOOPS: 5. ENTITY #: 300//296. VIEW #: 4. BACKLOGGED :: 505.200%! ~~ 
23:47:43.703 WARN  ~~ LOOPS: 6. ENTITY #: 296//291. VIEW #: 4. BACKLOGGED :: 473.500%! ~~ 
23:47:44.726 WARN  ~~ LOOPS: 5. ENTITY #: 292//285. VIEW #: 4. BACKLOGGED :: 511.200%! ~~ 
23:47:45.754 WARN  ~~ LOOPS: 5. ENTITY #: 287//280. VIEW #: 4. BACKLOGGED :: 514.200%! ~~ 
23:47:46.787 WARN  ~~ LOOPS: 5. ENTITY #: 284//274. VIEW #: 4. BACKLOGGED :: 520.800%! ~~ 
23:47:47.940 WARN  ~~ LOOPS: 6. ENTITY #: 278//265. VIEW #: 4. BACKLOGGED :: 474.000%! ~~ 
23:47:49.031 WARN  ~~ LOOPS: 6. ENTITY #: 278//262. VIEW #: 4. BACKLOGGED :: 444.000%! ~~ 
23:47:50.171 WARN  ~~ LOOPS: 6. ENTITY #: 281//259. VIEW #: 4. BACKLOGGED :: 468.500%! ~~ 
23:47:51.254 WARN  ~~ LOOPS: 6. ENTITY #: 280//257. VIEW #: 4. BACKLOGGED :: 439.000%! ~~ 
23:47:52.307 WARN  ~~ LOOPS: 6. ENTITY #: 280//254. VIEW #: 4. BACKLOGGED :: 426.500%! ~~ 
23:47:53.338 WARN  ~~ LOOPS: 6. ENTITY #: 279//252. VIEW #: 4. BACKLOGGED :: 414.500%! ~~ 
23:47:54.400 WARN  ~~ LOOPS: 6. ENTITY #: 278//252. VIEW #: 4. BACKLOGGED :: 430.500%! ~~ 
23:47:55.421 WARN  ~~ LOOPS: 6. ENTITY #: 276//249. VIEW #: 4. BACKLOGGED :: 408.500%! ~~ 
23:47:56.518 WARN  ~~ LOOPS: 6. ENTITY #: 277//246. VIEW #: 4. BACKLOGGED :: 446.500%! ~~ 
23:47:57.524 WARN  ~~ LOOPS: 6. ENTITY #: 279//246. VIEW #: 4. BACKLOGGED :: 393.000%! ~~ 
23:47:58.529 WARN  ~~ LOOPS: 6. ENTITY #: 280//249. VIEW #: 4. BACKLOGGED :: 398.500%! ~~ 
23:47:59.534 WARN  ~~ LOOPS: 6. ENTITY #: 280//246. VIEW #: 4. BACKLOGGED :: 405.500%! ~~ 
23:48:00.676 WARN  ~~ LOOPS: 7. ENTITY #: 280//242. VIEW #: 4. BACKLOGGED :: 393.857%! ~~ 
23:48:01.748 WARN  ~~ LOOPS: 6. ENTITY #: 281//237. VIEW #: 4. BACKLOGGED :: 433.500%! ~~ 
23:48:02.755 WARN  ~~ LOOPS: 6. ENTITY #: 280//226. VIEW #: 4. BACKLOGGED :: 389.500%! ~~ 
23:48:03.808 WARN  ~~ LOOPS: 7. ENTITY #: 278//217. VIEW #: 4. BACKLOGGED :: 360.429%! ~~ 
23:48:04.937 WARN  ~~ LOOPS: 7. ENTITY #: 279//213. VIEW #: 4. BACKLOGGED :: 383.571%! ~~ 
23:48:05.973 WARN  ~~ LOOPS: 6. ENTITY #: 281//211. VIEW #: 4. BACKLOGGED :: 394.500%! ~~ 
23:48:07.074 WARN  ~~ LOOPS: 7. ENTITY #: 282//208. VIEW #: 4. BACKLOGGED :: 371.571%! ~~ 
23:48:08.151 WARN  ~~ LOOPS: 7. ENTITY #: 282//202. VIEW #: 4. BACKLOGGED :: 360.000%! ~~ 
23:48:09.191 WARN  ~~ LOOPS: 7. ENTITY #: 282//193. VIEW #: 4. BACKLOGGED :: 344.571%! ~~ 
23:48:10.196 WARN  ~~ LOOPS: 7. ENTITY #: 281//184. VIEW #: 4. BACKLOGGED :: 323.143%! ~~ 
23:48:11.294 WARN  ~~ LOOPS: 8. ENTITY #: 281//175. VIEW #: 4. BACKLOGGED :: 316.875%! ~~ 
23:48:12.338 WARN  ~~ LOOPS: 8. ENTITY #: 285//160. VIEW #: 4. BACKLOGGED :: 287.250%! ~~ 
23:48:13.405 WARN  ~~ LOOPS: 8. ENTITY #: 287//150. VIEW #: 4. BACKLOGGED :: 297.750%! ~~ 
23:48:14.447 WARN  ~~ LOOPS: 9. ENTITY #: 287//140. VIEW #: 4. BACKLOGGED :: 248.000%! ~~ 
23:48:15.482 WARN  ~~ LOOPS: 9. ENTITY #: 288//137. VIEW #: 4. BACKLOGGED :: 243.333%! ~~ 
23:48:16.488 WARN  ~~ LOOPS: 9. ENTITY #: 285//133. VIEW #: 4. BACKLOGGED :: 226.000%! ~~ 
23:48:17.516 WARN  ~~ LOOPS: 10. ENTITY #: 284//129. VIEW #: 4. BACKLOGGED :: 214.200%! ~~ 
23:48:18.572 WARN  ~~ LOOPS: 10. ENTITY #: 281//125. VIEW #: 4. BACKLOGGED :: 217.200%! ~~ 
23:48:19.600 WARN  ~~ LOOPS: 10. ENTITY #: 284//125. VIEW #: 4. BACKLOGGED :: 206.400%! ~~ 
23:48:20.677 WARN  ~~ LOOPS: 10. ENTITY #: 281//123. VIEW #: 4. BACKLOGGED :: 219.900%! ~~ 
23:48:21.681 WARN  ~~ LOOPS: 10. ENTITY #: 282//121. VIEW #: 4. BACKLOGGED :: 197.400%! ~~ 
23:48:22.685 WARN  ~~ LOOPS: 10. ENTITY #: 283//119. VIEW #: 4. BACKLOGGED :: 195.900%! ~~ 
23:48:23.733 WARN  ~~ LOOPS: 11. ENTITY #: 283//118. VIEW #: 4. BACKLOGGED :: 190.091%! ~~ 
23:48:24.776 WARN  ~~ LOOPS: 11. ENTITY #: 285//116. VIEW #: 4. BACKLOGGED :: 183.545%! ~~ 
23:48:25.808 WARN  ~~ LOOPS: 10. ENTITY #: 283//108. VIEW #: 4. BACKLOGGED :: 208.200%! ~~ 
23:48:26.838 WARN  ~~ LOOPS: 10. ENTITY #: 285//103. VIEW #: 4. BACKLOGGED :: 207.000%! ~~ 
23:48:27.848 WARN  ~~ LOOPS: 10. ENTITY #: 283//93. VIEW #: 4. BACKLOGGED :: 202.500%! ~~ 
23:48:28.860 WARN  ~~ LOOPS: 12. ENTITY #: 282//89. VIEW #: 4. BACKLOGGED :: 151.500%! ~~ 
23:48:29.865 WARN  ~~ LOOPS: 13. ENTITY #: 279//82. VIEW #: 4. BACKLOGGED :: 127.846%! ~~ 
23:48:30.883 WARN  ~~ LOOPS: 14. ENTITY #: 284//77. VIEW #: 4. BACKLOGGED :: 120.000%! ~~ 
23:48:31.891 WARN  ~~ LOOPS: 13. ENTITY #: 286//80. VIEW #: 4. BACKLOGGED :: 128.769%! ~~ 
23:48:32.929 WARN  ~~ LOOPS: 14. ENTITY #: 285//79. VIEW #: 4. BACKLOGGED :: 123.857%! ~~ 
23:48:33.953 WARN  ~~ LOOPS: 14. ENTITY #: 280//72. VIEW #: 4. BACKLOGGED :: 117.857%! ~~ 
23:48:34.957 WARN  ~~ LOOPS: 14. ENTITY #: 281//71. VIEW #: 4. BACKLOGGED :: 112.929%! ~~ 
23:48:35.966 WARN  ~~ LOOPS: 15. ENTITY #: 281//70. VIEW #: 4. BACKLOGGED :: 101.800%! ~~ 
23:48:37.978 WARN  ~~ LOOPS: 14. ENTITY #: 281//69. VIEW #: 4. BACKLOGGED :: 107.571%! ~~ 
23:48:38.987 WARN  ~~ LOOPS: 15. ENTITY #: 282//69. VIEW #: 4. BACKLOGGED :: 101.800%! ~~ 
23:48:40.020 WARN  ~~ LOOPS: 14. ENTITY #: 281//75. VIEW #: 4. BACKLOGGED :: 120.000%! ~~ 
23:48:41.028 WARN  ~~ LOOPS: 13. ENTITY #: 281//81. VIEW #: 4. BACKLOGGED :: 131.308%! ~~ 
23:48:42.034 WARN  ~~ LOOPS: 13. ENTITY #: 281//84. VIEW #: 4. BACKLOGGED :: 128.538%! ~~ 
23:48:43.067 WARN  ~~ LOOPS: 14. ENTITY #: 280//83. VIEW #: 4. BACKLOGGED :: 121.714%! ~~ 
23:48:44.073 WARN  ~~ LOOPS: 13. ENTITY #: 280//81. VIEW #: 4. BACKLOGGED :: 124.385%! ~~ 
23:48:45.093 WARN  ~~ LOOPS: 14. ENTITY #: 280//81. VIEW #: 4. BACKLOGGED :: 123.857%! ~~ 
23:48:46.098 WARN  ~~ LOOPS: 13. ENTITY #: 280//80. VIEW #: 4. BACKLOGGED :: 127.615%! ~~ 
23:48:47.105 WARN  ~~ LOOPS: 13. ENTITY #: 281//79. VIEW #: 4. BACKLOGGED :: 128.077%! ~~ 
23:48:48.111 WARN  ~~ LOOPS: 13. ENTITY #: 281//80. VIEW #: 4. BACKLOGGED :: 130.154%! ~~ 
23:48:49.130 WARN  ~~ LOOPS: 14. ENTITY #: 281//80. VIEW #: 4. BACKLOGGED :: 121.929%! ~~ 
23:48:50.181 WARN  ~~ LOOPS: 14. ENTITY #: 281//81. VIEW #: 4. BACKLOGGED :: 124.929%! ~~ 
23:48:51.189 WARN  ~~ LOOPS: 13. ENTITY #: 281//81. VIEW #: 4. BACKLOGGED :: 130.154%! ~~ 
23:48:52.195 WARN  ~~ LOOPS: 13. ENTITY #: 281//80. VIEW #: 4. BACKLOGGED :: 131.538%! ~~ 
23:48:53.208 WARN  ~~ LOOPS: 13. ENTITY #: 281//79. VIEW #: 4. BACKLOGGED :: 131.769%! ~~ 
23:48:54.242 WARN  ~~ LOOPS: 13. ENTITY #: 281//81. VIEW #: 4. BACKLOGGED :: 137.308%! ~~ 
23:48:55.263 WARN  ~~ LOOPS: 13. ENTITY #: 281//81. VIEW #: 4. BACKLOGGED :: 134.538%! ~~ 
23:48:56.286 WARN  ~~ LOOPS: 13. ENTITY #: 281//81. VIEW #: 4. BACKLOGGED :: 134.538%! ~~ 
23:48:57.285 WARN  ~~ LOOPS: 12. ENTITY #: 281//80. VIEW #: 4. BACKLOGGED :: 142.750%! ~~ 
23:48:58.288 WARN  ~~ LOOPS: 13. ENTITY #: 281//81. VIEW #: 4. BACKLOGGED :: 135.000%! ~~ 
23:48:59.323 WARN  ~~ LOOPS: 13. ENTITY #: 281//81. VIEW #: 4. BACKLOGGED :: 137.769%! ~~ 
23:49:00.334 WARN  ~~ LOOPS: 13. ENTITY #: 282//80. VIEW #: 4. BACKLOGGED :: 132.000%! ~~ 
23:49:01.333 WARN  ~~ LOOPS: 13. ENTITY #: 282//80. VIEW #: 4. BACKLOGGED :: 127.154%! ~~ 
23:49:02.360 WARN  ~~ LOOPS: 13. ENTITY #: 283//80. VIEW #: 4. BACKLOGGED :: 135.462%! ~~ 
23:49:03.361 WARN  ~~ LOOPS: 13. ENTITY #: 283//81. VIEW #: 4. BACKLOGGED :: 126.231%! ~~ 
23:49:04.395 WARN  ~~ LOOPS: 14. ENTITY #: 283//83. VIEW #: 4. BACKLOGGED :: 123.214%! ~~ 
23:49:05.409 WARN  ~~ LOOPS: 13. ENTITY #: 283//84. VIEW #: 4. BACKLOGGED :: 131.769%! ~~ 
23:49:06.425 WARN  ~~ LOOPS: 13. ENTITY #: 282//86. VIEW #: 4. BACKLOGGED :: 133.615%! ~~ 
23:49:07.452 WARN  ~~ LOOPS: 12. ENTITY #: 282//91. VIEW #: 4. BACKLOGGED :: 155.250%! ~~ 
23:49:08.452 WARN  ~~ LOOPS: 12. ENTITY #: 282//92. VIEW #: 4. BACKLOGGED :: 146.000%! ~~ 
23:49:09.460 WARN  ~~ LOOPS: 12. ENTITY #: 282//91. VIEW #: 4. BACKLOGGED :: 153.250%! ~~ 
23:49:10.460 WARN  ~~ LOOPS: 12. ENTITY #: 282//92. VIEW #: 4. BACKLOGGED :: 144.250%! ~~ 
23:49:11.531 WARN  ~~ LOOPS: 13. ENTITY #: 283//93. VIEW #: 4. BACKLOGGED :: 150.231%! ~~ 
23:49:12.557 WARN  ~~ LOOPS: 12. ENTITY #: 282//92. VIEW #: 4. BACKLOGGED :: 147.000%! ~~ 
23:49:13.595 WARN  ~~ LOOPS: 13. ENTITY #: 281//91. VIEW #: 4. BACKLOGGED :: 138.000%! ~~ 
23:49:14.595 WARN  ~~ LOOPS: 12. ENTITY #: 281//95. VIEW #: 4. BACKLOGGED :: 143.250%! ~~ 
23:49:15.634 WARN  ~~ LOOPS: 13. ENTITY #: 281//93. VIEW #: 4. BACKLOGGED :: 142.615%! ~~ 
23:49:16.662 WARN  ~~ LOOPS: 13. ENTITY #: 280//92. VIEW #: 4. BACKLOGGED :: 136.615%! ~~ 
23:49:17.702 WARN  ~~ LOOPS: 13. ENTITY #: 281//92. VIEW #: 4. BACKLOGGED :: 139.385%! ~~ 
23:49:18.702 WARN  ~~ LOOPS: 12. ENTITY #: 280//96. VIEW #: 4. BACKLOGGED :: 146.500%! ~~ 
23:49:19.703 WARN  ~~ LOOPS: 12. ENTITY #: 281//94. VIEW #: 4. BACKLOGGED :: 146.250%! ~~ 
23:49:20.741 WARN  ~~ LOOPS: 13. ENTITY #: 279//91. VIEW #: 4. BACKLOGGED :: 140.077%! ~~ 
23:49:21.772 WARN  ~~ LOOPS: 13. ENTITY #: 277//86. VIEW #: 4. BACKLOGGED :: 137.077%! ~~ 
23:49:22.776 WARN  ~~ LOOPS: 13. ENTITY #: 277//86. VIEW #: 4. BACKLOGGED :: 130.154%! ~~ 
23:49:23.779 WARN  ~~ LOOPS: 13. ENTITY #: 277//85. VIEW #: 4. BACKLOGGED :: 130.385%! ~~ 
23:49:24.816 WARN  ~~ LOOPS: 13. ENTITY #: 277//83. VIEW #: 4. BACKLOGGED :: 138.692%! ~~ 
23:49:25.816 WARN  ~~ LOOPS: 13. ENTITY #: 277//83. VIEW #: 4. BACKLOGGED :: 129.000%! ~~ 
23:49:26.845 WARN  ~~ LOOPS: 13. ENTITY #: 276//84. VIEW #: 4. BACKLOGGED :: 136.154%! ~~ 
23:49:27.870 WARN  ~~ LOOPS: 13. ENTITY #: 275//83. VIEW #: 4. BACKLOGGED :: 135.000%! ~~ 
23:49:28.870 WARN  ~~ LOOPS: 13. ENTITY #: 275//82. VIEW #: 4. BACKLOGGED :: 126.231%! ~~ 
23:49:29.873 WARN  ~~ LOOPS: 13. ENTITY #: 274//81. VIEW #: 4. BACKLOGGED :: 132.923%! ~~ 
23:49:30.915 WARN  ~~ LOOPS: 12. ENTITY #: 273//81. VIEW #: 4. BACKLOGGED :: 158.000%! ~~ 
23:49:31.915 WARN  ~~ LOOPS: 13. ENTITY #: 274//82. VIEW #: 4. BACKLOGGED :: 128.769%! ~~ 
23:49:32.950 WARN  ~~ LOOPS: 14. ENTITY #: 271//81. VIEW #: 4. BACKLOGGED :: 121.286%! ~~ 
23:49:33.951 WARN  ~~ LOOPS: 13. ENTITY #: 275//81. VIEW #: 4. BACKLOGGED :: 129.692%! ~~ 
23:49:34.987 WARN  ~~ LOOPS: 13. ENTITY #: 274//82. VIEW #: 4. BACKLOGGED :: 138.000%! ~~ 
23:49:35.986 WARN  ~~ LOOPS: 12. ENTITY #: 273//85. VIEW #: 4. BACKLOGGED :: 146.250%! ~~ 
23:49:36.987 WARN  ~~ LOOPS: 12. ENTITY #: 273//87. VIEW #: 4. BACKLOGGED :: 143.500%! ~~ 
23:49:38.012 WARN  ~~ LOOPS: 13. ENTITY #: 274//88. VIEW #: 4. BACKLOGGED :: 141.923%! ~~ 
23:49:39.017 WARN  ~~ LOOPS: 12. ENTITY #: 273//92. VIEW #: 4. BACKLOGGED :: 143.750%! ~~ 
23:49:40.055 WARN  ~~ LOOPS: 13. ENTITY #: 273//95. VIEW #: 4. BACKLOGGED :: 142.615%! ~~ 
23:49:41.061 WARN  ~~ LOOPS: 11. ENTITY #: 276//103. VIEW #: 4. BACKLOGGED :: 165.818%! ~~ 
23:49:42.100 WARN  ~~ LOOPS: 11. ENTITY #: 276//105. VIEW #: 4. BACKLOGGED :: 188.727%! ~~ 
23:49:43.106 WARN  ~~ LOOPS: 11. ENTITY #: 274//108. VIEW #: 4. BACKLOGGED :: 173.455%! ~~ 
23:49:44.111 WARN  ~~ LOOPS: 11. ENTITY #: 275//110. VIEW #: 4. BACKLOGGED :: 171.000%! ~~ 
23:49:45.116 WARN  ~~ LOOPS: 11. ENTITY #: 275//111. VIEW #: 4. BACKLOGGED :: 172.364%! ~~ 
23:49:46.123 WARN  ~~ LOOPS: 10. ENTITY #: 275//118. VIEW #: 4. BACKLOGGED :: 202.200%! ~~ 
23:49:47.152 WARN  ~~ LOOPS: 10. ENTITY #: 276//125. VIEW #: 4. BACKLOGGED :: 205.800%! ~~ 
23:49:48.208 WARN  ~~ LOOPS: 10. ENTITY #: 276//133. VIEW #: 4. BACKLOGGED :: 216.300%! ~~ 
23:49:49.214 WARN  ~~ LOOPS: 9. ENTITY #: 275//134. VIEW #: 4. BACKLOGGED :: 227.667%! ~~ 
23:49:50.220 WARN  ~~ LOOPS: 9. ENTITY #: 276//134. VIEW #: 4. BACKLOGGED :: 232.000%! ~~ 
23:49:51.294 WARN  ~~ LOOPS: 10. ENTITY #: 276//136. VIEW #: 4. BACKLOGGED :: 228.600%! ~~ 
23:49:52.367 WARN  ~~ LOOPS: 10. ENTITY #: 276//134. VIEW #: 4. BACKLOGGED :: 220.800%! ~~ 
23:49:53.376 WARN  ~~ LOOPS: 10. ENTITY #: 275//133. VIEW #: 4. BACKLOGGED :: 202.800%! ~~ 
23:49:54.420 WARN  ~~ LOOPS: 10. ENTITY #: 276//133. VIEW #: 4. BACKLOGGED :: 211.200%! ~~ 
23:49:55.440 WARN  ~~ LOOPS: 10. ENTITY #: 278//133. VIEW #: 4. BACKLOGGED :: 205.800%! ~~ 
23:49:56.446 WARN  ~~ LOOPS: 9. ENTITY #: 276//131. VIEW #: 4. BACKLOGGED :: 212.667%! ~~ 
23:49:57.455 WARN  ~~ LOOPS: 10. ENTITY #: 277//130. VIEW #: 4. BACKLOGGED :: 207.600%! ~~ 
23:49:58.461 WARN  ~~ LOOPS: 10. ENTITY #: 277//131. VIEW #: 4. BACKLOGGED :: 202.500%! ~~ 
23:49:59.469 WARN  ~~ LOOPS: 10. ENTITY #: 276//128. VIEW #: 4. BACKLOGGED :: 201.900%! ~~ 
23:50:00.498 WARN  ~~ LOOPS: 10. ENTITY #: 277//129. VIEW #: 4. BACKLOGGED :: 207.300%! ~~ 
23:50:01.595 WARN  ~~ LOOPS: 10. ENTITY #: 278//125. VIEW #: 4. BACKLOGGED :: 225.000%! ~~ 
23:50:02.656 WARN  ~~ LOOPS: 9. ENTITY #: 278//123. VIEW #: 4. BACKLOGGED :: 253.000%! ~~ 
23:50:03.714 WARN  ~~ LOOPS: 10. ENTITY #: 277//121. VIEW #: 4. BACKLOGGED :: 217.200%! ~~ 
23:50:04.720 WARN  ~~ LOOPS: 10. ENTITY #: 278//116. VIEW #: 4. BACKLOGGED :: 199.200%! ~~ 
23:50:05.726 WARN  ~~ LOOPS: 10. ENTITY #: 278//116. VIEW #: 4. BACKLOGGED :: 194.100%! ~~ 
23:50:06.790 WARN  ~~ LOOPS: 11. ENTITY #: 278//110. VIEW #: 4. BACKLOGGED :: 195.273%! ~~ 
23:50:07.821 WARN  ~~ LOOPS: 11. ENTITY #: 279//105. VIEW #: 4. BACKLOGGED :: 178.909%! ~~ 
23:50:08.867 WARN  ~~ LOOPS: 11. ENTITY #: 280//107. VIEW #: 4. BACKLOGGED :: 183.000%! ~~ 
23:50:09.906 WARN  ~~ LOOPS: 11. ENTITY #: 279//111. VIEW #: 4. BACKLOGGED :: 182.455%! ~~ 
23:50:10.959 WARN  ~~ LOOPS: 11. ENTITY #: 279//114. VIEW #: 4. BACKLOGGED :: 187.364%! ~~ 
23:50:11.963 WARN  ~~ LOOPS: 11. ENTITY #: 279//113. VIEW #: 4. BACKLOGGED :: 170.182%! ~~ 
23:50:12.970 WARN  ~~ LOOPS: 11. ENTITY #: 278//111. VIEW #: 4. BACKLOGGED :: 172.909%! ~~ 
23:50:13.977 WARN  ~~ LOOPS: 11. ENTITY #: 280//111. VIEW #: 4. BACKLOGGED :: 170.727%! ~~ 
23:50:14.981 WARN  ~~ LOOPS: 11. ENTITY #: 278//111. VIEW #: 4. BACKLOGGED :: 171.545%! ~~ 
23:50:16.006 WARN  ~~ LOOPS: 12. ENTITY #: 274//102. VIEW #: 4. BACKLOGGED :: 157.750%! ~~ 
23:50:17.071 WARN  ~~ LOOPS: 12. ENTITY #: 276//104. VIEW #: 4. BACKLOGGED :: 164.000%! ~~ 
23:50:18.076 WARN  ~~ LOOPS: 11. ENTITY #: 278//107. VIEW #: 4. BACKLOGGED :: 166.091%! ~~ 
23:50:19.092 WARN  ~~ LOOPS: 12. ENTITY #: 279//106. VIEW #: 4. BACKLOGGED :: 159.500%! ~~ 
23:50:20.098 WARN  ~~ LOOPS: 11. ENTITY #: 281//109. VIEW #: 4. BACKLOGGED :: 168.273%! ~~ 
23:50:21.104 WARN  ~~ LOOPS: 11. ENTITY #: 281//108. VIEW #: 4. BACKLOGGED :: 175.364%! ~~ 
23:50:22.142 WARN  ~~ LOOPS: 12. ENTITY #: 278//105. VIEW #: 4. BACKLOGGED :: 160.500%! ~~ 
23:50:23.197 WARN  ~~ LOOPS: 12. ENTITY #: 279//106. VIEW #: 4. BACKLOGGED :: 162.750%! ~~ 
23:50:24.202 WARN  ~~ LOOPS: 11. ENTITY #: 280//107. VIEW #: 4. BACKLOGGED :: 166.636%! ~~ 
23:50:25.263 WARN  ~~ LOOPS: 12. ENTITY #: 281//106. VIEW #: 4. BACKLOGGED :: 169.750%! ~~ 
23:50:26.306 WARN  ~~ LOOPS: 11. ENTITY #: 279//107. VIEW #: 4. BACKLOGGED :: 164.455%! ~~ 
23:50:27.314 WARN  ~~ LOOPS: 11. ENTITY #: 280//107. VIEW #: 4. BACKLOGGED :: 173.455%! ~~ 
23:50:28.361 WARN  ~~ LOOPS: 12. ENTITY #: 279//106. VIEW #: 4. BACKLOGGED :: 166.000%! ~~ 
23:50:29.368 WARN  ~~ LOOPS: 11. ENTITY #: 278//106. VIEW #: 4. BACKLOGGED :: 173.455%! ~~ 
23:50:30.436 WARN  ~~ LOOPS: 11. ENTITY #: 278//106. VIEW #: 4. BACKLOGGED :: 189.000%! ~~ 
23:50:31.445 WARN  ~~ LOOPS: 11. ENTITY #: 279//105. VIEW #: 4. BACKLOGGED :: 169.636%! ~~ 
23:50:32.491 WARN  ~~ LOOPS: 12. ENTITY #: 279//106. VIEW #: 4. BACKLOGGED :: 163.750%! ~~ 
23:50:33.505 WARN  ~~ LOOPS: 11. ENTITY #: 279//106. VIEW #: 4. BACKLOGGED :: 174.273%! ~~ 
23:50:34.510 WARN  ~~ LOOPS: 11. ENTITY #: 280//106. VIEW #: 4. BACKLOGGED :: 173.455%! ~~ 
23:50:35.516 WARN  ~~ LOOPS: 11. ENTITY #: 279//107. VIEW #: 4. BACKLOGGED :: 165.273%! ~~ 
23:50:36.555 WARN  ~~ LOOPS: 12. ENTITY #: 279//106. VIEW #: 4. BACKLOGGED :: 165.000%! ~~ 
23:50:37.564 WARN  ~~ LOOPS: 11. ENTITY #: 278//105. VIEW #: 4. BACKLOGGED :: 166.091%! ~~ 
23:50:38.573 WARN  ~~ LOOPS: 12. ENTITY #: 280//102. VIEW #: 4. BACKLOGGED :: 155.500%! ~~ 
23:50:39.594 WARN  ~~ LOOPS: 13. ENTITY #: 279//94. VIEW #: 4. BACKLOGGED :: 135.462%! ~~ 
23:50:40.612 WARN  ~~ LOOPS: 13. ENTITY #: 281//92. VIEW #: 4. BACKLOGGED :: 133.846%! ~~ 
23:50:41.653 WARN  ~~ LOOPS: 14. ENTITY #: 280//82. VIEW #: 4. BACKLOGGED :: 123.214%! ~~ 
23:50:42.654 WARN  ~~ LOOPS: 12. ENTITY #: 280//91. VIEW #: 4. BACKLOGGED :: 134.500%! ~~ 
23:50:43.677 WARN  ~~ LOOPS: 13. ENTITY #: 280//90. VIEW #: 4. BACKLOGGED :: 135.462%! ~~ 
23:50:44.702 WARN  ~~ LOOPS: 13. ENTITY #: 281//94. VIEW #: 4. BACKLOGGED :: 135.231%! ~~ 
23:50:45.708 WARN  ~~ LOOPS: 12. ENTITY #: 281//96. VIEW #: 4. BACKLOGGED :: 144.250%! ~~ 
23:50:46.716 WARN  ~~ LOOPS: 12. ENTITY #: 282//100. VIEW #: 4. BACKLOGGED :: 149.500%! ~~ 
23:50:47.747 WARN  ~~ LOOPS: 12. ENTITY #: 284//102. VIEW #: 4. BACKLOGGED :: 161.500%! ~~ 
23:50:48.766 WARN  ~~ LOOPS: 12. ENTITY #: 282//98. VIEW #: 4. BACKLOGGED :: 153.250%! ~~ 
23:50:49.800 WARN  ~~ LOOPS: 13. ENTITY #: 283//89. VIEW #: 4. BACKLOGGED :: 137.769%! ~~ 
23:50:50.831 WARN  ~~ LOOPS: 13. ENTITY #: 283//90. VIEW #: 4. BACKLOGGED :: 136.615%! ~~ 
23:50:51.837 WARN  ~~ LOOPS: 12. ENTITY #: 283//95. VIEW #: 4. BACKLOGGED :: 146.750%! ~~ 
23:50:52.846 WARN  ~~ LOOPS: 12. ENTITY #: 283//98. VIEW #: 4. BACKLOGGED :: 152.250%! ~~ 
23:50:53.850 WARN  ~~ LOOPS: 12. ENTITY #: 283//100. VIEW #: 4. BACKLOGGED :: 148.000%! ~~ 
23:50:54.875 WARN  ~~ LOOPS: 12. ENTITY #: 282//103. VIEW #: 4. BACKLOGGED :: 159.500%! ~~ 
23:50:55.890 WARN  ~~ LOOPS: 12. ENTITY #: 282//103. VIEW #: 4. BACKLOGGED :: 152.000%! ~~ 
23:50:56.896 WARN  ~~ LOOPS: 11. ENTITY #: 281//103. VIEW #: 4. BACKLOGGED :: 165.273%! ~~ 
23:50:57.926 WARN  ~~ LOOPS: 12. ENTITY #: 281//104. VIEW #: 4. BACKLOGGED :: 161.500%! ~~ 
23:50:58.932 WARN  ~~ LOOPS: 11. ENTITY #: 281//108. VIEW #: 4. BACKLOGGED :: 165.000%! ~~ 
23:50:59.984 WARN  ~~ LOOPS: 12. ENTITY #: 281//110. VIEW #: 4. BACKLOGGED :: 168.750%! ~~ 
23:51:01.041 WARN  ~~ LOOPS: 12. ENTITY #: 278//108. VIEW #: 4. BACKLOGGED :: 163.250%! ~~ 
23:51:02.081 WARN  ~~ LOOPS: 11. ENTITY #: 280//109. VIEW #: 4. BACKLOGGED :: 181.364%! ~~ 
23:51:03.087 WARN  ~~ LOOPS: 11. ENTITY #: 281//108. VIEW #: 4. BACKLOGGED :: 167.182%! ~~ 
23:51:04.100 WARN  ~~ LOOPS: 12. ENTITY #: 281//110. VIEW #: 4. BACKLOGGED :: 158.000%! ~~ 
23:51:05.159 WARN  ~~ LOOPS: 12. ENTITY #: 280//110. VIEW #: 4. BACKLOGGED :: 163.250%! ~~ 
23:51:06.164 WARN  ~~ LOOPS: 11. ENTITY #: 280//106. VIEW #: 4. BACKLOGGED :: 170.182%! ~~ 
23:51:07.169 WARN  ~~ LOOPS: 11. ENTITY #: 281//108. VIEW #: 4. BACKLOGGED :: 168.000%! ~~ 
23:51:08.221 WARN  ~~ LOOPS: 12. ENTITY #: 280//108. VIEW #: 4. BACKLOGGED :: 166.500%! ~~ 
23:51:09.280 WARN  ~~ LOOPS: 12. ENTITY #: 280//106. VIEW #: 4. BACKLOGGED :: 164.250%! ~~ 
23:51:10.341 WARN  ~~ LOOPS: 12. ENTITY #: 281//109. VIEW #: 4. BACKLOGGED :: 164.250%! ~~ 
23:51:11.347 WARN  ~~ LOOPS: 11. ENTITY #: 281//109. VIEW #: 4. BACKLOGGED :: 171.000%! ~~ 
23:51:12.383 WARN  ~~ LOOPS: 11. ENTITY #: 281//107. VIEW #: 4. BACKLOGGED :: 180.273%! ~~ 
23:51:13.388 WARN  ~~ LOOPS: 11. ENTITY #: 281//109. VIEW #: 4. BACKLOGGED :: 167.455%! ~~ 
23:51:14.396 WARN  ~~ LOOPS: 12. ENTITY #: 281//108. VIEW #: 4. BACKLOGGED :: 153.500%! ~~ 
23:51:15.401 WARN  ~~ LOOPS: 11. ENTITY #: 280//106. VIEW #: 4. BACKLOGGED :: 173.727%! ~~ 
23:51:16.432 WARN  ~~ LOOPS: 11. ENTITY #: 278//106. VIEW #: 4. BACKLOGGED :: 180.000%! ~~ 
23:51:17.437 WARN  ~~ LOOPS: 11. ENTITY #: 279//107. VIEW #: 4. BACKLOGGED :: 170.455%! ~~ 
23:51:18.453 WARN  ~~ LOOPS: 12. ENTITY #: 280//100. VIEW #: 4. BACKLOGGED :: 154.250%! ~~ 
23:51:19.460 WARN  ~~ LOOPS: 12. ENTITY #: 280//94. VIEW #: 4. BACKLOGGED :: 148.250%! ~~ 
23:51:20.488 WARN  ~~ LOOPS: 13. ENTITY #: 277//93. VIEW #: 4. BACKLOGGED :: 138.923%! ~~ 
23:51:21.494 WARN  ~~ LOOPS: 11. ENTITY #: 277//98. VIEW #: 4. BACKLOGGED :: 154.909%! ~~ 
23:51:22.502 WARN  ~~ LOOPS: 12. ENTITY #: 278//98. VIEW #: 4. BACKLOGGED :: 148.750%! ~~ 
23:51:23.551 WARN  ~~ LOOPS: 13. ENTITY #: 279//99. VIEW #: 4. BACKLOGGED :: 146.308%! ~~ 
23:51:24.559 WARN  ~~ LOOPS: 12. ENTITY #: 279//96. VIEW #: 4. BACKLOGGED :: 149.500%! ~~ 
23:51:25.566 WARN  ~~ LOOPS: 12. ENTITY #: 279//92. VIEW #: 4. BACKLOGGED :: 147.000%! ~~ 
23:51:26.614 WARN  ~~ LOOPS: 13. ENTITY #: 277//92. VIEW #: 4. BACKLOGGED :: 144.923%! ~~ 
23:51:27.622 WARN  ~~ LOOPS: 13. ENTITY #: 279//84. VIEW #: 4. BACKLOGGED :: 128.308%! ~~ 
23:51:28.628 WARN  ~~ LOOPS: 13. ENTITY #: 275//79. VIEW #: 4. BACKLOGGED :: 130.385%! ~~ 
23:51:29.634 WARN  ~~ LOOPS: 14. ENTITY #: 276//74. VIEW #: 4. BACKLOGGED :: 115.929%! ~~ 
23:51:30.644 WARN  ~~ LOOPS: 14. ENTITY #: 277//74. VIEW #: 4. BACKLOGGED :: 115.500%! ~~ 
23:51:31.654 WARN  ~~ LOOPS: 14. ENTITY #: 277//71. VIEW #: 4. BACKLOGGED :: 112.500%! ~~ 
23:51:32.687 WARN  ~~ LOOPS: 15. ENTITY #: 281//70. VIEW #: 4. BACKLOGGED :: 107.600%! ~~ 
23:51:33.713 WARN  ~~ LOOPS: 14. ENTITY #: 281//79. VIEW #: 4. BACKLOGGED :: 119.357%! ~~ 
23:51:34.719 WARN  ~~ LOOPS: 13. ENTITY #: 279//80. VIEW #: 4. BACKLOGGED :: 129.462%! ~~ 
23:51:35.750 WARN  ~~ LOOPS: 14. ENTITY #: 280//75. VIEW #: 4. BACKLOGGED :: 121.714%! ~~ 
23:51:36.759 WARN  ~~ LOOPS: 13. ENTITY #: 280//73. VIEW #: 4. BACKLOGGED :: 125.308%! ~~ 
23:51:37.806 WARN  ~~ LOOPS: 15. ENTITY #: 279//65. VIEW #: 3. BACKLOGGED :: 112.600%! ~~ 
23:51:38.848 WARN  ~~ LOOPS: 15. ENTITY #: 279//60. VIEW #: 3. BACKLOGGED :: 106.800%! ~~ 
23:51:39.872 WARN  ~~ LOOPS: 14. ENTITY #: 279//69. VIEW #: 3. BACKLOGGED :: 116.786%! ~~ 
23:51:40.877 WARN  ~~ LOOPS: 12. ENTITY #: 279//84. VIEW #: 3. BACKLOGGED :: 145.000%! ~~ 
23:51:41.885 WARN  ~~ LOOPS: 12. ENTITY #: 278//91. VIEW #: 3. BACKLOGGED :: 157.000%! ~~ 
23:51:42.891 WARN  ~~ LOOPS: 11. ENTITY #: 278//95. VIEW #: 3. BACKLOGGED :: 165.000%! ~~ 
23:51:43.901 WARN  ~~ LOOPS: 12. ENTITY #: 279//94. VIEW #: 3. BACKLOGGED :: 157.500%! ~~ 
23:51:44.934 WARN  ~~ LOOPS: 12. ENTITY #: 279//95. VIEW #: 3. BACKLOGGED :: 155.750%! ~~ 

