21:02:39.442 ERROR [ERROR] A ghost has been found! 
21:02:39.443 ERROR Type: Basic 
21:02:39.443 ERROR Position: (184, 396) 
21:02:39.444 ERROR [] 
21:02:39.444 ERROR Health: -1 
21:02:39.444 WARN  Ghost removed successfully. 
21:02:39.444 WARN  Ghost removed successfully. 
21:22:20.225 ERROR [ERROR] A ghost has been found! 
21:22:20.225 ERROR Type: Basic 
21:22:20.225 ERROR Position: (5026.5, 412.5) 
21:22:20.226 ERROR [] 
21:22:20.226 ERROR Health: -1 
21:22:20.226 WARN  Ghost removed successfully. 
21:22:20.226 WARN  Ghost removed successfully. 
21:22:21.656 ERROR Ghost entity found! 
21:22:21.656 ERROR Type: Basic 
21:22:21.656 ERROR Position: (5087.5, 395.5) 
21:22:21.656 ERROR [] 
21:22:21.656 ERROR Health: -1 
21:22:21.656 WARN  Ghost entity removed successfully. 
21:22:21.962 ERROR [ERROR] A ghost has been found! 
21:22:21.962 ERROR Type: Basic 
21:22:21.962 ERROR Position: (4799.5, 301.5) 
21:22:21.962 ERROR [] 
21:22:21.962 ERROR Health: -1 
21:22:21.962 WARN  Ghost removed successfully. 
21:22:21.962 WARN  Ghost removed successfully. 
21:22:22.304 ERROR Ghost entity found! 
21:22:22.304 ERROR Type: Basic 
21:22:22.304 ERROR Position: (5215.5, 35.5) 
21:22:22.304 ERROR [] 
21:22:22.304 ERROR Health: -1 
21:22:22.304 WARN  Ghost entity removed successfully. 
21:22:22.346 ERROR Ghost entity found! 
21:22:22.346 ERROR Type: Basic 
21:22:22.346 ERROR Position: (4791.5, 121.5) 
21:22:22.346 ERROR [] 
21:22:22.346 ERROR Health: -1 
21:22:22.346 WARN  Ghost entity removed successfully. 
21:22:22.607 ERROR [ERROR] A ghost has been found! 
21:22:22.607 ERROR Type: Basic 
21:22:22.607 ERROR Position: (5212.5, 445.5) 
21:22:22.607 ERROR [] 
21:22:22.607 ERROR Health: -1 
21:22:22.607 WARN  Ghost removed successfully. 
21:22:22.607 WARN  Ghost removed successfully. 
21:22:23.971 ERROR Ghost entity found! 
21:22:23.971 ERROR Type: Basic 
21:22:23.971 ERROR Position: (4920.5, 409.5) 
21:22:23.971 ERROR [] 
21:22:23.971 ERROR Health: -1 
21:22:23.971 WARN  Ghost entity removed successfully. 
21:22:25.190 ERROR [ERROR] A ghost has been found! 
21:22:25.190 ERROR Type: Basic 
21:22:25.190 ERROR Position: (5180.5, 436.5) 
21:22:25.190 ERROR [] 
21:22:25.190 ERROR Health: -1 
21:22:25.190 WARN  Ghost removed successfully. 
21:22:25.190 WARN  Ghost removed successfully. 
21:22:27.661 ERROR Ghost entity found! 
21:22:27.661 ERROR Type: Basic 
21:22:27.661 ERROR Position: (4741.5, 372.5) 
21:22:27.661 ERROR [] 
21:22:27.661 ERROR Health: -1 
21:22:27.661 WARN  Ghost entity removed successfully. 
21:22:30.109 ERROR [ERROR] A ghost has been found! 
21:22:30.109 ERROR Type: Basic 
21:22:30.109 ERROR Position: (4824.5, 281.5) 
21:22:30.109 ERROR [] 
21:22:30.109 ERROR Health: -1 
21:22:30.109 WARN  Ghost removed successfully. 
21:22:30.109 WARN  Ghost removed successfully. 
21:22:32.845 ERROR [ERROR] A ghost has been found! 
21:22:32.845 ERROR Type: Basic 
21:22:32.845 ERROR Position: (5142.5, 97.5) 
21:22:32.845 ERROR [] 
21:22:32.845 ERROR Health: -1 
21:22:32.845 WARN  Ghost removed successfully. 
21:22:32.845 WARN  Ghost removed successfully. 
21:22:35.898 ERROR [ERROR] A ghost has been found! 
21:22:35.898 ERROR Type: Basic 
21:22:35.898 ERROR Position: (5161.5, 157.5) 
21:22:35.898 ERROR [] 
21:22:35.898 ERROR Health: -1 
21:22:35.898 WARN  Ghost removed successfully. 
21:22:35.898 WARN  Ghost removed successfully. 
21:22:36.602 ERROR Ghost entity found! 
21:22:36.603 ERROR Type: Basic 
21:22:36.603 ERROR Position: (5227.5, 139.5) 
21:22:36.603 ERROR [] 
21:22:36.603 ERROR Health: -1 
21:22:36.603 WARN  Ghost entity removed successfully. 
23:33:00.136 WARN  Malformed packet! Kicking. 1 warning. 
