00:35:18.905 ERROR [ERROR] A ghost has been found! 
00:35:18.905 ERROR Type: Observer 
00:35:18.905 ERROR Position: (2252.1751094393817, 2431.732146382486) 
00:35:18.905 ERROR Collision Array:  
00:35:18.905 ERROR Health: 5334.8133333333335 
00:35:18.905 WARN  Ghost removed successfully. 
00:35:18.905 WARN  Ghost removed successfully. 
21:51:31.465 WARN  ~~ LOOPS: 15. ENTITY #: 369//135. VIEW #: 2. BACKLOGGED :: 101.400%! ~~ 
21:51:32.472 WARN  ~~ LOOPS: 14. ENTITY #: 368//144. VIEW #: 2. BACKLOGGED :: 114.000%! ~~ 
21:51:33.475 WARN  ~~ LOOPS: 14. ENTITY #: 367//149. VIEW #: 2. BACKLOGGED :: 112.500%! ~~ 
21:51:34.480 WARN  ~~ LOOPS: 14. ENTITY #: 371//151. VIEW #: 2. BACKLOGGED :: 111.429%! ~~ 
21:51:35.526 WARN  ~~ LOOPS: 14. ENTITY #: 374//152. VIEW #: 2. BACKLOGGED :: 126.643%! ~~ 
21:51:36.565 WARN  ~~ LOOPS: 14. ENTITY #: 375//155. VIEW #: 2. BACKLOGGED :: 119.357%! ~~ 
21:51:37.576 WARN  ~~ LOOPS: 13. ENTITY #: 374//156. VIEW #: 2. BACKLOGGED :: 130.385%! ~~ 
21:51:38.577 WARN  ~~ LOOPS: 13. ENTITY #: 356//147. VIEW #: 2. BACKLOGGED :: 127.154%! ~~ 
21:51:39.577 WARN  ~~ LOOPS: 14. ENTITY #: 341//129. VIEW #: 2. BACKLOGGED :: 112.286%! ~~ 
21:51:40.578 WARN  ~~ LOOPS: 14. ENTITY #: 329//112. VIEW #: 2. BACKLOGGED :: 107.786%! ~~ 
21:51:51.690 WARN  ~~ LOOPS: 15. ENTITY #: 316//76. VIEW #: 2. BACKLOGGED :: 100.800%! ~~ 
21:51:52.701 WARN  ~~ LOOPS: 15. ENTITY #: 316//78. VIEW #: 2. BACKLOGGED :: 100.200%! ~~ 
21:51:53.702 WARN  ~~ LOOPS: 14. ENTITY #: 316//77. VIEW #: 2. BACKLOGGED :: 109.714%! ~~ 
21:52:01.815 WARN  ~~ LOOPS: 15. ENTITY #: 322//69. VIEW #: 2. BACKLOGGED :: 103.600%! ~~ 
21:52:02.844 WARN  ~~ LOOPS: 14. ENTITY #: 321//69. VIEW #: 2. BACKLOGGED :: 112.071%! ~~ 
22:02:26.302 WARN  ~~ LOOPS: 13. ENTITY #: 744//127. VIEW #: 3. BACKLOGGED :: 123.000%! ~~ 
22:02:29.430 WARN  ~~ LOOPS: 15. ENTITY #: 767//99. VIEW #: 3. BACKLOGGED :: 103.600%! ~~ 
22:02:30.477 WARN  ~~ LOOPS: 14. ENTITY #: 772//102. VIEW #: 3. BACKLOGGED :: 124.500%! ~~ 
22:02:31.498 WARN  ~~ LOOPS: 13. ENTITY #: 778//100. VIEW #: 3. BACKLOGGED :: 128.077%! ~~ 
22:02:32.564 WARN  ~~ LOOPS: 12. ENTITY #: 791//107. VIEW #: 3. BACKLOGGED :: 163.000%! ~~ 
22:02:33.588 WARN  ~~ LOOPS: 11. ENTITY #: 812//108. VIEW #: 3. BACKLOGGED :: 156.000%! ~~ 
22:02:34.646 WARN  ~~ LOOPS: 10. ENTITY #: 827//115. VIEW #: 3. BACKLOGGED :: 216.900%! ~~ 
22:02:35.748 WARN  ~~ LOOPS: 8. ENTITY #: 907//142. VIEW #: 3. BACKLOGGED :: 307.500%! ~~ 
22:02:36.793 WARN  ~~ LOOPS: 5. ENTITY #: 955//166. VIEW #: 3. BACKLOGGED :: 477.000%! ~~ 
22:02:37.928 WARN  ~~ LOOPS: 5. ENTITY #: 960//179. VIEW #: 3. BACKLOGGED :: 559.200%! ~~ 
22:02:39.030 WARN  ~~ LOOPS: 7. ENTITY #: 872//135. VIEW #: 3. BACKLOGGED :: 368.143%! ~~ 
22:02:40.066 WARN  ~~ LOOPS: 6. ENTITY #: 875//124. VIEW #: 3. BACKLOGGED :: 407.000%! ~~ 
22:02:41.206 WARN  ~~ LOOPS: 7. ENTITY #: 878//129. VIEW #: 3. BACKLOGGED :: 352.714%! ~~ 
22:02:42.358 WARN  ~~ LOOPS: 7. ENTITY #: 891//136. VIEW #: 3. BACKLOGGED :: 393.429%! ~~ 
22:02:43.487 WARN  ~~ LOOPS: 6. ENTITY #: 909//122. VIEW #: 3. BACKLOGGED :: 453.500%! ~~ 
22:02:44.575 WARN  ~~ LOOPS: 6. ENTITY #: 915//139. VIEW #: 3. BACKLOGGED :: 437.000%! ~~ 
22:02:45.575 WARN  ~~ LOOPS: 5. ENTITY #: 930//151. VIEW #: 3. BACKLOGGED :: 489.000%! ~~ 
22:02:46.637 WARN  ~~ LOOPS: 6. ENTITY #: 931//129. VIEW #: 3. BACKLOGGED :: 430.000%! ~~ 
22:02:47.666 WARN  ~~ LOOPS: 6. ENTITY #: 935//142. VIEW #: 3. BACKLOGGED :: 357.000%! ~~ 
22:02:48.700 WARN  ~~ LOOPS: 6. ENTITY #: 943//151. VIEW #: 3. BACKLOGGED :: 415.500%! ~~ 
22:02:49.726 WARN  ~~ LOOPS: 6. ENTITY #: 942//135. VIEW #: 3. BACKLOGGED :: 402.500%! ~~ 
22:02:50.883 WARN  ~~ LOOPS: 6. ENTITY #: 949//145. VIEW #: 3. BACKLOGGED :: 477.000%! ~~ 
22:02:51.916 WARN  ~~ LOOPS: 5. ENTITY #: 965//145. VIEW #: 3. BACKLOGGED :: 507.600%! ~~ 
22:02:52.970 WARN  ~~ LOOPS: 5. ENTITY #: 976//128. VIEW #: 3. BACKLOGGED :: 474.600%! ~~ 
22:02:54.016 WARN  ~~ LOOPS: 5. ENTITY #: 984//146. VIEW #: 3. BACKLOGGED :: 527.400%! ~~ 
22:02:55.092 WARN  ~~ LOOPS: 5. ENTITY #: 991//157. VIEW #: 3. BACKLOGGED :: 540.000%! ~~ 
22:02:56.321 WARN  ~~ LOOPS: 5. ENTITY #: 1000//145. VIEW #: 3. BACKLOGGED :: 627.000%! ~~ 
22:02:57.412 WARN  ~~ LOOPS: 4. ENTITY #: 1004//144. VIEW #: 3. BACKLOGGED :: 694.500%! ~~ 
22:02:58.586 WARN  ~~ LOOPS: 5. ENTITY #: 1011//162. VIEW #: 3. BACKLOGGED :: 606.000%! ~~ 
22:02:59.811 WARN  ~~ LOOPS: 5. ENTITY #: 1019//158. VIEW #: 3. BACKLOGGED :: 627.000%! ~~ 
22:03:00.884 WARN  ~~ LOOPS: 4. ENTITY #: 1022//145. VIEW #: 3. BACKLOGGED :: 626.250%! ~~ 
22:03:01.994 WARN  ~~ LOOPS: 4. ENTITY #: 1023//139. VIEW #: 3. BACKLOGGED :: 728.250%! ~~ 
22:03:03.092 WARN  ~~ LOOPS: 4. ENTITY #: 1028//170. VIEW #: 3. BACKLOGGED :: 701.250%! ~~ 
22:03:04.188 WARN  ~~ LOOPS: 4. ENTITY #: 1034//156. VIEW #: 3. BACKLOGGED :: 713.250%! ~~ 
22:03:05.234 WARN  ~~ LOOPS: 4. ENTITY #: 1037//140. VIEW #: 3. BACKLOGGED :: 676.500%! ~~ 
22:03:06.285 WARN  ~~ LOOPS: 4. ENTITY #: 1040//138. VIEW #: 3. BACKLOGGED :: 675.750%! ~~ 
22:03:07.326 WARN  ~~ LOOPS: 4. ENTITY #: 1041//145. VIEW #: 3. BACKLOGGED :: 673.500%! ~~ 
22:03:08.372 WARN  ~~ LOOPS: 4. ENTITY #: 1050//156. VIEW #: 3. BACKLOGGED :: 671.250%! ~~ 
22:03:09.437 WARN  ~~ LOOPS: 4. ENTITY #: 1052//137. VIEW #: 3. BACKLOGGED :: 630.750%! ~~ 
22:03:10.469 WARN  ~~ LOOPS: 4. ENTITY #: 1063//139. VIEW #: 3. BACKLOGGED :: 648.750%! ~~ 
22:03:11.697 WARN  ~~ LOOPS: 5. ENTITY #: 1065//140. VIEW #: 3. BACKLOGGED :: 647.400%! ~~ 
22:03:12.842 WARN  ~~ LOOPS: 5. ENTITY #: 1068//153. VIEW #: 3. BACKLOGGED :: 582.000%! ~~ 
22:03:13.902 WARN  ~~ LOOPS: 4. ENTITY #: 1075//133. VIEW #: 3. BACKLOGGED :: 664.500%! ~~ 
22:03:15.023 WARN  ~~ LOOPS: 4. ENTITY #: 1085//140. VIEW #: 3. BACKLOGGED :: 711.750%! ~~ 
22:03:16.167 WARN  ~~ LOOPS: 4. ENTITY #: 1093//146. VIEW #: 3. BACKLOGGED :: 750.000%! ~~ 
22:03:17.203 WARN  ~~ LOOPS: 3. ENTITY #: 1095//154. VIEW #: 3. BACKLOGGED :: 897.000%! ~~ 
22:03:18.280 WARN  ~~ LOOPS: 3. ENTITY #: 1106//160. VIEW #: 3. BACKLOGGED :: 838.000%! ~~ 
22:03:19.447 WARN  ~~ LOOPS: 4. ENTITY #: 1106//141. VIEW #: 3. BACKLOGGED :: 765.750%! ~~ 
22:03:20.716 WARN  ~~ LOOPS: 4. ENTITY #: 1114//142. VIEW #: 3. BACKLOGGED :: 837.750%! ~~ 
22:03:21.848 WARN  ~~ LOOPS: 4. ENTITY #: 1120//176. VIEW #: 3. BACKLOGGED :: 732.750%! ~~ 
22:03:22.880 WARN  ~~ LOOPS: 4. ENTITY #: 1126//127. VIEW #: 2. BACKLOGGED :: 639.000%! ~~ 
22:03:23.910 WARN  ~~ LOOPS: 9. ENTITY #: 1130//70. VIEW #: 2. BACKLOGGED :: 237.000%! ~~ 
22:03:24.992 WARN  ~~ LOOPS: 8. ENTITY #: 1136//101. VIEW #: 2. BACKLOGGED :: 260.250%! ~~ 
22:03:26.026 WARN  ~~ LOOPS: 10. ENTITY #: 1141//72. VIEW #: 2. BACKLOGGED :: 190.500%! ~~ 
22:03:27.070 WARN  ~~ LOOPS: 10. ENTITY #: 1144//87. VIEW #: 2. BACKLOGGED :: 203.700%! ~~ 
22:03:28.101 WARN  ~~ LOOPS: 8. ENTITY #: 1148//77. VIEW #: 3. BACKLOGGED :: 268.875%! ~~ 
22:03:29.280 WARN  ~~ LOOPS: 8. ENTITY #: 1152//101. VIEW #: 3. BACKLOGGED :: 334.500%! ~~ 
22:03:30.425 WARN  ~~ LOOPS: 6. ENTITY #: 1151//83. VIEW #: 3. BACKLOGGED :: 397.000%! ~~ 
22:03:31.504 WARN  ~~ LOOPS: 6. ENTITY #: 1156//101. VIEW #: 3. BACKLOGGED :: 422.500%! ~~ 
22:03:32.544 WARN  ~~ LOOPS: 6. ENTITY #: 1162//105. VIEW #: 3. BACKLOGGED :: 408.000%! ~~ 
22:03:33.734 WARN  ~~ LOOPS: 6. ENTITY #: 1167//85. VIEW #: 3. BACKLOGGED :: 480.000%! ~~ 
22:03:34.858 WARN  ~~ LOOPS: 5. ENTITY #: 1172//112. VIEW #: 3. BACKLOGGED :: 544.800%! ~~ 
22:03:35.940 WARN  ~~ LOOPS: 4. ENTITY #: 1187//128. VIEW #: 3. BACKLOGGED :: 668.250%! ~~ 
22:03:37.005 WARN  ~~ LOOPS: 4. ENTITY #: 1195//97. VIEW #: 3. BACKLOGGED :: 678.000%! ~~ 
22:03:38.052 WARN  ~~ LOOPS: 4. ENTITY #: 1202//96. VIEW #: 3. BACKLOGGED :: 665.250%! ~~ 
22:03:39.210 WARN  ~~ LOOPS: 5. ENTITY #: 1212//126. VIEW #: 3. BACKLOGGED :: 589.800%! ~~ 
22:03:40.257 WARN  ~~ LOOPS: 3. ENTITY #: 1215//149. VIEW #: 3. BACKLOGGED :: 764.000%! ~~ 
22:03:41.468 WARN  ~~ LOOPS: 4. ENTITY #: 1217//102. VIEW #: 3. BACKLOGGED :: 798.750%! ~~ 
22:03:42.614 WARN  ~~ LOOPS: 4. ENTITY #: 1220//101. VIEW #: 3. BACKLOGGED :: 735.000%! ~~ 
22:03:43.905 WARN  ~~ LOOPS: 4. ENTITY #: 1227//110. VIEW #: 3. BACKLOGGED :: 842.250%! ~~ 
22:03:45.159 WARN  ~~ LOOPS: 4. ENTITY #: 1242//144. VIEW #: 3. BACKLOGGED :: 814.500%! ~~ 
22:03:46.345 WARN  ~~ LOOPS: 4. ENTITY #: 1242//106. VIEW #: 3. BACKLOGGED :: 769.500%! ~~ 
22:03:47.537 WARN  ~~ LOOPS: 4. ENTITY #: 1245//107. VIEW #: 3. BACKLOGGED :: 776.250%! ~~ 
22:03:48.583 WARN  ~~ LOOPS: 4. ENTITY #: 1248//110. VIEW #: 3. BACKLOGGED :: 652.500%! ~~ 
22:03:49.708 WARN  ~~ LOOPS: 4. ENTITY #: 1266//131. VIEW #: 3. BACKLOGGED :: 722.250%! ~~ 
22:03:50.990 WARN  ~~ LOOPS: 4. ENTITY #: 1268//120. VIEW #: 3. BACKLOGGED :: 734.250%! ~~ 
22:03:52.164 WARN  ~~ LOOPS: 4. ENTITY #: 1270//97. VIEW #: 3. BACKLOGGED :: 746.250%! ~~ 
22:03:53.237 WARN  ~~ LOOPS: 4. ENTITY #: 1270//115. VIEW #: 3. BACKLOGGED :: 677.250%! ~~ 
22:03:54.385 WARN  ~~ LOOPS: 4. ENTITY #: 1277//118. VIEW #: 3. BACKLOGGED :: 731.250%! ~~ 
22:03:55.546 WARN  ~~ LOOPS: 4. ENTITY #: 1278//138. VIEW #: 3. BACKLOGGED :: 738.000%! ~~ 
22:03:56.765 WARN  ~~ LOOPS: 4. ENTITY #: 1284//101. VIEW #: 3. BACKLOGGED :: 783.000%! ~~ 
22:03:57.813 WARN  ~~ LOOPS: 6. ENTITY #: 1278//85. VIEW #: 2. BACKLOGGED :: 401.500%! ~~ 
22:03:58.868 WARN  ~~ LOOPS: 8. ENTITY #: 1283//99. VIEW #: 2. BACKLOGGED :: 289.500%! ~~ 
22:03:59.951 WARN  ~~ LOOPS: 7. ENTITY #: 1289//74. VIEW #: 2. BACKLOGGED :: 346.714%! ~~ 
22:04:01.096 WARN  ~~ LOOPS: 7. ENTITY #: 1293//109. VIEW #: 2. BACKLOGGED :: 329.143%! ~~ 
22:04:02.239 WARN  ~~ LOOPS: 8. ENTITY #: 1295//80. VIEW #: 2. BACKLOGGED :: 317.250%! ~~ 
22:04:03.316 WARN  ~~ LOOPS: 6. ENTITY #: 1296//90. VIEW #: 2. BACKLOGGED :: 414.500%! ~~ 
22:04:04.416 WARN  ~~ LOOPS: 8. ENTITY #: 1300//92. VIEW #: 2. BACKLOGGED :: 296.625%! ~~ 
22:04:05.506 WARN  ~~ LOOPS: 8. ENTITY #: 1303//84. VIEW #: 2. BACKLOGGED :: 303.750%! ~~ 
22:04:06.625 WARN  ~~ LOOPS: 8. ENTITY #: 1309//99. VIEW #: 3. BACKLOGGED :: 301.500%! ~~ 
22:04:07.699 WARN  ~~ LOOPS: 5. ENTITY #: 1308//79. VIEW #: 3. BACKLOGGED :: 419.400%! ~~ 
22:04:08.773 WARN  ~~ LOOPS: 6. ENTITY #: 1309//98. VIEW #: 3. BACKLOGGED :: 415.500%! ~~ 
22:04:09.908 WARN  ~~ LOOPS: 6. ENTITY #: 1311//101. VIEW #: 3. BACKLOGGED :: 429.000%! ~~ 
22:04:11.132 WARN  ~~ LOOPS: 7. ENTITY #: 1317//87. VIEW #: 3. BACKLOGGED :: 398.571%! ~~ 
22:04:12.308 WARN  ~~ LOOPS: 6. ENTITY #: 1319//116. VIEW #: 3. BACKLOGGED :: 479.500%! ~~ 
22:04:13.387 WARN  ~~ LOOPS: 5. ENTITY #: 1322//86. VIEW #: 3. BACKLOGGED :: 524.400%! ~~ 
22:04:14.431 WARN  ~~ LOOPS: 5. ENTITY #: 1323//83. VIEW #: 3. BACKLOGGED :: 492.600%! ~~ 
22:04:15.663 WARN  ~~ LOOPS: 6. ENTITY #: 1325//118. VIEW #: 3. BACKLOGGED :: 488.500%! ~~ 
22:04:16.873 WARN  ~~ LOOPS: 5. ENTITY #: 1324//96. VIEW #: 3. BACKLOGGED :: 504.000%! ~~ 
22:04:18.070 WARN  ~~ LOOPS: 6. ENTITY #: 1333//83. VIEW #: 3. BACKLOGGED :: 476.000%! ~~ 
22:04:19.169 WARN  ~~ LOOPS: 5. ENTITY #: 1339//112. VIEW #: 3. BACKLOGGED :: 531.000%! ~~ 
22:04:20.371 WARN  ~~ LOOPS: 5. ENTITY #: 1340//114. VIEW #: 3. BACKLOGGED :: 579.600%! ~~ 
22:04:21.414 WARN  ~~ LOOPS: 4. ENTITY #: 1349//89. VIEW #: 3. BACKLOGGED :: 644.250%! ~~ 
22:04:22.475 WARN  ~~ LOOPS: 4. ENTITY #: 1356//107. VIEW #: 3. BACKLOGGED :: 648.750%! ~~ 
22:04:23.517 WARN  ~~ LOOPS: 4. ENTITY #: 1359//112. VIEW #: 3. BACKLOGGED :: 647.250%! ~~ 
22:04:24.637 WARN  ~~ LOOPS: 4. ENTITY #: 1359//130. VIEW #: 3. BACKLOGGED :: 714.750%! ~~ 
22:04:25.857 WARN  ~~ LOOPS: 4. ENTITY #: 1361//95. VIEW #: 3. BACKLOGGED :: 803.250%! ~~ 
22:04:27.080 WARN  ~~ LOOPS: 4. ENTITY #: 1364//97. VIEW #: 3. BACKLOGGED :: 792.000%! ~~ 
22:04:28.267 WARN  ~~ LOOPS: 3. ENTITY #: 1364//123. VIEW #: 3. BACKLOGGED :: 811.000%! ~~ 
22:04:29.571 WARN  ~~ LOOPS: 4. ENTITY #: 1361//139. VIEW #: 3. BACKLOGGED :: 859.500%! ~~ 
22:04:30.618 WARN  ~~ LOOPS: 3. ENTITY #: 1368//105. VIEW #: 3. BACKLOGGED :: 873.000%! ~~ 
22:04:31.737 WARN  ~~ LOOPS: 3. ENTITY #: 1398//109. VIEW #: 3. BACKLOGGED :: 970.000%! ~~ 
22:04:33.087 WARN  ~~ LOOPS: 2. ENTITY #: 1602//188. VIEW #: 3. BACKLOGGED :: 1665.000%! ~~ 
22:04:34.336 WARN  ~~ LOOPS: 1. ENTITY #: 1387//102. VIEW #: 3. BACKLOGGED :: 3585.000%! ~~ 
22:04:36.564 WARN  ~~ LOOPS: 2. ENTITY #: 2004//323. VIEW #: 3. BACKLOGGED :: 2574.000%! ~~ 
22:04:39.981 WARN  ~~ LOOPS: 1. ENTITY #: 1385//117. VIEW #: 3. BACKLOGGED :: 10011.000%! ~~ 
22:04:44.677 WARN  ~~ LOOPS: 2. ENTITY #: 2750//562. VIEW #: 3. BACKLOGGED :: 5146.500%! ~~ 
22:04:52.743 WARN  ~~ LOOPS: 1. ENTITY #: 1394//110. VIEW #: 3. BACKLOGGED :: 23907.000%! ~~ 
