12:38:35.715 WARN  Bot connected and ready to use! 
12:39:21.539 WARN  Bot connected and ready to use! 
12:54:35.208 WARN  ~~ LOOPS: 13. ENTITY #: 923//58. VIEW #: 0. BACKLOGGED :: 115.846%! ~~ 
12:55:34.233 WARN  ~~ LOOPS: 15. ENTITY #: 937//44. VIEW #: 0. BACKLOGGED :: 139.200%! ~~ 
13:04:35.421 WARN  ~~ LOOPS: 13. ENTITY #: 926//58. VIEW #: 0. BACKLOGGED :: 101.538%! ~~ 
13:04:45.944 WARN  ~~ LOOPS: 11. ENTITY #: 926//43. VIEW #: 0. BACKLOGGED :: 193.909%! ~~ 
13:05:21.235 WARN  ~~ LOOPS: 10. ENTITY #: 937//61. VIEW #: 0. BACKLOGGED :: 105.300%! ~~ 
13:05:43.738 WARN  ~~ LOOPS: 3. ENTITY #: 937//44. VIEW #: 0. BACKLOGGED :: 774.000%! ~~ 
13:06:43.014 WARN  ~~ LOOPS: 13. ENTITY #: 926//58. VIEW #: 0. BACKLOGGED :: 103.385%! ~~ 
13:07:53.659 WARN  ~~ LOOPS: 12. ENTITY #: 937//62. VIEW #: 0. BACKLOGGED :: 105.500%! ~~ 
13:12:54.735 ERROR read ECONNRESET
Error: read ECONNRESET
    at _errnoException (util.js:1024:11)
    at TCP.onread (net.js:615:25) 
13:19:36.072 WARN  ~~ LOOPS: 1. ENTITY #: 927//246. VIEW #: 0. BACKLOGGED :: 3807.000%! ~~ 
13:20:32.472 WARN  ~~ LOOPS: 10. ENTITY #: 939//63. VIEW #: 1. BACKLOGGED :: 343.500%! ~~ 
13:23:43.797 WARN  ~~ LOOPS: 12. ENTITY #: 942//65. VIEW #: 1. BACKLOGGED :: 101.250%! ~~ 
13:26:50.863 WARN  ~~ LOOPS: 10. ENTITY #: 944//64. VIEW #: 1. BACKLOGGED :: 129.300%! ~~ 
13:27:14.001 WARN  ~~ LOOPS: 8. ENTITY #: 944//47. VIEW #: 1. BACKLOGGED :: 125.250%! ~~ 
13:30:22.748 WARN  ~~ LOOPS: 12. ENTITY #: 930//43. VIEW #: 0. BACKLOGGED :: 111.750%! ~~ 
13:30:30.494 WARN  ~~ LOOPS: 12. ENTITY #: 975//85. VIEW #: 1. BACKLOGGED :: 101.250%! ~~ 
13:31:03.442 WARN  ~~ LOOPS: 13. ENTITY #: 1002//82. VIEW #: 1. BACKLOGGED :: 111.231%! ~~ 
13:31:05.100 WARN  ~~ LOOPS: 12. ENTITY #: 1002//83. VIEW #: 1. BACKLOGGED :: 104.250%! ~~ 
14:19:40.974 WARN  ~~ LOOPS: 12. ENTITY #: 930//59. VIEW #: 0. BACKLOGGED :: 695083.000%! ~~ 
