15:57:02.378 ERROR Ghost entity found! 
15:57:02.379 ERROR Type: Sentry 
15:57:02.379 ERROR Position: (339.16666666666663, 274.16666666666663) 
15:57:02.380 ERROR [] 
15:57:02.381 ERROR Health: -1 
15:57:02.381 WARN  Ghost entity removed successfully. 
16:02:57.953 ERROR sockets is not defined
ReferenceError: sockets is not defined
    at Entity.define (/home/ubuntu/workspace/arras.io/src/server/server.js:1792:13)
    at exportDefintionsToClient (/home/ubuntu/workspace/arras.io/src/server/server.js:2543:26)
    at Object.<anonymous> (/home/ubuntu/workspace/arras.io/src/server/server.js:2567:7)
    at Module._compile (module.js:624:30)
    at Object.Module._extensions..js (module.js:635:10)
    at Module.load (module.js:545:32)
    at tryModuleLoad (module.js:508:12)
    at Function.Module._load (module.js:500:3)
    at Function.Module.runMain (module.js:665:10)
    at startup (bootstrap_node.js:187:16) 
16:02:57.953 ERROR landmineBody 
16:02:57.954 ERROR {"LABEL":"","CONTROLLERS":["spinSlower"],"COLOR":9,"SHAPE":6,"INDEPENDENT":true,"index":52} 
16:26:40.851 ERROR Ghost entity found! 
16:26:40.851 ERROR Type: Terminator 
16:26:40.851 ERROR Position: (1943.3715487023842, 554.7465487023826) 
16:26:40.852 ERROR [] 
16:26:40.852 ERROR Health: 0.7783333333333335 
16:26:40.852 WARN  Ghost entity removed successfully. 
16:26:40.852 ERROR Ghost entity found! 
16:26:40.852 ERROR Type: Terminator 
16:26:40.852 ERROR Position: (1943.3715487023842, 554.7465487023826) 
16:26:40.852 ERROR [] 
16:26:40.852 ERROR Health: 0.7783333333333335 
16:55:16.947 ERROR Ghost entity found! 
16:55:16.947 ERROR Type: Observer 
16:55:16.947 ERROR Position: (243.30692456121974, 5318.973591227888) 
16:55:16.948 ERROR [] 
16:55:16.948 ERROR Health: 2000180 
16:55:16.948 WARN  Ghost entity removed successfully. 
17:07:18.898 WARN  Ill-sized beta-command request! Kicking player and giving 1 warning. 
17:19:19.920 WARN  Ill-sized beta-command request! Kicking player and giving 1 warning. 
17:21:53.244 WARN  Malformed command packet! Kicking player and giving 1 warning. 
17:27:04.849 WARN  ~~ LOOPS: 22. ENTITY #: 294//95. VIEW #: 1. BACKLOGGED :: 180.545%! ~~ 
17:41:25.735 WARN  ~~ LOOPS: 13. ENTITY #: 297//156. VIEW #: 1. BACKLOGGED :: 137.538%! ~~ 
17:41:26.788 WARN  ~~ LOOPS: 11. ENTITY #: 301//195. VIEW #: 1. BACKLOGGED :: 186.000%! ~~ 
17:41:27.826 WARN  ~~ LOOPS: 11. ENTITY #: 304//200. VIEW #: 1. BACKLOGGED :: 182.727%! ~~ 
17:41:28.962 WARN  ~~ LOOPS: 10. ENTITY #: 302//200. VIEW #: 1. BACKLOGGED :: 238.200%! ~~ 
17:41:30.015 WARN  ~~ LOOPS: 12. ENTITY #: 300//168. VIEW #: 1. BACKLOGGED :: 167.000%! ~~ 
17:41:31.035 WARN  ~~ LOOPS: 12. ENTITY #: 299//158. VIEW #: 1. BACKLOGGED :: 153.500%! ~~ 
17:41:32.062 WARN  ~~ LOOPS: 12. ENTITY #: 299//156. VIEW #: 1. BACKLOGGED :: 157.000%! ~~ 
17:41:33.062 WARN  ~~ LOOPS: 12. ENTITY #: 300//150. VIEW #: 1. BACKLOGGED :: 149.500%! ~~ 
17:41:34.091 WARN  ~~ LOOPS: 13. ENTITY #: 300//142. VIEW #: 1. BACKLOGGED :: 137.769%! ~~ 
17:41:35.093 WARN  ~~ LOOPS: 13. ENTITY #: 302//138. VIEW #: 1. BACKLOGGED :: 125.538%! ~~ 
17:41:36.093 WARN  ~~ LOOPS: 13. ENTITY #: 301//134. VIEW #: 1. BACKLOGGED :: 129.923%! ~~ 
17:41:37.122 WARN  ~~ LOOPS: 14. ENTITY #: 297//125. VIEW #: 1. BACKLOGGED :: 124.714%! ~~ 
17:41:38.160 WARN  ~~ LOOPS: 14. ENTITY #: 296//123. VIEW #: 1. BACKLOGGED :: 121.929%! ~~ 
17:41:39.160 WARN  ~~ LOOPS: 13. ENTITY #: 293//120. VIEW #: 1. BACKLOGGED :: 123.462%! ~~ 
17:41:40.160 WARN  ~~ LOOPS: 14. ENTITY #: 294//116. VIEW #: 1. BACKLOGGED :: 119.143%! ~~ 
17:41:41.191 WARN  ~~ LOOPS: 14. ENTITY #: 294//113. VIEW #: 1. BACKLOGGED :: 120.857%! ~~ 
17:41:42.196 WARN  ~~ LOOPS: 13. ENTITY #: 293//117. VIEW #: 1. BACKLOGGED :: 124.154%! ~~ 
17:41:43.200 WARN  ~~ LOOPS: 13. ENTITY #: 292//122. VIEW #: 1. BACKLOGGED :: 134.538%! ~~ 
17:41:44.211 WARN  ~~ LOOPS: 13. ENTITY #: 292//126. VIEW #: 1. BACKLOGGED :: 136.615%! ~~ 
17:41:45.255 WARN  ~~ LOOPS: 13. ENTITY #: 295//125. VIEW #: 1. BACKLOGGED :: 140.769%! ~~ 
17:41:46.304 WARN  ~~ LOOPS: 13. ENTITY #: 299//127. VIEW #: 1. BACKLOGGED :: 141.923%! ~~ 
17:41:47.307 WARN  ~~ LOOPS: 12. ENTITY #: 313//132. VIEW #: 1. BACKLOGGED :: 149.000%! ~~ 
17:41:48.312 WARN  ~~ LOOPS: 11. ENTITY #: 354//155. VIEW #: 1. BACKLOGGED :: 168.273%! ~~ 
17:41:49.337 WARN  ~~ LOOPS: 10. ENTITY #: 395//193. VIEW #: 1. BACKLOGGED :: 205.500%! ~~ 
17:41:50.351 WARN  ~~ LOOPS: 9. ENTITY #: 438//230. VIEW #: 1. BACKLOGGED :: 234.333%! ~~ 
17:41:51.360 WARN  ~~ LOOPS: 8. ENTITY #: 501//282. VIEW #: 1. BACKLOGGED :: 279.375%! ~~ 
17:41:52.407 WARN  ~~ LOOPS: 8. ENTITY #: 554//339. VIEW #: 1. BACKLOGGED :: 293.250%! ~~ 
17:41:53.443 WARN  ~~ LOOPS: 7. ENTITY #: 603//389. VIEW #: 1. BACKLOGGED :: 341.571%! ~~ 
17:41:54.536 WARN  ~~ LOOPS: 7. ENTITY #: 656//438. VIEW #: 1. BACKLOGGED :: 361.714%! ~~ 
17:41:55.562 WARN  ~~ LOOPS: 6. ENTITY #: 705//488. VIEW #: 1. BACKLOGGED :: 412.000%! ~~ 
17:41:56.624 WARN  ~~ LOOPS: 6. ENTITY #: 751//526. VIEW #: 1. BACKLOGGED :: 433.000%! ~~ 
17:41:57.644 WARN  ~~ LOOPS: 5. ENTITY #: 785//572. VIEW #: 1. BACKLOGGED :: 507.600%! ~~ 
17:41:58.661 WARN  ~~ LOOPS: 5. ENTITY #: 809//589. VIEW #: 1. BACKLOGGED :: 497.400%! ~~ 
17:41:59.780 WARN  ~~ LOOPS: 6. ENTITY #: 811//569. VIEW #: 1. BACKLOGGED :: 459.000%! ~~ 
17:42:00.885 WARN  ~~ LOOPS: 6. ENTITY #: 830//573. VIEW #: 1. BACKLOGGED :: 433.500%! ~~ 
17:42:01.949 WARN  ~~ LOOPS: 6. ENTITY #: 739//516. VIEW #: 1. BACKLOGGED :: 435.500%! ~~ 
17:42:03.016 WARN  ~~ LOOPS: 8. ENTITY #: 634//357. VIEW #: 1. BACKLOGGED :: 299.625%! ~~ 
17:42:04.045 WARN  ~~ LOOPS: 10. ENTITY #: 596//260. VIEW #: 1. BACKLOGGED :: 210.000%! ~~ 
17:42:05.077 WARN  ~~ LOOPS: 12. ENTITY #: 541//197. VIEW #: 1. BACKLOGGED :: 157.500%! ~~ 
17:42:06.103 WARN  ~~ LOOPS: 14. ENTITY #: 484//138. VIEW #: 1. BACKLOGGED :: 119.143%! ~~ 
17:42:10.204 WARN  ~~ LOOPS: 14. ENTITY #: 526//143. VIEW #: 1. BACKLOGGED :: 122.357%! ~~ 
17:42:11.284 WARN  ~~ LOOPS: 12. ENTITY #: 577//207. VIEW #: 1. BACKLOGGED :: 169.000%! ~~ 
17:42:12.343 WARN  ~~ LOOPS: 9. ENTITY #: 615//270. VIEW #: 1. BACKLOGGED :: 251.000%! ~~ 
17:42:13.381 WARN  ~~ LOOPS: 8. ENTITY #: 659//322. VIEW #: 1. BACKLOGGED :: 283.875%! ~~ 
17:42:14.382 WARN  ~~ LOOPS: 7. ENTITY #: 691//354. VIEW #: 1. BACKLOGGED :: 333.429%! ~~ 
17:42:15.393 WARN  ~~ LOOPS: 7. ENTITY #: 735//396. VIEW #: 1. BACKLOGGED :: 330.000%! ~~ 
17:42:16.458 WARN  ~~ LOOPS: 6. ENTITY #: 713//434. VIEW #: 1. BACKLOGGED :: 408.500%! ~~ 
17:42:17.506 WARN  ~~ LOOPS: 6. ENTITY #: 672//410. VIEW #: 1. BACKLOGGED :: 422.000%! ~~ 
17:42:18.619 WARN  ~~ LOOPS: 7. ENTITY #: 657//399. VIEW #: 1. BACKLOGGED :: 373.286%! ~~ 
17:42:19.675 WARN  ~~ LOOPS: 8. ENTITY #: 528//291. VIEW #: 1. BACKLOGGED :: 295.875%! ~~ 
17:42:20.688 WARN  ~~ LOOPS: 9. ENTITY #: 521//252. VIEW #: 1. BACKLOGGED :: 236.000%! ~~ 
17:42:21.692 WARN  ~~ LOOPS: 10. ENTITY #: 464//200. VIEW #: 1. BACKLOGGED :: 198.300%! ~~ 
17:42:22.726 WARN  ~~ LOOPS: 12. ENTITY #: 441//173. VIEW #: 1. BACKLOGGED :: 160.000%! ~~ 
17:42:23.726 WARN  ~~ LOOPS: 12. ENTITY #: 439//147. VIEW #: 1. BACKLOGGED :: 144.250%! ~~ 
17:42:24.728 WARN  ~~ LOOPS: 13. ENTITY #: 437//134. VIEW #: 1. BACKLOGGED :: 132.923%! ~~ 
17:42:25.733 WARN  ~~ LOOPS: 13. ENTITY #: 437//131. VIEW #: 1. BACKLOGGED :: 133.385%! ~~ 
17:42:26.776 WARN  ~~ LOOPS: 13. ENTITY #: 437//130. VIEW #: 1. BACKLOGGED :: 139.846%! ~~ 
17:42:27.823 WARN  ~~ LOOPS: 13. ENTITY #: 436//131. VIEW #: 1. BACKLOGGED :: 141.692%! ~~ 
17:42:28.868 WARN  ~~ LOOPS: 13. ENTITY #: 436//129. VIEW #: 1. BACKLOGGED :: 140.769%! ~~ 
17:42:29.868 WARN  ~~ LOOPS: 12. ENTITY #: 436//128. VIEW #: 1. BACKLOGGED :: 144.250%! ~~ 
17:42:30.870 WARN  ~~ LOOPS: 12. ENTITY #: 436//130. VIEW #: 1. BACKLOGGED :: 148.000%! ~~ 
17:42:31.870 WARN  ~~ LOOPS: 12. ENTITY #: 437//132. VIEW #: 1. BACKLOGGED :: 150.500%! ~~ 
17:42:32.896 WARN  ~~ LOOPS: 12. ENTITY #: 436//138. VIEW #: 1. BACKLOGGED :: 159.250%! ~~ 
17:42:33.919 WARN  ~~ LOOPS: 11. ENTITY #: 436//154. VIEW #: 1. BACKLOGGED :: 177.273%! ~~ 
17:42:34.919 WARN  ~~ LOOPS: 10. ENTITY #: 437//166. VIEW #: 1. BACKLOGGED :: 195.000%! ~~ 
17:42:35.962 WARN  ~~ LOOPS: 11. ENTITY #: 435//169. VIEW #: 1. BACKLOGGED :: 188.727%! ~~ 
17:42:37.004 WARN  ~~ LOOPS: 10. ENTITY #: 435//181. VIEW #: 1. BACKLOGGED :: 210.900%! ~~ 
17:42:38.065 WARN  ~~ LOOPS: 10. ENTITY #: 436//182. VIEW #: 1. BACKLOGGED :: 217.500%! ~~ 
17:42:39.107 WARN  ~~ LOOPS: 10. ENTITY #: 437//180. VIEW #: 1. BACKLOGGED :: 213.000%! ~~ 
17:42:40.110 WARN  ~~ LOOPS: 10. ENTITY #: 437//174. VIEW #: 1. BACKLOGGED :: 200.400%! ~~ 
17:42:41.119 WARN  ~~ LOOPS: 10. ENTITY #: 437//177. VIEW #: 1. BACKLOGGED :: 201.600%! ~~ 
17:42:42.120 WARN  ~~ LOOPS: 10. ENTITY #: 437//178. VIEW #: 1. BACKLOGGED :: 200.400%! ~~ 
17:42:43.141 WARN  ~~ LOOPS: 10. ENTITY #: 437//177. VIEW #: 1. BACKLOGGED :: 205.200%! ~~ 
17:42:44.159 WARN  ~~ LOOPS: 10. ENTITY #: 437//182. VIEW #: 1. BACKLOGGED :: 204.300%! ~~ 
17:42:45.161 WARN  ~~ LOOPS: 10. ENTITY #: 436//182. VIEW #: 1. BACKLOGGED :: 200.400%! ~~ 
17:42:46.161 WARN  ~~ LOOPS: 10. ENTITY #: 436//167. VIEW #: 1. BACKLOGGED :: 190.200%! ~~ 
17:42:47.198 WARN  ~~ LOOPS: 11. ENTITY #: 436//166. VIEW #: 1. BACKLOGGED :: 186.273%! ~~ 
17:42:48.281 WARN  ~~ LOOPS: 10. ENTITY #: 436//179. VIEW #: 1. BACKLOGGED :: 224.700%! ~~ 
17:42:49.417 WARN  ~~ LOOPS: 7. ENTITY #: 436//250. VIEW #: 1. BACKLOGGED :: 382.286%! ~~ 
17:42:50.541 WARN  ~~ LOOPS: 6. ENTITY #: 436//318. VIEW #: 1. BACKLOGGED :: 464.500%! ~~ 
17:42:51.633 WARN  ~~ LOOPS: 5. ENTITY #: 436//339. VIEW #: 1. BACKLOGGED :: 523.800%! ~~ 
17:42:52.688 WARN  ~~ LOOPS: 5. ENTITY #: 436//343. VIEW #: 1. BACKLOGGED :: 532.800%! ~~ 
17:42:53.696 WARN  ~~ LOOPS: 5. ENTITY #: 436//345. VIEW #: 1. BACKLOGGED :: 495.600%! ~~ 
17:42:54.705 WARN  ~~ LOOPS: 5. ENTITY #: 436//342. VIEW #: 1. BACKLOGGED :: 501.600%! ~~ 
17:42:55.809 WARN  ~~ LOOPS: 6. ENTITY #: 436//323. VIEW #: 1. BACKLOGGED :: 463.000%! ~~ 
17:42:56.902 WARN  ~~ LOOPS: 6. ENTITY #: 436//323. VIEW #: 1. BACKLOGGED :: 447.000%! ~~ 
17:42:57.910 WARN  ~~ LOOPS: 5. ENTITY #: 436//328. VIEW #: 1. BACKLOGGED :: 487.200%! ~~ 
17:42:58.923 WARN  ~~ LOOPS: 5. ENTITY #: 437//326. VIEW #: 1. BACKLOGGED :: 500.400%! ~~ 
17:42:59.933 WARN  ~~ LOOPS: 5. ENTITY #: 439//322. VIEW #: 1. BACKLOGGED :: 507.600%! ~~ 
17:43:01.016 WARN  ~~ LOOPS: 5. ENTITY #: 438//331. VIEW #: 1. BACKLOGGED :: 558.000%! ~~ 
17:43:02.132 WARN  ~~ LOOPS: 5. ENTITY #: 439//337. VIEW #: 1. BACKLOGGED :: 570.600%! ~~ 
17:43:03.243 WARN  ~~ LOOPS: 5. ENTITY #: 441//328. VIEW #: 1. BACKLOGGED :: 564.600%! ~~ 
17:43:04.421 WARN  ~~ LOOPS: 6. ENTITY #: 441//320. VIEW #: 1. BACKLOGGED :: 491.500%! ~~ 
17:43:05.430 WARN  ~~ LOOPS: 5. ENTITY #: 443//320. VIEW #: 1. BACKLOGGED :: 490.200%! ~~ 
17:43:06.548 WARN  ~~ LOOPS: 6. ENTITY #: 443//315. VIEW #: 1. BACKLOGGED :: 470.000%! ~~ 
17:43:07.709 WARN  ~~ LOOPS: 6. ENTITY #: 443//310. VIEW #: 1. BACKLOGGED :: 479.500%! ~~ 
17:43:08.716 WARN  ~~ LOOPS: 5. ENTITY #: 443//315. VIEW #: 1. BACKLOGGED :: 499.200%! ~~ 
17:43:09.821 WARN  ~~ LOOPS: 6. ENTITY #: 438//307. VIEW #: 1. BACKLOGGED :: 455.000%! ~~ 
17:43:10.877 WARN  ~~ LOOPS: 6. ENTITY #: 432//296. VIEW #: 1. BACKLOGGED :: 427.000%! ~~ 
17:43:11.885 WARN  ~~ LOOPS: 6. ENTITY #: 431//277. VIEW #: 1. BACKLOGGED :: 403.500%! ~~ 
17:43:12.973 WARN  ~~ LOOPS: 7. ENTITY #: 428//231. VIEW #: 1. BACKLOGGED :: 366.000%! ~~ 
17:43:12.973 ERROR Something may be very wrong... 
17:43:14.011 WARN  ~~ LOOPS: 8. ENTITY #: 424//191. VIEW #: 1. BACKLOGGED :: 287.250%! ~~ 
17:43:14.011 ERROR Something may be very wrong... 
17:43:15.019 WARN  ~~ LOOPS: 10. ENTITY #: 423//148. VIEW #: 1. BACKLOGGED :: 196.500%! ~~ 
17:43:15.019 ERROR Something may be very wrong... 
17:43:16.061 WARN  ~~ LOOPS: 13. ENTITY #: 423//124. VIEW #: 1. BACKLOGGED :: 145.615%! ~~ 
17:43:16.061 ERROR Something may be very wrong... 
17:43:17.097 WARN  ~~ LOOPS: 13. ENTITY #: 423//112. VIEW #: 1. BACKLOGGED :: 138.000%! ~~ 
17:43:17.097 ERROR Something may be very wrong... 
17:43:18.120 WARN  ~~ LOOPS: 14. ENTITY #: 423//99. VIEW #: 1. BACKLOGGED :: 118.714%! ~~ 
17:43:18.120 ERROR Something may be very wrong... 
17:43:19.158 WARN  ~~ LOOPS: 15. ENTITY #: 423//93. VIEW #: 1. BACKLOGGED :: 107.600%! ~~ 
17:43:19.158 ERROR Something may be very wrong... 
17:43:20.175 WARN  ~~ LOOPS: 15. ENTITY #: 423//89. VIEW #: 1. BACKLOGGED :: 103.200%! ~~ 
17:43:20.175 ERROR Something may be very wrong... 
17:43:21.185 WARN  ~~ LOOPS: 15. ENTITY #: 423//87. VIEW #: 1. BACKLOGGED :: 101.200%! ~~ 
17:43:21.185 ERROR Something may be very wrong... 
20:00:54.271 ERROR [ERROR] A ghost has been found! 
20:00:54.271 ERROR Type: Observer 
20:00:54.271 ERROR Position: (2519.7870411332196, 2691.6641710234685) 
20:00:54.271 ERROR Collision Array:  
20:00:54.271 ERROR Health: 3667.371666666667 
20:00:54.271 WARN  Ghost removed successfully. 
20:00:54.271 WARN  Ghost removed successfully. 
20:00:54.272 ERROR Ghost entity found! 
20:00:54.272 ERROR Type: Observer 
20:00:54.272 ERROR Position: (2519.7870411332196, 2691.6641710234685) 
20:00:54.275 ERROR [] 
20:00:54.275 ERROR Health: 3667.371666666667 
20:02:42.810 ERROR Ghost entity found! 
20:02:42.810 ERROR Type: Observer 
20:02:42.810 ERROR Position: (2429.1914295452243, 2578.6454675933837) 
20:02:42.810 ERROR [] 
20:02:42.811 ERROR Health: 3667.371666666667 
20:02:42.811 WARN  Ghost entity removed successfully. 
20:19:41.606 ERROR [ERROR] A ghost has been found! 
20:19:41.606 ERROR Type: OP Annihilator 
20:19:41.606 ERROR Position: (5347.360449398015, 820.9074905589258) 
20:19:41.606 ERROR Collision Array:  
20:19:41.606 ERROR Health: -1 
20:19:41.606 WARN  Ghost removed successfully. 
20:19:41.606 WARN  Ghost removed successfully. 
21:05:08.555 WARN  Malformed command packet! Kicking player and giving 1 warning. 
21:47:27.415 ERROR sockets is not defined
ReferenceError: sockets is not defined
    at Entity.define (/home/ubuntu/workspace/arras.io/src/server/server.js:1787:13)
    at exportDefintionsToClient (/home/ubuntu/workspace/arras.io/src/server/server.js:2538:26)
    at Object.<anonymous> (/home/ubuntu/workspace/arras.io/src/server/server.js:2562:7)
    at Module._compile (module.js:624:30)
    at Object.Module._extensions..js (module.js:635:10)
    at Module.load (module.js:545:32)
    at tryModuleLoad (module.js:508:12)
    at Function.Module._load (module.js:500:3)
    at Function.Module.runMain (module.js:665:10)
    at startup (bootstrap_node.js:187:16) 
21:47:27.416 ERROR glitch 
21:47:27.417 ERROR {"PARENT":[{"NAME":"","LABEL":"Generic Entity","TYPE":"unknown","DAMAGE_CLASS":0,"DANGER":0,"VALUE":0,"SHAPE":0,"COLOR":16,"INDEPENDENT":false,"CONTROLLERS":["doNothing"],"HAS_NO_MASTER":false,"MOTION_TYPE":"glide","FACING_TYPE":"toTarget","DRAW_HEALTH":false,"DRAW_SELF":true,"DAMAGE_EFFECTS":true,"RATEFFECTS":true,"MOTION_EFFECTS":true,"INTANGIBLE":false,"ACCEPTS_SCORE":true,"GIVE_KILL_MESSAGE":false,"CAN_GO_OUTSIDE_ROOM":false,"HAS_NO_SKILL_POINTS":false,"HITS_OWN_TYPE":"normal","DIE_AT_LOW_SPEED":false,"DIE_AT_RANGE":false,"CLEAR_ON_MASTER_UPGRADE":false,"PERSISTS_AFTER_DEATH":false,"VARIES_IN_SIZE":false,"HEALTH_WITH_LEVEL":true,"CAN_BE_ON_LEADERBOARD":true,"HAS_NO_RECOIL":false,"AUTO_UPGRADE":"none","BUFF_VS_FOOD":false,"OBSTACLE":false,"CRAVES_ATTENTION":false,"NECRO":false,"UPGRADES_TIER_1":[],"UPGRADES_TIER_2":[],"UPGRADES_TIER_3":[],"SKILL":[0,0,0,0,0,0,0,0,0,0],"LEVEL":0,"SKILL_CAP":[9,9,9,9,9,9,9,9,9,9],"GUNS":[],"MAX_CHILDREN":0,"BODY":{"ACCELERATION":1,"SPEED":0,"HEALTH":1,"RESIST":1,"SHIELD":0,"REGEN":0,"DAMAGE":1,"PENETRATION":1,"RANGE":0,"FOV":1,"DENSITY":1,"STEALTH":1,"PUSHABILITY":1,"HETERO":2},"FOOD":{"LEVEL":-1},"DIES_TO_TEAM_BASE":true,"GOD_MODE":false,"index":0,"mockup":{"body":{"type":1,"id":0,"index":0,"x":0,"y":0,"vx":0,"vy":0,"size":1,"rsize":1,"status":1,"health":1,"shield":null,"facing":0,"vfacing":0,"twiggle":false,"layer":0,"color":16,"name":"Generic Entity","score":0,"guns":[],"turrets":[],"position":{"middle":{"x":0,"y":0},"axis":2,"points":[{"x":1,"y":0},{"x":-1,"y":0},{"x":0,"y":1}]}},"position":{"middle":{"x":0,"y":0},"axis":2,"points":[{"x":1,"y":0},{"x":-1,"y":0},{"x":0,"y":1}]}}}],"LABEL":"exports.genericEntity","SHAPE":7,"COLOR":9,"SIZE":20,"GUNS":[{"POSITION":[510,5,1.1,0,0,0,0]},{},{"POSITION":[3.5,3.75,1,8,0,51.2486,0]},{"POSITION":[1.25,3.75,1.7,12,0,51.2486,0],"PROPERTIES":{"SHOOT_SETTINGS":{"reload":45.9,"recoil":0,"shudder":0.0625,"size":0.6,"health":1.75,"damage":1.125,"pen":1.75,"speed":2.5,"maxSpeed":2,"range":0.75,"density":1,"spray":7.5,"resist":3},"TYPE":{"LABEL":"Trap","TYPE":"trap","ACCEPTS_SCORE":false,"SHAPE":-3,"MOTION_TYPE":"glide","FACING_TYPE":"turnWithSpeed","HITS_OWN_TYPE":"push","DIE_AT_RANGE":true,"BODY":{"HEALTH":0.5,"DAMAGE":3,"RANGE":450,"DENSITY":2.5,"RESIST":2.5,"SPEED":0},"index":18,"mockup":{"body":{"type":1,"id":18,"index":18,"x":0,"y":0,"vx":0,"vy":0,"size":1,"rsize":1.555120301556214,"status":1,"health":1,"shield":null,"facing":0,"vfacing":0,"twiggle":false,"layer":0,"color":16,"name":"Trap","score":0,"guns":[],"turrets":[],"position":{"middle":{"x":0,"y":0},"axis":3.11024,"points":[{"x":1.55512,"y":0},{"x":-0.77756,"y":-1.34677},{"x":-0.77756,"y":1.34677}]}},"position":{"middle":{"x":0,"y":0},"axis":3.11024,"points":[{"x":1.55512,"y":0},{"x":-0.77756,"y":-1.34677},{"x":-0.77756,"y":1.34677}]}}},"AUTOFIRE":true}}],"index":214} 
22:08:26.484 WARN  ~~ LOOPS: 15. ENTITY #: 318//77. VIEW #: 1. BACKLOGGED :: 104.800%! ~~ 
22:08:27.486 WARN  ~~ LOOPS: 14. ENTITY #: 320//77. VIEW #: 1. BACKLOGGED :: 110.786%! ~~ 
22:08:28.488 WARN  ~~ LOOPS: 14. ENTITY #: 321//78. VIEW #: 1. BACKLOGGED :: 114.214%! ~~ 
22:08:29.521 WARN  ~~ LOOPS: 14. ENTITY #: 323//76. VIEW #: 1. BACKLOGGED :: 125.786%! ~~ 
22:08:30.541 WARN  ~~ LOOPS: 14. ENTITY #: 323//77. VIEW #: 1. BACKLOGGED :: 117.857%! ~~ 
22:08:31.544 WARN  ~~ LOOPS: 13. ENTITY #: 324//73. VIEW #: 1. BACKLOGGED :: 131.308%! ~~ 
22:08:32.578 WARN  ~~ LOOPS: 13. ENTITY #: 326//79. VIEW #: 1. BACKLOGGED :: 138.923%! ~~ 
22:08:33.581 WARN  ~~ LOOPS: 12. ENTITY #: 327//83. VIEW #: 1. BACKLOGGED :: 149.500%! ~~ 
22:08:34.617 WARN  ~~ LOOPS: 13. ENTITY #: 327//83. VIEW #: 1. BACKLOGGED :: 138.462%! ~~ 
22:08:35.662 WARN  ~~ LOOPS: 13. ENTITY #: 325//78. VIEW #: 1. BACKLOGGED :: 141.000%! ~~ 
22:08:36.681 WARN  ~~ LOOPS: 12. ENTITY #: 326//82. VIEW #: 1. BACKLOGGED :: 154.250%! ~~ 
22:08:37.684 WARN  ~~ LOOPS: 11. ENTITY #: 328//85. VIEW #: 1. BACKLOGGED :: 167.727%! ~~ 
22:08:38.693 WARN  ~~ LOOPS: 11. ENTITY #: 328//79. VIEW #: 1. BACKLOGGED :: 180.000%! ~~ 
22:08:39.711 WARN  ~~ LOOPS: 11. ENTITY #: 329//84. VIEW #: 1. BACKLOGGED :: 178.091%! ~~ 
22:08:40.774 WARN  ~~ LOOPS: 11. ENTITY #: 332//86. VIEW #: 1. BACKLOGGED :: 188.455%! ~~ 
22:08:41.777 WARN  ~~ LOOPS: 10. ENTITY #: 291//74. VIEW #: 1. BACKLOGGED :: 194.400%! ~~ 
22:08:42.779 WARN  ~~ LOOPS: 11. ENTITY #: 292//77. VIEW #: 1. BACKLOGGED :: 174.818%! ~~ 
22:08:43.782 WARN  ~~ LOOPS: 11. ENTITY #: 292//76. VIEW #: 1. BACKLOGGED :: 175.636%! ~~ 
22:08:44.785 WARN  ~~ LOOPS: 11. ENTITY #: 292//69. VIEW #: 1. BACKLOGGED :: 170.182%! ~~ 
22:08:45.692 ERROR [ERROR] A ghost has been found! 
22:08:45.692 ERROR Type: exports.genericEntity 
22:08:45.692 ERROR Position: (5225.0527777081215, 4917.446609269686) 
22:08:45.693 ERROR Collision Array:  
22:08:45.693 ERROR Health: 0.7783333333333335 
22:08:45.693 WARN  Ghost removed successfully. 
22:08:45.693 WARN  Ghost removed successfully. 
22:08:45.793 WARN  ~~ LOOPS: 11. ENTITY #: 291//76. VIEW #: 1. BACKLOGGED :: 181.091%! ~~ 
22:08:46.817 WARN  ~~ LOOPS: 11. ENTITY #: 290//76. VIEW #: 1. BACKLOGGED :: 178.364%! ~~ 
22:08:47.862 WARN  ~~ LOOPS: 12. ENTITY #: 291//69. VIEW #: 1. BACKLOGGED :: 161.500%! ~~ 
22:08:48.920 WARN  ~~ LOOPS: 12. ENTITY #: 292//77. VIEW #: 1. BACKLOGGED :: 164.000%! ~~ 
22:08:49.923 WARN  ~~ LOOPS: 11. ENTITY #: 292//76. VIEW #: 1. BACKLOGGED :: 167.182%! ~~ 
22:08:50.926 WARN  ~~ LOOPS: 11. ENTITY #: 291//70. VIEW #: 1. BACKLOGGED :: 172.364%! ~~ 
22:08:51.929 WARN  ~~ LOOPS: 12. ENTITY #: 292//76. VIEW #: 1. BACKLOGGED :: 151.500%! ~~ 
22:08:52.932 WARN  ~~ LOOPS: 12. ENTITY #: 291//75. VIEW #: 1. BACKLOGGED :: 157.000%! ~~ 
22:11:59.437 WARN  ~~ LOOPS: 15. ENTITY #: 327//32. VIEW #: 1. BACKLOGGED :: 101.400%! ~~ 
22:12:37.062 ERROR [ERROR] A ghost has been found! 
22:12:37.062 ERROR Type: exports.genericEntity 
22:12:37.062 ERROR Position: (4806.358561084939, 1682.9514086131574) 
22:12:37.062 ERROR Collision Array:  
22:12:37.062 ERROR Health: 0.44833333333333325 
22:12:37.062 WARN  Ghost removed successfully. 
22:12:37.062 WARN  Ghost removed successfully. 
