00:49:21.148 WARN  ~~ LOOPS: 14. ENTITY #: 452//24. VIEW #: 1. BACKLOGGED :: 241.714%! ~~ 
19:08:30.842 WARN  ~~ LOOPS: 17. ENTITY #: 671//326. VIEW #: 5. BACKLOGGED :: 118.412%! ~~ 
19:10:08.586 WARN  ~~ LOOPS: 14. ENTITY #: 760//432. VIEW #: 5. BACKLOGGED :: 129.214%! ~~ 
19:10:09.658 WARN  ~~ LOOPS: 14. ENTITY #: 738//409. VIEW #: 5. BACKLOGGED :: 123.214%! ~~ 
19:10:13.774 WARN  ~~ LOOPS: 14. ENTITY #: 816//445. VIEW #: 6. BACKLOGGED :: 119.571%! ~~ 
19:10:14.797 WARN  ~~ LOOPS: 13. ENTITY #: 745//411. VIEW #: 6. BACKLOGGED :: 133.385%! ~~ 
19:10:15.839 WARN  ~~ LOOPS: 13. ENTITY #: 817//441. VIEW #: 6. BACKLOGGED :: 133.385%! ~~ 
19:10:16.884 WARN  ~~ LOOPS: 13. ENTITY #: 879//509. VIEW #: 6. BACKLOGGED :: 139.154%! ~~ 
19:10:17.913 WARN  ~~ LOOPS: 11. ENTITY #: 932//626. VIEW #: 6. BACKLOGGED :: 167.455%! ~~ 
19:10:18.948 WARN  ~~ LOOPS: 12. ENTITY #: 739//436. VIEW #: 6. BACKLOGGED :: 158.750%! ~~ 
19:10:19.990 WARN  ~~ LOOPS: 14. ENTITY #: 696//317. VIEW #: 5. BACKLOGGED :: 115.286%! ~~ 
19:10:21.063 WARN  ~~ LOOPS: 14. ENTITY #: 995//539. VIEW #: 5. BACKLOGGED :: 125.786%! ~~ 
19:10:22.124 WARN  ~~ LOOPS: 11. ENTITY #: 913//717. VIEW #: 5. BACKLOGGED :: 185.182%! ~~ 
19:10:23.147 WARN  ~~ LOOPS: 13. ENTITY #: 701//363. VIEW #: 5. BACKLOGGED :: 132.692%! ~~ 
19:10:24.200 WARN  ~~ LOOPS: 14. ENTITY #: 985//566. VIEW #: 5. BACKLOGGED :: 114.429%! ~~ 
19:10:25.239 WARN  ~~ LOOPS: 13. ENTITY #: 810//647. VIEW #: 5. BACKLOGGED :: 128.308%! ~~ 
19:10:56.730 WARN  ~~ LOOPS: 14. ENTITY #: 856//485. VIEW #: 6. BACKLOGGED :: 113.786%! ~~ 
19:11:01.877 WARN  ~~ LOOPS: 14. ENTITY #: 967//551. VIEW #: 6. BACKLOGGED :: 124.714%! ~~ 
19:11:02.903 WARN  ~~ LOOPS: 11. ENTITY #: 1017//653. VIEW #: 6. BACKLOGGED :: 174.545%! ~~ 
19:11:04.030 WARN  ~~ LOOPS: 12. ENTITY #: 1281//848. VIEW #: 6. BACKLOGGED :: 182.000%! ~~ 
19:11:05.164 WARN  ~~ LOOPS: 9. ENTITY #: 1283//953. VIEW #: 6. BACKLOGGED :: 263.333%! ~~ 
19:11:06.262 WARN  ~~ LOOPS: 8. ENTITY #: 1261//936. VIEW #: 6. BACKLOGGED :: 276.750%! ~~ 
19:11:07.344 WARN  ~~ LOOPS: 8. ENTITY #: 1260//938. VIEW #: 6. BACKLOGGED :: 274.125%! ~~ 
19:11:08.358 WARN  ~~ LOOPS: 10. ENTITY #: 990//800. VIEW #: 6. BACKLOGGED :: 204.600%! ~~ 
19:11:09.369 WARN  ~~ LOOPS: 12. ENTITY #: 667//509. VIEW #: 6. BACKLOGGED :: 148.500%! ~~ 
19:11:12.404 WARN  ~~ LOOPS: 13. ENTITY #: 922//472. VIEW #: 6. BACKLOGGED :: 126.231%! ~~ 
19:11:13.454 WARN  ~~ LOOPS: 12. ENTITY #: 1186//735. VIEW #: 6. BACKLOGGED :: 145.000%! ~~ 
19:11:14.499 WARN  ~~ LOOPS: 9. ENTITY #: 1081//811. VIEW #: 6. BACKLOGGED :: 234.000%! ~~ 
19:11:15.536 WARN  ~~ LOOPS: 10. ENTITY #: 786//573. VIEW #: 6. BACKLOGGED :: 207.000%! ~~ 
19:11:16.565 WARN  ~~ LOOPS: 14. ENTITY #: 993//515. VIEW #: 6. BACKLOGGED :: 117.857%! ~~ 
19:11:17.615 WARN  ~~ LOOPS: 11. ENTITY #: 1219//786. VIEW #: 6. BACKLOGGED :: 166.636%! ~~ 
19:11:18.682 WARN  ~~ LOOPS: 10. ENTITY #: 1036//815. VIEW #: 6. BACKLOGGED :: 209.400%! ~~ 
19:11:19.752 WARN  ~~ LOOPS: 12. ENTITY #: 804//553. VIEW #: 6. BACKLOGGED :: 164.500%! ~~ 
19:11:20.815 WARN  ~~ LOOPS: 14. ENTITY #: 874//454. VIEW #: 6. BACKLOGGED :: 126.643%! ~~ 
19:11:21.898 WARN  ~~ LOOPS: 13. ENTITY #: 1004//658. VIEW #: 6. BACKLOGGED :: 140.308%! ~~ 
19:11:22.898 WARN  ~~ LOOPS: 14. ENTITY #: 550//428. VIEW #: 6. BACKLOGGED :: 112.286%! ~~ 
19:12:04.644 WARN  ~~ LOOPS: 13. ENTITY #: 1088//550. VIEW #: 6. BACKLOGGED :: 138.462%! ~~ 
19:12:05.736 WARN  ~~ LOOPS: 10. ENTITY #: 1508//1039. VIEW #: 6. BACKLOGGED :: 217.500%! ~~ 
19:12:06.839 WARN  ~~ LOOPS: 9. ENTITY #: 1761//1423. VIEW #: 6. BACKLOGGED :: 260.333%! ~~ 
19:12:07.980 WARN  ~~ LOOPS: 9. ENTITY #: 1764//1521. VIEW #: 6. BACKLOGGED :: 265.000%! ~~ 
19:12:09.109 WARN  ~~ LOOPS: 8. ENTITY #: 1761//1519. VIEW #: 6. BACKLOGGED :: 269.250%! ~~ 
19:12:10.220 WARN  ~~ LOOPS: 8. ENTITY #: 1758//1513. VIEW #: 6. BACKLOGGED :: 285.000%! ~~ 
19:12:11.333 WARN  ~~ LOOPS: 9. ENTITY #: 1740//1498. VIEW #: 6. BACKLOGGED :: 252.000%! ~~ 
19:12:12.476 WARN  ~~ LOOPS: 9. ENTITY #: 1564//1443. VIEW #: 6. BACKLOGGED :: 257.667%! ~~ 
19:12:13.543 WARN  ~~ LOOPS: 9. ENTITY #: 1176//1103. VIEW #: 6. BACKLOGGED :: 238.667%! ~~ 
19:12:14.574 WARN  ~~ LOOPS: 11. ENTITY #: 728//679. VIEW #: 6. BACKLOGGED :: 163.636%! ~~ 
19:13:13.496 WARN  ~~ LOOPS: 14. ENTITY #: 774//496. VIEW #: 6. BACKLOGGED :: 118.071%! ~~ 
19:13:14.526 WARN  ~~ LOOPS: 14. ENTITY #: 770//534. VIEW #: 5. BACKLOGGED :: 117.214%! ~~ 
19:13:15.559 WARN  ~~ LOOPS: 15. ENTITY #: 778//535. VIEW #: 5. BACKLOGGED :: 106.800%! ~~ 
19:13:16.619 WARN  ~~ LOOPS: 15. ENTITY #: 833//559. VIEW #: 5. BACKLOGGED :: 109.400%! ~~ 
19:13:17.638 WARN  ~~ LOOPS: 15. ENTITY #: 559//433. VIEW #: 5. BACKLOGGED :: 101.600%! ~~ 
19:22:15.571 WARN  ~~ LOOPS: 15. ENTITY #: 384//73. VIEW #: 5. BACKLOGGED :: 124.400%! ~~ 
19:22:34.170 WARN  Malformed command packet! Kicking. 
22:12:13.171 WARN  ~~ LOOPS: 14. ENTITY #: 712//430. VIEW #: 1. BACKLOGGED :: 113.143%! ~~ 
22:12:14.218 WARN  ~~ LOOPS: 15. ENTITY #: 768//504. VIEW #: 1. BACKLOGGED :: 105.800%! ~~ 
22:12:15.243 WARN  ~~ LOOPS: 14. ENTITY #: 797//533. VIEW #: 1. BACKLOGGED :: 113.143%! ~~ 
22:12:16.293 WARN  ~~ LOOPS: 14. ENTITY #: 818//554. VIEW #: 1. BACKLOGGED :: 124.714%! ~~ 
22:12:17.311 WARN  ~~ LOOPS: 14. ENTITY #: 773//536. VIEW #: 1. BACKLOGGED :: 109.286%! ~~ 
22:12:21.420 WARN  ~~ LOOPS: 14. ENTITY #: 717//538. VIEW #: 1. BACKLOGGED :: 106.714%! ~~ 
22:12:22.480 WARN  ~~ LOOPS: 15. ENTITY #: 707//523. VIEW #: 1. BACKLOGGED :: 104.000%! ~~ 
22:12:23.551 WARN  ~~ LOOPS: 15. ENTITY #: 698//529. VIEW #: 1. BACKLOGGED :: 114.800%! ~~ 
22:12:25.616 WARN  ~~ LOOPS: 15. ENTITY #: 748//576. VIEW #: 1. BACKLOGGED :: 104.600%! ~~ 
22:12:26.635 WARN  ~~ LOOPS: 14. ENTITY #: 775//617. VIEW #: 1. BACKLOGGED :: 117.643%! ~~ 
22:12:27.687 WARN  ~~ LOOPS: 14. ENTITY #: 797//641. VIEW #: 1. BACKLOGGED :: 121.929%! ~~ 
22:12:28.723 WARN  ~~ LOOPS: 13. ENTITY #: 788//647. VIEW #: 1. BACKLOGGED :: 127.154%! ~~ 
22:12:29.777 WARN  ~~ LOOPS: 14. ENTITY #: 768//635. VIEW #: 1. BACKLOGGED :: 121.071%! ~~ 
22:12:30.793 WARN  ~~ LOOPS: 14. ENTITY #: 734//606. VIEW #: 1. BACKLOGGED :: 112.500%! ~~ 
22:12:31.825 WARN  ~~ LOOPS: 14. ENTITY #: 668//571. VIEW #: 1. BACKLOGGED :: 114.429%! ~~ 
22:12:33.883 WARN  ~~ LOOPS: 14. ENTITY #: 703//544. VIEW #: 1. BACKLOGGED :: 104.357%! ~~ 
22:12:34.913 WARN  ~~ LOOPS: 15. ENTITY #: 704//557. VIEW #: 1. BACKLOGGED :: 104.400%! ~~ 
22:12:35.942 WARN  ~~ LOOPS: 15. ENTITY #: 706//554. VIEW #: 1. BACKLOGGED :: 104.400%! ~~ 
22:12:36.983 WARN  ~~ LOOPS: 15. ENTITY #: 659//522. VIEW #: 1. BACKLOGGED :: 104.200%! ~~ 
22:12:46.176 WARN  ~~ LOOPS: 15. ENTITY #: 697//524. VIEW #: 1. BACKLOGGED :: 105.000%! ~~ 
22:12:47.191 WARN  ~~ LOOPS: 14. ENTITY #: 699//519. VIEW #: 1. BACKLOGGED :: 109.714%! ~~ 
22:12:49.261 WARN  ~~ LOOPS: 15. ENTITY #: 688//503. VIEW #: 1. BACKLOGGED :: 107.200%! ~~ 
22:12:50.303 WARN  ~~ LOOPS: 15. ENTITY #: 683//499. VIEW #: 1. BACKLOGGED :: 109.600%! ~~ 
22:12:51.332 WARN  ~~ LOOPS: 14. ENTITY #: 699//500. VIEW #: 1. BACKLOGGED :: 108.643%! ~~ 
22:12:52.370 WARN  ~~ LOOPS: 15. ENTITY #: 693//500. VIEW #: 1. BACKLOGGED :: 104.800%! ~~ 
22:12:53.388 WARN  ~~ LOOPS: 14. ENTITY #: 703//505. VIEW #: 1. BACKLOGGED :: 111.214%! ~~ 
22:12:54.410 WARN  ~~ LOOPS: 13. ENTITY #: 674//505. VIEW #: 1. BACKLOGGED :: 128.538%! ~~ 
22:12:55.441 WARN  ~~ LOOPS: 15. ENTITY #: 624//468. VIEW #: 1. BACKLOGGED :: 106.000%! ~~ 
22:24:21.710 WARN  ~~ LOOPS: 12. ENTITY #: 520//71. VIEW #: 2. BACKLOGGED :: 100.500%! ~~ 
22:24:30.046 WARN  ~~ LOOPS: 8. ENTITY #: 521//72. VIEW #: 2. BACKLOGGED :: 286.125%! ~~ 
22:24:31.218 WARN  ~~ LOOPS: 6. ENTITY #: 520//64. VIEW #: 2. BACKLOGGED :: 338.000%! ~~ 
22:24:47.022 WARN  ~~ LOOPS: 13. ENTITY #: 554//120. VIEW #: 2. BACKLOGGED :: 122.077%! ~~ 
22:24:48.066 WARN  ~~ LOOPS: 14. ENTITY #: 556//124. VIEW #: 2. BACKLOGGED :: 118.286%! ~~ 
22:24:49.119 WARN  ~~ LOOPS: 13. ENTITY #: 554//130. VIEW #: 2. BACKLOGGED :: 106.615%! ~~ 
22:24:50.273 WARN  ~~ LOOPS: 9. ENTITY #: 560//125. VIEW #: 2. BACKLOGGED :: 191.333%! ~~ 
22:24:51.307 WARN  ~~ LOOPS: 9. ENTITY #: 550//131. VIEW #: 2. BACKLOGGED :: 235.667%! ~~ 
22:24:52.423 WARN  ~~ LOOPS: 12. ENTITY #: 559//125. VIEW #: 2. BACKLOGGED :: 128.500%! ~~ 
22:24:53.457 WARN  ~~ LOOPS: 13. ENTITY #: 554//126. VIEW #: 2. BACKLOGGED :: 135.923%! ~~ 
22:24:54.646 WARN  ~~ LOOPS: 13. ENTITY #: 552//121. VIEW #: 2. BACKLOGGED :: 114.923%! ~~ 
22:24:55.686 WARN  ~~ LOOPS: 13. ENTITY #: 555//121. VIEW #: 2. BACKLOGGED :: 131.538%! ~~ 
22:24:56.825 WARN  ~~ LOOPS: 13. ENTITY #: 557//119. VIEW #: 2. BACKLOGGED :: 115.846%! ~~ 
22:25:00.029 WARN  ~~ LOOPS: 10. ENTITY #: 563//112. VIEW #: 2. BACKLOGGED :: 131.700%! ~~ 
22:25:01.078 WARN  ~~ LOOPS: 13. ENTITY #: 564//107. VIEW #: 2. BACKLOGGED :: 137.308%! ~~ 
22:25:02.258 WARN  ~~ LOOPS: 12. ENTITY #: 565//116. VIEW #: 2. BACKLOGGED :: 148.750%! ~~ 
22:25:03.304 WARN  ~~ LOOPS: 13. ENTITY #: 563//116. VIEW #: 2. BACKLOGGED :: 104.077%! ~~ 
22:25:04.449 WARN  ~~ LOOPS: 15. ENTITY #: 559//110. VIEW #: 2. BACKLOGGED :: 104.200%! ~~ 
22:25:06.627 WARN  ~~ LOOPS: 15. ENTITY #: 557//115. VIEW #: 2. BACKLOGGED :: 104.000%! ~~ 
22:25:08.817 WARN  ~~ LOOPS: 16. ENTITY #: 560//123. VIEW #: 2. BACKLOGGED :: 108.000%! ~~ 
22:25:09.838 WARN  ~~ LOOPS: 10. ENTITY #: 559//120. VIEW #: 2. BACKLOGGED :: 161.400%! ~~ 
22:25:12.907 WARN  ~~ LOOPS: 14. ENTITY #: 560//115. VIEW #: 2. BACKLOGGED :: 118.071%! ~~ 
22:25:20.285 WARN  ~~ LOOPS: 14. ENTITY #: 580//139. VIEW #: 2. BACKLOGGED :: 121.500%! ~~ 
22:25:21.615 WARN  ~~ LOOPS: 12. ENTITY #: 581//133. VIEW #: 2. BACKLOGGED :: 144.750%! ~~ 
22:25:22.619 WARN  ~~ LOOPS: 14. ENTITY #: 586//134. VIEW #: 2. BACKLOGGED :: 116.143%! ~~ 
22:25:24.626 WARN  ~~ LOOPS: 11. ENTITY #: 605//151. VIEW #: 2. BACKLOGGED :: 138.273%! ~~ 
22:25:25.827 WARN  ~~ LOOPS: 10. ENTITY #: 597//147. VIEW #: 2. BACKLOGGED :: 200.400%! ~~ 
22:25:26.867 WARN  ~~ LOOPS: 12. ENTITY #: 593//142. VIEW #: 2. BACKLOGGED :: 152.750%! ~~ 
22:25:28.041 WARN  ~~ LOOPS: 10. ENTITY #: 587//138. VIEW #: 2. BACKLOGGED :: 184.800%! ~~ 
22:25:29.099 WARN  ~~ LOOPS: 14. ENTITY #: 581//130. VIEW #: 2. BACKLOGGED :: 123.643%! ~~ 
22:25:30.246 WARN  ~~ LOOPS: 14. ENTITY #: 577//129. VIEW #: 2. BACKLOGGED :: 119.143%! ~~ 
22:25:31.421 WARN  ~~ LOOPS: 14. ENTITY #: 578//132. VIEW #: 2. BACKLOGGED :: 142.500%! ~~ 
22:25:32.465 WARN  ~~ LOOPS: 12. ENTITY #: 585//138. VIEW #: 2. BACKLOGGED :: 115.500%! ~~ 
22:25:33.679 WARN  ~~ LOOPS: 7. ENTITY #: 584//141. VIEW #: 2. BACKLOGGED :: 260.571%! ~~ 
22:25:34.885 WARN  ~~ LOOPS: 10. ENTITY #: 580//141. VIEW #: 2. BACKLOGGED :: 176.100%! ~~ 
22:25:36.265 WARN  ~~ LOOPS: 10. ENTITY #: 580//130. VIEW #: 2. BACKLOGGED :: 147.900%! ~~ 
22:25:37.675 WARN  ~~ LOOPS: 11. ENTITY #: 585//135. VIEW #: 2. BACKLOGGED :: 183.545%! ~~ 
22:25:38.693 WARN  ~~ LOOPS: 9. ENTITY #: 593//144. VIEW #: 2. BACKLOGGED :: 164.000%! ~~ 
22:26:36.846 WARN  ~~ LOOPS: 14. ENTITY #: 482//312. VIEW #: 2. BACKLOGGED :: 111.857%! ~~ 
22:26:37.859 WARN  ~~ LOOPS: 12. ENTITY #: 500//377. VIEW #: 2. BACKLOGGED :: 143.750%! ~~ 
22:26:38.865 WARN  ~~ LOOPS: 12. ENTITY #: 491//417. VIEW #: 2. BACKLOGGED :: 139.000%! ~~ 
22:26:41.904 WARN  ~~ LOOPS: 13. ENTITY #: 456//399. VIEW #: 2. BACKLOGGED :: 119.077%! ~~ 
22:26:43.928 WARN  ~~ LOOPS: 13. ENTITY #: 477//409. VIEW #: 2. BACKLOGGED :: 136.385%! ~~ 
22:26:52.068 WARN  ~~ LOOPS: 14. ENTITY #: 540//432. VIEW #: 2. BACKLOGGED :: 111.857%! ~~ 
22:26:53.084 WARN  ~~ LOOPS: 14. ENTITY #: 534//435. VIEW #: 2. BACKLOGGED :: 120.214%! ~~ 
22:26:54.100 WARN  ~~ LOOPS: 14. ENTITY #: 522//424. VIEW #: 2. BACKLOGGED :: 105.857%! ~~ 
22:26:55.107 WARN  ~~ LOOPS: 13. ENTITY #: 511//415. VIEW #: 2. BACKLOGGED :: 108.231%! ~~ 
22:26:56.114 WARN  ~~ LOOPS: 14. ENTITY #: 504//403. VIEW #: 2. BACKLOGGED :: 101.571%! ~~ 
22:27:00.156 WARN  ~~ LOOPS: 12. ENTITY #: 406//306. VIEW #: 2. BACKLOGGED :: 116.250%! ~~ 
22:27:02.231 WARN  ~~ LOOPS: 16. ENTITY #: 420//320. VIEW #: 2. BACKLOGGED :: 101.063%! ~~ 
22:27:05.256 WARN  ~~ LOOPS: 10. ENTITY #: 443//369. VIEW #: 2. BACKLOGGED :: 165.600%! ~~ 
22:27:07.310 WARN  ~~ LOOPS: 13. ENTITY #: 448//377. VIEW #: 2. BACKLOGGED :: 130.154%! ~~ 
22:27:08.467 WARN  ~~ LOOPS: 11. ENTITY #: 453//378. VIEW #: 2. BACKLOGGED :: 121.636%! ~~ 
22:27:09.477 WARN  ~~ LOOPS: 9. ENTITY #: 456//382. VIEW #: 2. BACKLOGGED :: 133.333%! ~~ 
22:27:10.498 WARN  ~~ LOOPS: 15. ENTITY #: 422//357. VIEW #: 2. BACKLOGGED :: 107.600%! ~~ 
22:27:11.507 WARN  ~~ LOOPS: 14. ENTITY #: 423//325. VIEW #: 2. BACKLOGGED :: 112.929%! ~~ 
22:27:12.515 WARN  ~~ LOOPS: 11. ENTITY #: 417//313. VIEW #: 2. BACKLOGGED :: 100.091%! ~~ 
22:27:14.623 WARN  ~~ LOOPS: 14. ENTITY #: 444//343. VIEW #: 2. BACKLOGGED :: 104.143%! ~~ 
22:27:15.647 WARN  ~~ LOOPS: 11. ENTITY #: 439//346. VIEW #: 2. BACKLOGGED :: 144.545%! ~~ 
22:27:16.654 WARN  ~~ LOOPS: 8. ENTITY #: 446//341. VIEW #: 2. BACKLOGGED :: 201.375%! ~~ 
22:27:17.665 WARN  ~~ LOOPS: 13. ENTITY #: 448//346. VIEW #: 2. BACKLOGGED :: 112.154%! ~~ 
22:27:19.687 WARN  ~~ LOOPS: 13. ENTITY #: 459//352. VIEW #: 2. BACKLOGGED :: 105.000%! ~~ 
22:27:22.819 WARN  ~~ LOOPS: 14. ENTITY #: 450//334. VIEW #: 2. BACKLOGGED :: 114.643%! ~~ 
22:27:23.827 WARN  ~~ LOOPS: 15. ENTITY #: 454//338. VIEW #: 2. BACKLOGGED :: 105.200%! ~~ 
22:27:26.859 WARN  ~~ LOOPS: 12. ENTITY #: 437//322. VIEW #: 2. BACKLOGGED :: 147.500%! ~~ 
22:27:30.893 WARN  ~~ LOOPS: 13. ENTITY #: 439//315. VIEW #: 2. BACKLOGGED :: 101.538%! ~~ 
22:27:33.919 WARN  ~~ LOOPS: 13. ENTITY #: 451//313. VIEW #: 2. BACKLOGGED :: 129.462%! ~~ 
22:27:34.944 WARN  ~~ LOOPS: 14. ENTITY #: 463//325. VIEW #: 2. BACKLOGGED :: 123.857%! ~~ 
22:27:50.279 WARN  ~~ LOOPS: 14. ENTITY #: 465//309. VIEW #: 2. BACKLOGGED :: 121.286%! ~~ 
22:27:51.293 WARN  ~~ LOOPS: 15. ENTITY #: 462//303. VIEW #: 2. BACKLOGGED :: 101.200%! ~~ 
22:27:54.315 WARN  ~~ LOOPS: 14. ENTITY #: 454//292. VIEW #: 2. BACKLOGGED :: 103.071%! ~~ 
22:27:55.328 WARN  ~~ LOOPS: 12. ENTITY #: 460//293. VIEW #: 2. BACKLOGGED :: 107.500%! ~~ 
22:28:02.458 WARN  ~~ LOOPS: 14. ENTITY #: 482//301. VIEW #: 2. BACKLOGGED :: 112.071%! ~~ 
22:28:07.514 WARN  ~~ LOOPS: 14. ENTITY #: 470//303. VIEW #: 2. BACKLOGGED :: 100.714%! ~~ 
22:28:10.620 WARN  ~~ LOOPS: 13. ENTITY #: 473//339. VIEW #: 2. BACKLOGGED :: 104.077%! ~~ 
22:28:16.693 WARN  ~~ LOOPS: 13. ENTITY #: 459//373. VIEW #: 2. BACKLOGGED :: 121.846%! ~~ 
22:28:17.702 WARN  ~~ LOOPS: 14. ENTITY #: 470//395. VIEW #: 2. BACKLOGGED :: 105.857%! ~~ 
22:28:20.859 WARN  ~~ LOOPS: 12. ENTITY #: 479//395. VIEW #: 2. BACKLOGGED :: 114.250%! ~~ 
22:28:21.888 WARN  ~~ LOOPS: 12. ENTITY #: 486//384. VIEW #: 2. BACKLOGGED :: 160.500%! ~~ 
22:28:22.897 WARN  ~~ LOOPS: 13. ENTITY #: 482//375. VIEW #: 2. BACKLOGGED :: 120.692%! ~~ 
22:28:24.918 WARN  ~~ LOOPS: 11. ENTITY #: 464//357. VIEW #: 2. BACKLOGGED :: 144.545%! ~~ 
22:28:25.932 WARN  ~~ LOOPS: 12. ENTITY #: 467//353. VIEW #: 2. BACKLOGGED :: 136.000%! ~~ 
22:28:27.023 WARN  ~~ LOOPS: 14. ENTITY #: 421//331. VIEW #: 2. BACKLOGGED :: 121.929%! ~~ 
22:28:34.079 WARN  ~~ LOOPS: 11. ENTITY #: 442//333. VIEW #: 2. BACKLOGGED :: 131.455%! ~~ 
22:29:32.031 WARN  ~~ LOOPS: 14. ENTITY #: 478//232. VIEW #: 3. BACKLOGGED :: 140.571%! ~~ 
22:29:39.104 WARN  ~~ LOOPS: 13. ENTITY #: 492//257. VIEW #: 4. BACKLOGGED :: 102.000%! ~~ 
22:29:40.138 WARN  ~~ LOOPS: 14. ENTITY #: 500//266. VIEW #: 4. BACKLOGGED :: 115.500%! ~~ 
22:29:41.265 WARN  ~~ LOOPS: 10. ENTITY #: 488//270. VIEW #: 4. BACKLOGGED :: 154.800%! ~~ 
22:29:42.276 WARN  ~~ LOOPS: 14. ENTITY #: 485//259. VIEW #: 4. BACKLOGGED :: 115.071%! ~~ 
22:32:02.832 WARN  ~~ LOOPS: 11. ENTITY #: 472//130. VIEW #: 4. BACKLOGGED :: 143.182%! ~~ 
22:35:05.429 WARN  ~~ LOOPS: 15. ENTITY #: 538//162. VIEW #: 4. BACKLOGGED :: 107.000%! ~~ 
22:35:07.469 WARN  ~~ LOOPS: 13. ENTITY #: 571//217. VIEW #: 4. BACKLOGGED :: 116.769%! ~~ 
22:35:08.502 WARN  ~~ LOOPS: 11. ENTITY #: 549//229. VIEW #: 4. BACKLOGGED :: 182.727%! ~~ 
22:35:09.655 WARN  ~~ LOOPS: 13. ENTITY #: 575//210. VIEW #: 4. BACKLOGGED :: 132.692%! ~~ 
22:35:10.656 WARN  ~~ LOOPS: 12. ENTITY #: 539//213. VIEW #: 4. BACKLOGGED :: 136.750%! ~~ 
22:35:11.688 WARN  ~~ LOOPS: 13. ENTITY #: 499//186. VIEW #: 4. BACKLOGGED :: 127.154%! ~~ 
22:35:12.819 WARN  ~~ LOOPS: 13. ENTITY #: 499//188. VIEW #: 4. BACKLOGGED :: 147.923%! ~~ 
22:35:15.836 WARN  ~~ LOOPS: 14. ENTITY #: 486//207. VIEW #: 4. BACKLOGGED :: 109.071%! ~~ 
22:36:16.316 WARN  ~~ LOOPS: 14. ENTITY #: 524//213. VIEW #: 4. BACKLOGGED :: 113.786%! ~~ 
22:36:18.439 WARN  ~~ LOOPS: 14. ENTITY #: 514//214. VIEW #: 4. BACKLOGGED :: 102.214%! ~~ 
22:37:06.630 WARN  ~~ LOOPS: 14. ENTITY #: 507//165. VIEW #: 5. BACKLOGGED :: 104.786%! ~~ 
22:37:12.853 WARN  ~~ LOOPS: 15. ENTITY #: 513//173. VIEW #: 5. BACKLOGGED :: 103.200%! ~~ 
22:37:13.902 WARN  ~~ LOOPS: 14. ENTITY #: 515//177. VIEW #: 5. BACKLOGGED :: 120.429%! ~~ 
22:37:19.250 WARN  ~~ LOOPS: 14. ENTITY #: 527//190. VIEW #: 5. BACKLOGGED :: 120.857%! ~~ 
22:37:20.296 WARN  ~~ LOOPS: 14. ENTITY #: 529//190. VIEW #: 5. BACKLOGGED :: 119.357%! ~~ 
22:37:21.296 WARN  ~~ LOOPS: 14. ENTITY #: 531//193. VIEW #: 5. BACKLOGGED :: 106.714%! ~~ 
22:37:23.324 WARN  ~~ LOOPS: 13. ENTITY #: 531//201. VIEW #: 5. BACKLOGGED :: 118.846%! ~~ 
22:37:24.459 WARN  ~~ LOOPS: 13. ENTITY #: 530//209. VIEW #: 5. BACKLOGGED :: 135.692%! ~~ 
22:37:25.632 WARN  ~~ LOOPS: 10. ENTITY #: 527//206. VIEW #: 5. BACKLOGGED :: 246.000%! ~~ 
22:37:26.632 WARN  ~~ LOOPS: 10. ENTITY #: 525//203. VIEW #: 5. BACKLOGGED :: 170.700%! ~~ 
22:37:27.633 WARN  ~~ LOOPS: 14. ENTITY #: 529//204. VIEW #: 5. BACKLOGGED :: 111.857%! ~~ 
22:37:30.665 WARN  ~~ LOOPS: 13. ENTITY #: 512//191. VIEW #: 5. BACKLOGGED :: 115.846%! ~~ 
22:37:37.864 WARN  ~~ LOOPS: 13. ENTITY #: 507//222. VIEW #: 5. BACKLOGGED :: 102.462%! ~~ 
22:37:40.037 WARN  ~~ LOOPS: 14. ENTITY #: 484//204. VIEW #: 4. BACKLOGGED :: 120.429%! ~~ 
22:38:00.429 WARN  ~~ LOOPS: 14. ENTITY #: 469//174. VIEW #: 4. BACKLOGGED :: 109.286%! ~~ 
22:38:09.680 WARN  ~~ LOOPS: 13. ENTITY #: 526//231. VIEW #: 4. BACKLOGGED :: 111.692%! ~~ 
22:38:10.701 WARN  ~~ LOOPS: 14. ENTITY #: 520//236. VIEW #: 4. BACKLOGGED :: 116.786%! ~~ 
22:38:13.830 WARN  ~~ LOOPS: 15. ENTITY #: 494//205. VIEW #: 4. BACKLOGGED :: 112.000%! ~~ 
22:38:28.243 WARN  ~~ LOOPS: 14. ENTITY #: 521//213. VIEW #: 5. BACKLOGGED :: 121.714%! ~~ 
22:38:30.271 WARN  ~~ LOOPS: 13. ENTITY #: 541//244. VIEW #: 5. BACKLOGGED :: 110.538%! ~~ 
22:38:31.286 WARN  ~~ LOOPS: 13. ENTITY #: 550//260. VIEW #: 5. BACKLOGGED :: 107.538%! ~~ 
22:38:32.305 WARN  ~~ LOOPS: 13. ENTITY #: 517//263. VIEW #: 5. BACKLOGGED :: 108.923%! ~~ 
22:38:33.320 WARN  ~~ LOOPS: 11. ENTITY #: 520//243. VIEW #: 5. BACKLOGGED :: 121.909%! ~~ 
22:38:34.442 WARN  ~~ LOOPS: 14. ENTITY #: 508//243. VIEW #: 5. BACKLOGGED :: 124.714%! ~~ 
22:38:35.442 WARN  ~~ LOOPS: 13. ENTITY #: 505//235. VIEW #: 5. BACKLOGGED :: 111.923%! ~~ 
22:40:13.220 WARN  ~~ LOOPS: 12. ENTITY #: 531//209. VIEW #: 4. BACKLOGGED :: 115.250%! ~~ 
22:40:57.874 WARN  ~~ LOOPS: 14. ENTITY #: 466//207. VIEW #: 5. BACKLOGGED :: 109.286%! ~~ 
22:41:27.349 WARN  ~~ LOOPS: 15. ENTITY #: 414//135. VIEW #: 5. BACKLOGGED :: 100.400%! ~~ 
22:43:19.340 WARN  ~~ LOOPS: 14. ENTITY #: 545//215. VIEW #: 5. BACKLOGGED :: 111.643%! ~~ 
22:43:22.436 WARN  ~~ LOOPS: 15. ENTITY #: 560//238. VIEW #: 5. BACKLOGGED :: 104.000%! ~~ 
22:43:25.495 WARN  ~~ LOOPS: 12. ENTITY #: 527//203. VIEW #: 5. BACKLOGGED :: 128.500%! ~~ 
22:44:04.280 WARN  ~~ LOOPS: 14. ENTITY #: 497//197. VIEW #: 6. BACKLOGGED :: 118.929%! ~~ 
22:44:52.290 WARN  ~~ LOOPS: 15. ENTITY #: 492//188. VIEW #: 6. BACKLOGGED :: 105.000%! ~~ 
22:44:58.453 WARN  ~~ LOOPS: 13. ENTITY #: 529//249. VIEW #: 6. BACKLOGGED :: 117.923%! ~~ 
22:44:59.453 WARN  ~~ LOOPS: 14. ENTITY #: 536//222. VIEW #: 5. BACKLOGGED :: 105.643%! ~~ 
22:45:05.663 WARN  ~~ LOOPS: 13. ENTITY #: 512//188. VIEW #: 7. BACKLOGGED :: 126.692%! ~~ 
22:45:28.280 WARN  ~~ LOOPS: 12. ENTITY #: 475//174. VIEW #: 7. BACKLOGGED :: 140.500%! ~~ 
22:45:29.433 WARN  ~~ LOOPS: 10. ENTITY #: 479//192. VIEW #: 7. BACKLOGGED :: 183.000%! ~~ 
22:45:30.466 WARN  ~~ LOOPS: 13. ENTITY #: 482//197. VIEW #: 7. BACKLOGGED :: 118.154%! ~~ 
22:45:35.658 WARN  ~~ LOOPS: 14. ENTITY #: 534//240. VIEW #: 7. BACKLOGGED :: 114.000%! ~~ 
22:45:41.843 WARN  ~~ LOOPS: 14. ENTITY #: 525//241. VIEW #: 7. BACKLOGGED :: 113.143%! ~~ 
22:45:42.865 WARN  ~~ LOOPS: 13. ENTITY #: 541//261. VIEW #: 7. BACKLOGGED :: 117.462%! ~~ 
22:45:55.224 WARN  ~~ LOOPS: 13. ENTITY #: 510//224. VIEW #: 7. BACKLOGGED :: 131.769%! ~~ 
22:45:57.250 WARN  ~~ LOOPS: 14. ENTITY #: 522//240. VIEW #: 7. BACKLOGGED :: 102.643%! ~~ 
22:46:02.338 WARN  ~~ LOOPS: 14. ENTITY #: 516//222. VIEW #: 7. BACKLOGGED :: 121.286%! ~~ 
22:46:06.509 WARN  ~~ LOOPS: 8. ENTITY #: 514//206. VIEW #: 7. BACKLOGGED :: 229.875%! ~~ 
22:46:49.421 WARN  ~~ LOOPS: 14. ENTITY #: 492//171. VIEW #: 7. BACKLOGGED :: 105.000%! ~~ 
22:46:50.453 WARN  ~~ LOOPS: 14. ENTITY #: 490//171. VIEW #: 7. BACKLOGGED :: 101.571%! ~~ 
22:47:25.090 WARN  ~~ LOOPS: 15. ENTITY #: 495//240. VIEW #: 6. BACKLOGGED :: 108.000%! ~~ 
22:47:29.250 WARN  ~~ LOOPS: 13. ENTITY #: 498//236. VIEW #: 6. BACKLOGGED :: 123.000%! ~~ 
22:47:49.713 WARN  ~~ LOOPS: 12. ENTITY #: 507//207. VIEW #: 6. BACKLOGGED :: 122.750%! ~~ 
22:47:50.734 WARN  ~~ LOOPS: 15. ENTITY #: 513//187. VIEW #: 6. BACKLOGGED :: 102.400%! ~~ 
22:49:31.481 WARN  ~~ LOOPS: 13. ENTITY #: 519//203. VIEW #: 6. BACKLOGGED :: 109.846%! ~~ 
22:50:18.474 WARN  ~~ LOOPS: 14. ENTITY #: 507//210. VIEW #: 4. BACKLOGGED :: 111.214%! ~~ 
22:50:19.508 WARN  ~~ LOOPS: 15. ENTITY #: 503//205. VIEW #: 5. BACKLOGGED :: 100.400%! ~~ 
22:50:47.038 WARN  ~~ LOOPS: 15. ENTITY #: 496//172. VIEW #: 5. BACKLOGGED :: 105.200%! ~~ 
22:51:05.262 WARN  ~~ LOOPS: 6. ENTITY #: 466//110. VIEW #: 4. BACKLOGGED :: 341.500%! ~~ 
22:55:26.063 WARN  ~~ LOOPS: 14. ENTITY #: 464//49. VIEW #: 4. BACKLOGGED :: 153.643%! ~~ 
22:56:45.413 ERROR [ERROR] Detected an NaN position! 
22:56:45.414 ERROR [ROOM SETUP ERROR] TypeError: Cannot read property 'NaN' of undefined 
22:56:45.414 ERROR [ROOM SETUP ERROR] TypeError: Cannot read property 'NaN' of undefined 
22:56:45.414 ERROR [ROOM SETUP ERROR] TypeError: Cannot read property 'NaN' of undefined 
22:56:45.414 ERROR [ROOM SETUP ERROR] TypeError: Cannot read property 'NaN' of undefined 
22:56:45.414 ERROR [ROOM SETUP ERROR] TypeError: Cannot read property 'NaN' of undefined 
22:56:45.414 ERROR [ROOM SETUP ERROR] TypeError: Cannot read property 'NaN' of undefined 
22:58:33.253 WARN  ~~ LOOPS: 15. ENTITY #: 484//144. VIEW #: 5. BACKLOGGED :: 100.400%! ~~ 
22:58:35.297 WARN  ~~ LOOPS: 14. ENTITY #: 488//151. VIEW #: 5. BACKLOGGED :: 106.071%! ~~ 
23:01:35.439 WARN  ~~ LOOPS: 14. ENTITY #: 458//192. VIEW #: 5. BACKLOGGED :: 101.571%! ~~ 
23:01:36.629 WARN  ~~ LOOPS: 16. ENTITY #: 464//205. VIEW #: 5. BACKLOGGED :: 113.625%! ~~ 
23:03:20.090 WARN  ~~ LOOPS: 15. ENTITY #: 513//228. VIEW #: 6. BACKLOGGED :: 105.000%! ~~ 
23:03:43.686 WARN  ~~ LOOPS: 14. ENTITY #: 535//249. VIEW #: 6. BACKLOGGED :: 118.929%! ~~ 
23:03:45.732 WARN  ~~ LOOPS: 13. ENTITY #: 544//258. VIEW #: 6. BACKLOGGED :: 107.769%! ~~ 
23:03:46.747 WARN  ~~ LOOPS: 14. ENTITY #: 547//258. VIEW #: 6. BACKLOGGED :: 117.643%! ~~ 
23:03:47.854 WARN  ~~ LOOPS: 15. ENTITY #: 550//264. VIEW #: 6. BACKLOGGED :: 100.600%! ~~ 
23:03:48.855 WARN  ~~ LOOPS: 13. ENTITY #: 552//262. VIEW #: 6. BACKLOGGED :: 115.846%! ~~ 
23:03:49.892 WARN  ~~ LOOPS: 14. ENTITY #: 551//263. VIEW #: 6. BACKLOGGED :: 122.357%! ~~ 
23:03:53.045 WARN  ~~ LOOPS: 12. ENTITY #: 569//275. VIEW #: 6. BACKLOGGED :: 107.250%! ~~ 
23:03:54.046 WARN  ~~ LOOPS: 13. ENTITY #: 553//259. VIEW #: 6. BACKLOGGED :: 123.692%! ~~ 
23:03:55.071 WARN  ~~ LOOPS: 15. ENTITY #: 560//254. VIEW #: 6. BACKLOGGED :: 108.200%! ~~ 
23:04:04.273 WARN  ~~ LOOPS: 13. ENTITY #: 544//211. VIEW #: 6. BACKLOGGED :: 112.846%! ~~ 
23:04:42.100 WARN  ~~ LOOPS: 13. ENTITY #: 485//197. VIEW #: 6. BACKLOGGED :: 127.385%! ~~ 
23:05:39.242 WARN  ~~ LOOPS: 6. ENTITY #: 470//154. VIEW #: 6. BACKLOGGED :: 384.500%! ~~ 
23:08:57.631 WARN  ~~ LOOPS: 3. ENTITY #: 473//105. VIEW #: 4. BACKLOGGED :: 983.000%! ~~ 
23:11:17.242 WARN  ~~ LOOPS: 14. ENTITY #: 522//230. VIEW #: 5. BACKLOGGED :: 115.071%! ~~ 
23:11:21.326 WARN  ~~ LOOPS: 14. ENTITY #: 541//238. VIEW #: 5. BACKLOGGED :: 112.071%! ~~ 
23:11:23.477 WARN  ~~ LOOPS: 13. ENTITY #: 561//246. VIEW #: 5. BACKLOGGED :: 116.077%! ~~ 
23:11:24.494 WARN  ~~ LOOPS: 12. ENTITY #: 580//259. VIEW #: 5. BACKLOGGED :: 116.250%! ~~ 
23:11:25.510 WARN  ~~ LOOPS: 13. ENTITY #: 582//283. VIEW #: 5. BACKLOGGED :: 131.769%! ~~ 
23:11:26.523 WARN  ~~ LOOPS: 13. ENTITY #: 591//306. VIEW #: 5. BACKLOGGED :: 132.462%! ~~ 
23:11:27.540 WARN  ~~ LOOPS: 13. ENTITY #: 595//309. VIEW #: 5. BACKLOGGED :: 128.538%! ~~ 
23:11:28.638 WARN  ~~ LOOPS: 12. ENTITY #: 583//303. VIEW #: 5. BACKLOGGED :: 156.250%! ~~ 
23:11:29.659 WARN  ~~ LOOPS: 14. ENTITY #: 576//289. VIEW #: 5. BACKLOGGED :: 109.500%! ~~ 
23:11:33.724 WARN  ~~ LOOPS: 10. ENTITY #: 542//247. VIEW #: 5. BACKLOGGED :: 126.900%! ~~ 
23:11:34.832 WARN  ~~ LOOPS: 15. ENTITY #: 550//250. VIEW #: 5. BACKLOGGED :: 115.200%! ~~ 
23:11:35.854 WARN  ~~ LOOPS: 14. ENTITY #: 567//268. VIEW #: 5. BACKLOGGED :: 107.786%! ~~ 
23:12:06.535 WARN  ~~ LOOPS: 15. ENTITY #: 493//204. VIEW #: 5. BACKLOGGED :: 105.200%! ~~ 
23:12:40.305 WARN  ~~ LOOPS: 15. ENTITY #: 498//188. VIEW #: 5. BACKLOGGED :: 100.800%! ~~ 
23:12:46.460 WARN  ~~ LOOPS: 13. ENTITY #: 503//209. VIEW #: 5. BACKLOGGED :: 111.923%! ~~ 
23:13:14.069 WARN  ~~ LOOPS: 13. ENTITY #: 557//223. VIEW #: 5. BACKLOGGED :: 110.769%! ~~ 
23:13:25.435 WARN  ~~ LOOPS: 17. ENTITY #: 524//175. VIEW #: 4. BACKLOGGED :: 105.529%! ~~ 
23:13:39.711 WARN  ~~ LOOPS: 15. ENTITY #: 559//234. VIEW #: 4. BACKLOGGED :: 102.000%! ~~ 
23:13:41.734 WARN  ~~ LOOPS: 14. ENTITY #: 543//218. VIEW #: 4. BACKLOGGED :: 119.143%! ~~ 
23:14:25.659 WARN  ~~ LOOPS: 14. ENTITY #: 545//175. VIEW #: 4. BACKLOGGED :: 109.929%! ~~ 
23:15:21.726 WARN  ~~ LOOPS: 13. ENTITY #: 589//226. VIEW #: 4. BACKLOGGED :: 109.846%! ~~ 
23:15:24.867 WARN  ~~ LOOPS: 13. ENTITY #: 598//237. VIEW #: 4. BACKLOGGED :: 128.308%! ~~ 
23:15:32.060 WARN  ~~ LOOPS: 12. ENTITY #: 553//178. VIEW #: 4. BACKLOGGED :: 121.750%! ~~ 
23:15:33.086 WARN  ~~ LOOPS: 14. ENTITY #: 555//178. VIEW #: 4. BACKLOGGED :: 110.786%! ~~ 
23:15:37.231 WARN  ~~ LOOPS: 15. ENTITY #: 566//177. VIEW #: 4. BACKLOGGED :: 100.800%! ~~ 
23:15:41.299 WARN  ~~ LOOPS: 15. ENTITY #: 576//201. VIEW #: 4. BACKLOGGED :: 104.600%! ~~ 
23:15:43.416 WARN  ~~ LOOPS: 15. ENTITY #: 583//205. VIEW #: 4. BACKLOGGED :: 106.400%! ~~ 
23:15:46.474 WARN  ~~ LOOPS: 13. ENTITY #: 613//220. VIEW #: 4. BACKLOGGED :: 115.385%! ~~ 
23:15:47.492 WARN  ~~ LOOPS: 14. ENTITY #: 606//223. VIEW #: 4. BACKLOGGED :: 118.500%! ~~ 
23:15:48.514 WARN  ~~ LOOPS: 14. ENTITY #: 593//223. VIEW #: 4. BACKLOGGED :: 106.071%! ~~ 
23:15:53.664 WARN  ~~ LOOPS: 11. ENTITY #: 567//199. VIEW #: 4. BACKLOGGED :: 160.364%! ~~ 
23:15:55.697 WARN  ~~ LOOPS: 14. ENTITY #: 563//197. VIEW #: 4. BACKLOGGED :: 109.071%! ~~ 
23:16:15.232 WARN  ~~ LOOPS: 14. ENTITY #: 571//145. VIEW #: 4. BACKLOGGED :: 116.571%! ~~ 
23:16:57.254 WARN  ~~ LOOPS: 11. ENTITY #: 564//179. VIEW #: 4. BACKLOGGED :: 102.273%! ~~ 
23:17:04.465 WARN  ~~ LOOPS: 14. ENTITY #: 577//213. VIEW #: 4. BACKLOGGED :: 114.643%! ~~ 
23:17:05.484 WARN  ~~ LOOPS: 13. ENTITY #: 583//220. VIEW #: 4. BACKLOGGED :: 110.769%! ~~ 
23:17:07.664 WARN  ~~ LOOPS: 15. ENTITY #: 584//221. VIEW #: 4. BACKLOGGED :: 101.600%! ~~ 
23:17:08.702 WARN  ~~ LOOPS: 14. ENTITY #: 574//214. VIEW #: 4. BACKLOGGED :: 108.643%! ~~ 
23:17:10.846 WARN  ~~ LOOPS: 14. ENTITY #: 580//214. VIEW #: 4. BACKLOGGED :: 120.857%! ~~ 
23:17:11.870 WARN  ~~ LOOPS: 12. ENTITY #: 593//228. VIEW #: 4. BACKLOGGED :: 121.750%! ~~ 
23:17:12.896 WARN  ~~ LOOPS: 12. ENTITY #: 593//246. VIEW #: 4. BACKLOGGED :: 141.000%! ~~ 
23:17:14.020 WARN  ~~ LOOPS: 11. ENTITY #: 575//267. VIEW #: 4. BACKLOGGED :: 180.000%! ~~ 
23:17:15.043 WARN  ~~ LOOPS: 12. ENTITY #: 560//254. VIEW #: 4. BACKLOGGED :: 147.500%! ~~ 
23:17:16.078 WARN  ~~ LOOPS: 11. ENTITY #: 571//248. VIEW #: 4. BACKLOGGED :: 142.909%! ~~ 
23:17:19.242 WARN  ~~ LOOPS: 11. ENTITY #: 561//213. VIEW #: 4. BACKLOGGED :: 141.273%! ~~ 
23:17:20.241 WARN  ~~ LOOPS: 12. ENTITY #: 554//213. VIEW #: 4. BACKLOGGED :: 123.000%! ~~ 
23:17:21.264 WARN  ~~ LOOPS: 13. ENTITY #: 545//208. VIEW #: 4. BACKLOGGED :: 132.231%! ~~ 
23:17:25.421 WARN  ~~ LOOPS: 14. ENTITY #: 554//200. VIEW #: 4. BACKLOGGED :: 113.786%! ~~ 
23:17:27.479 WARN  ~~ LOOPS: 13. ENTITY #: 554//204. VIEW #: 4. BACKLOGGED :: 105.000%! ~~ 
23:17:28.516 WARN  ~~ LOOPS: 12. ENTITY #: 560//211. VIEW #: 4. BACKLOGGED :: 155.000%! ~~ 
23:17:29.618 WARN  ~~ LOOPS: 13. ENTITY #: 562//217. VIEW #: 4. BACKLOGGED :: 113.538%! ~~ 
23:17:30.651 WARN  ~~ LOOPS: 13. ENTITY #: 568//218. VIEW #: 4. BACKLOGGED :: 127.385%! ~~ 
23:17:31.666 WARN  ~~ LOOPS: 11. ENTITY #: 565//221. VIEW #: 4. BACKLOGGED :: 132.818%! ~~ 
23:17:33.713 WARN  ~~ LOOPS: 13. ENTITY #: 571//222. VIEW #: 4. BACKLOGGED :: 128.077%! ~~ 
23:17:34.822 WARN  ~~ LOOPS: 13. ENTITY #: 571//223. VIEW #: 4. BACKLOGGED :: 128.769%! ~~ 
23:17:35.853 WARN  ~~ LOOPS: 14. ENTITY #: 576//229. VIEW #: 4. BACKLOGGED :: 105.857%! ~~ 
23:17:36.870 WARN  ~~ LOOPS: 13. ENTITY #: 563//222. VIEW #: 4. BACKLOGGED :: 115.615%! ~~ 
23:17:37.915 WARN  ~~ LOOPS: 14. ENTITY #: 568//222. VIEW #: 4. BACKLOGGED :: 124.286%! ~~ 
23:17:39.085 WARN  ~~ LOOPS: 13. ENTITY #: 565//219. VIEW #: 4. BACKLOGGED :: 104.308%! ~~ 
23:17:40.240 WARN  ~~ LOOPS: 9. ENTITY #: 556//216. VIEW #: 4. BACKLOGGED :: 214.000%! ~~ 
23:17:41.629 WARN  ~~ LOOPS: 8. ENTITY #: 558//207. VIEW #: 4. BACKLOGGED :: 247.500%! ~~ 
23:17:42.657 WARN  ~~ LOOPS: 13. ENTITY #: 554//210. VIEW #: 4. BACKLOGGED :: 126.231%! ~~ 
23:17:43.678 WARN  ~~ LOOPS: 12. ENTITY #: 550//213. VIEW #: 4. BACKLOGGED :: 124.750%! ~~ 
23:17:45.709 WARN  ~~ LOOPS: 14. ENTITY #: 553//215. VIEW #: 4. BACKLOGGED :: 114.214%! ~~ 
23:17:46.727 WARN  ~~ LOOPS: 14. ENTITY #: 556//211. VIEW #: 4. BACKLOGGED :: 110.786%! ~~ 
23:17:54.023 WARN  ~~ LOOPS: 15. ENTITY #: 546//202. VIEW #: 4. BACKLOGGED :: 107.000%! ~~ 
23:18:10.454 WARN  ~~ LOOPS: 15. ENTITY #: 563//219. VIEW #: 4. BACKLOGGED :: 100.400%! ~~ 
23:18:11.471 WARN  ~~ LOOPS: 13. ENTITY #: 529//220. VIEW #: 4. BACKLOGGED :: 128.769%! ~~ 
23:18:14.650 WARN  ~~ LOOPS: 14. ENTITY #: 559//236. VIEW #: 4. BACKLOGGED :: 120.643%! ~~ 
23:18:15.668 WARN  ~~ LOOPS: 13. ENTITY #: 557//239. VIEW #: 4. BACKLOGGED :: 120.462%! ~~ 
23:18:16.819 WARN  ~~ LOOPS: 15. ENTITY #: 547//236. VIEW #: 4. BACKLOGGED :: 114.600%! ~~ 
23:18:51.711 WARN  ~~ LOOPS: 14. ENTITY #: 520//198. VIEW #: 4. BACKLOGGED :: 105.214%! ~~ 
23:19:05.060 WARN  ~~ LOOPS: 10. ENTITY #: 513//198. VIEW #: 4. BACKLOGGED :: 136.200%! ~~ 
23:19:10.146 WARN  ~~ LOOPS: 14. ENTITY #: 523//209. VIEW #: 4. BACKLOGGED :: 119.357%! ~~ 
23:19:25.621 WARN  ~~ LOOPS: 12. ENTITY #: 497//169. VIEW #: 4. BACKLOGGED :: 133.500%! ~~ 
23:20:27.110 WARN  ~~ LOOPS: 13. ENTITY #: 508//152. VIEW #: 4. BACKLOGGED :: 107.769%! ~~ 
23:20:46.680 WARN  ~~ LOOPS: 14. ENTITY #: 519//192. VIEW #: 4. BACKLOGGED :: 110.786%! ~~ 
23:20:47.693 WARN  ~~ LOOPS: 15. ENTITY #: 521//197. VIEW #: 4. BACKLOGGED :: 103.200%! ~~ 
23:20:50.751 WARN  ~~ LOOPS: 15. ENTITY #: 539//228. VIEW #: 4. BACKLOGGED :: 103.200%! ~~ 
23:20:51.822 WARN  ~~ LOOPS: 14. ENTITY #: 546//230. VIEW #: 4. BACKLOGGED :: 112.500%! ~~ 
23:20:52.839 WARN  ~~ LOOPS: 15. ENTITY #: 534//231. VIEW #: 4. BACKLOGGED :: 105.000%! ~~ 
23:20:54.870 WARN  ~~ LOOPS: 14. ENTITY #: 548//243. VIEW #: 4. BACKLOGGED :: 112.286%! ~~ 
23:20:56.920 WARN  ~~ LOOPS: 13. ENTITY #: 566//263. VIEW #: 4. BACKLOGGED :: 124.154%! ~~ 
23:20:57.942 WARN  ~~ LOOPS: 14. ENTITY #: 574//262. VIEW #: 4. BACKLOGGED :: 104.571%! ~~ 
23:20:59.024 WARN  ~~ LOOPS: 14. ENTITY #: 566//264. VIEW #: 4. BACKLOGGED :: 112.286%! ~~ 
23:21:00.052 WARN  ~~ LOOPS: 14. ENTITY #: 569//264. VIEW #: 4. BACKLOGGED :: 120.857%! ~~ 
23:21:01.071 WARN  ~~ LOOPS: 12. ENTITY #: 557//256. VIEW #: 4. BACKLOGGED :: 144.500%! ~~ 
23:21:04.133 WARN  ~~ LOOPS: 11. ENTITY #: 504//196. VIEW #: 4. BACKLOGGED :: 124.364%! ~~ 
23:22:04.619 WARN  ~~ LOOPS: 15. ENTITY #: 565//193. VIEW #: 4. BACKLOGGED :: 100.400%! ~~ 
23:22:09.746 WARN  ~~ LOOPS: 14. ENTITY #: 609//269. VIEW #: 4. BACKLOGGED :: 118.929%! ~~ 
23:22:11.831 WARN  ~~ LOOPS: 15. ENTITY #: 623//277. VIEW #: 4. BACKLOGGED :: 100.600%! ~~ 
23:22:18.020 WARN  ~~ LOOPS: 15. ENTITY #: 629//245. VIEW #: 4. BACKLOGGED :: 103.000%! ~~ 
23:22:42.520 WARN  ~~ LOOPS: 14. ENTITY #: 575//220. VIEW #: 4. BACKLOGGED :: 109.929%! ~~ 
23:22:59.934 WARN  ~~ LOOPS: 13. ENTITY #: 585//233. VIEW #: 4. BACKLOGGED :: 111.692%! ~~ 
23:23:02.054 WARN  ~~ LOOPS: 14. ENTITY #: 607//246. VIEW #: 4. BACKLOGGED :: 100.071%! ~~ 
23:23:03.085 WARN  ~~ LOOPS: 15. ENTITY #: 605//253. VIEW #: 4. BACKLOGGED :: 106.400%! ~~ 
23:23:19.503 WARN  ~~ LOOPS: 13. ENTITY #: 595//233. VIEW #: 4. BACKLOGGED :: 116.308%! ~~ 
23:23:22.667 WARN  ~~ LOOPS: 14. ENTITY #: 595//235. VIEW #: 4. BACKLOGGED :: 100.500%! ~~ 
23:23:40.093 WARN  ~~ LOOPS: 15. ENTITY #: 558//196. VIEW #: 4. BACKLOGGED :: 107.000%! ~~ 
23:23:56.494 WARN  ~~ LOOPS: 15. ENTITY #: 584//228. VIEW #: 4. BACKLOGGED :: 104.400%! ~~ 
23:23:58.658 WARN  ~~ LOOPS: 12. ENTITY #: 569//221. VIEW #: 4. BACKLOGGED :: 174.500%! ~~ 
23:23:59.688 WARN  ~~ LOOPS: 13. ENTITY #: 568//220. VIEW #: 4. BACKLOGGED :: 106.615%! ~~ 
23:24:00.702 WARN  ~~ LOOPS: 13. ENTITY #: 570//222. VIEW #: 4. BACKLOGGED :: 113.077%! ~~ 
23:24:01.719 WARN  ~~ LOOPS: 14. ENTITY #: 566//212. VIEW #: 4. BACKLOGGED :: 100.286%! ~~ 
23:24:15.415 WARN  ~~ LOOPS: 5. ENTITY #: 512//188. VIEW #: 4. BACKLOGGED :: 622.200%! ~~ 
23:25:39.675 WARN  ~~ LOOPS: 10. ENTITY #: 502//203. VIEW #: 4. BACKLOGGED :: 192.600%! ~~ 
23:25:41.721 WARN  ~~ LOOPS: 14. ENTITY #: 510//200. VIEW #: 4. BACKLOGGED :: 108.857%! ~~ 
23:27:14.430 WARN  ~~ LOOPS: 16. ENTITY #: 547//173. VIEW #: 4. BACKLOGGED :: 101.250%! ~~ 
23:27:27.690 WARN  ~~ LOOPS: 14. ENTITY #: 525//134. VIEW #: 4. BACKLOGGED :: 118.929%! ~~ 
23:28:58.477 WARN  ~~ LOOPS: 14. ENTITY #: 533//178. VIEW #: 3. BACKLOGGED :: 108.000%! ~~ 
23:29:22.101 WARN  ~~ LOOPS: 14. ENTITY #: 533//170. VIEW #: 4. BACKLOGGED :: 110.143%! ~~ 
23:30:16.186 WARN  ~~ LOOPS: 13. ENTITY #: 504//162. VIEW #: 4. BACKLOGGED :: 1956.231%! ~~ 
23:30:22.132 WARN  ~~ LOOPS: 3. ENTITY #: 502//156. VIEW #: 4. BACKLOGGED :: 1068.000%! ~~ 
23:30:23.227 WARN  ~~ LOOPS: 14. ENTITY #: 499//161. VIEW #: 4. BACKLOGGED :: 110.357%! ~~ 
23:31:07.342 WARN  ~~ LOOPS: 15. ENTITY #: 523//183. VIEW #: 4. BACKLOGGED :: 103.800%! ~~ 
23:31:24.893 WARN  ~~ LOOPS: 15. ENTITY #: 458//138. VIEW #: 4. BACKLOGGED :: 101.800%! ~~ 
23:32:08.822 WARN  ~~ LOOPS: 16. ENTITY #: 525//142. VIEW #: 4. BACKLOGGED :: 106.313%! ~~ 
23:32:40.469 WARN  ~~ LOOPS: 14. ENTITY #: 534//169. VIEW #: 4. BACKLOGGED :: 102.000%! ~~ 
23:32:41.615 WARN  ~~ LOOPS: 13. ENTITY #: 534//170. VIEW #: 4. BACKLOGGED :: 106.846%! ~~ 
23:32:48.825 WARN  ~~ LOOPS: 15. ENTITY #: 542//164. VIEW #: 4. BACKLOGGED :: 101.400%! ~~ 
23:32:50.868 WARN  ~~ LOOPS: 14. ENTITY #: 540//165. VIEW #: 4. BACKLOGGED :: 109.500%! ~~ 
23:34:34.843 WARN  ~~ LOOPS: 15. ENTITY #: 606//258. VIEW #: 4. BACKLOGGED :: 104.400%! ~~ 
23:34:38.945 WARN  ~~ LOOPS: 14. ENTITY #: 614//278. VIEW #: 4. BACKLOGGED :: 104.143%! ~~ 
23:34:40.027 WARN  ~~ LOOPS: 14. ENTITY #: 606//272. VIEW #: 4. BACKLOGGED :: 101.786%! ~~ 
23:34:42.094 WARN  ~~ LOOPS: 15. ENTITY #: 582//240. VIEW #: 4. BACKLOGGED :: 106.000%! ~~ 
23:34:46.230 WARN  ~~ LOOPS: 13. ENTITY #: 558//204. VIEW #: 4. BACKLOGGED :: 102.000%! ~~ 
23:35:44.819 WARN  ~~ LOOPS: 13. ENTITY #: 527//141. VIEW #: 4. BACKLOGGED :: 114.692%! ~~ 
23:37:31.622 WARN  ~~ LOOPS: 15. ENTITY #: 545//146. VIEW #: 4. BACKLOGGED :: 106.200%! ~~ 
23:38:30.218 WARN  ~~ LOOPS: 14. ENTITY #: 545//200. VIEW #: 4. BACKLOGGED :: 129.214%! ~~ 
23:38:58.902 WARN  ~~ LOOPS: 14. ENTITY #: 484//159. VIEW #: 4. BACKLOGGED :: 117.000%! ~~ 
23:39:17.450 WARN  ~~ LOOPS: 15. ENTITY #: 534//202. VIEW #: 4. BACKLOGGED :: 101.200%! ~~ 
23:40:40.652 WARN  ~~ LOOPS: 14. ENTITY #: 526//126. VIEW #: 3. BACKLOGGED :: 117.429%! ~~ 
23:44:10.656 WARN  ~~ LOOPS: 14. ENTITY #: 504//134. VIEW #: 3. BACKLOGGED :: 105.429%! ~~ 
23:47:56.902 WARN  ~~ LOOPS: 14. ENTITY #: 525//155. VIEW #: 4. BACKLOGGED :: 100.500%! ~~ 
23:48:25.716 WARN  ~~ LOOPS: 14. ENTITY #: 510//127. VIEW #: 4. BACKLOGGED :: 111.214%! ~~ 
23:56:51.634 WARN  ~~ LOOPS: 12. ENTITY #: 493//239. VIEW #: 4. BACKLOGGED :: 115.000%! ~~ 
23:57:02.020 WARN  ~~ LOOPS: 14. ENTITY #: 496//228. VIEW #: 4. BACKLOGGED :: 121.500%! ~~ 
23:57:03.040 WARN  ~~ LOOPS: 14. ENTITY #: 506//237. VIEW #: 4. BACKLOGGED :: 119.143%! ~~ 
23:57:06.094 WARN  ~~ LOOPS: 13. ENTITY #: 508//242. VIEW #: 4. BACKLOGGED :: 114.462%! ~~ 
23:57:34.923 WARN  ~~ LOOPS: 14. ENTITY #: 519//190. VIEW #: 5. BACKLOGGED :: 109.714%! ~~ 
23:57:40.106 WARN  ~~ LOOPS: 15. ENTITY #: 536//213. VIEW #: 5. BACKLOGGED :: 100.600%! ~~ 
23:57:44.284 WARN  ~~ LOOPS: 11. ENTITY #: 516//210. VIEW #: 5. BACKLOGGED :: 170.455%! ~~ 
23:57:46.419 WARN  ~~ LOOPS: 15. ENTITY #: 519//216. VIEW #: 5. BACKLOGGED :: 127.400%! ~~ 
23:58:02.695 WARN  ~~ LOOPS: 12. ENTITY #: 529//213. VIEW #: 5. BACKLOGGED :: 2807.250%! ~~ 
23:58:03.860 WARN  ~~ LOOPS: 7. ENTITY #: 526//205. VIEW #: 3. BACKLOGGED :: 255.429%! ~~ 
23:58:04.881 WARN  ~~ LOOPS: 12. ENTITY #: 492//147. VIEW #: 3. BACKLOGGED :: 131.750%! ~~ 
23:58:05.905 WARN  ~~ LOOPS: 14. ENTITY #: 480//139. VIEW #: 4. BACKLOGGED :: 107.357%! ~~ 
23:58:21.350 WARN  ~~ LOOPS: 15. ENTITY #: 501//154. VIEW #: 4. BACKLOGGED :: 105.200%! ~~ 
23:58:40.865 WARN  ~~ LOOPS: 14. ENTITY #: 532//175. VIEW #: 4. BACKLOGGED :: 108.857%! ~~ 
23:58:54.260 WARN  ~~ LOOPS: 12. ENTITY #: 486//348. VIEW #: 4. BACKLOGGED :: 141.250%! ~~ 
23:58:55.275 WARN  ~~ LOOPS: 11. ENTITY #: 507//381. VIEW #: 4. BACKLOGGED :: 136.909%! ~~ 
23:58:56.301 WARN  ~~ LOOPS: 11. ENTITY #: 527//400. VIEW #: 4. BACKLOGGED :: 167.455%! ~~ 
23:58:57.319 WARN  ~~ LOOPS: 10. ENTITY #: 544//424. VIEW #: 4. BACKLOGGED :: 206.100%! ~~ 
23:58:58.433 WARN  ~~ LOOPS: 10. ENTITY #: 556//432. VIEW #: 4. BACKLOGGED :: 164.700%! ~~ 
23:58:59.468 WARN  ~~ LOOPS: 10. ENTITY #: 562//439. VIEW #: 4. BACKLOGGED :: 188.400%! ~~ 
23:59:00.496 WARN  ~~ LOOPS: 9. ENTITY #: 560//444. VIEW #: 4. BACKLOGGED :: 184.667%! ~~ 
23:59:01.626 WARN  ~~ LOOPS: 9. ENTITY #: 564//440. VIEW #: 4. BACKLOGGED :: 219.000%! ~~ 
23:59:02.645 WARN  ~~ LOOPS: 9. ENTITY #: 555//425. VIEW #: 4. BACKLOGGED :: 234.000%! ~~ 
23:59:03.668 WARN  ~~ LOOPS: 10. ENTITY #: 538//343. VIEW #: 4. BACKLOGGED :: 201.900%! ~~ 
23:59:04.691 WARN  ~~ LOOPS: 14. ENTITY #: 527//242. VIEW #: 4. BACKLOGGED :: 120.000%! ~~ 
23:59:05.723 WARN  ~~ LOOPS: 14. ENTITY #: 528//205. VIEW #: 4. BACKLOGGED :: 103.286%! ~~ 
23:59:14.033 WARN  ~~ LOOPS: 14. ENTITY #: 547//206. VIEW #: 4. BACKLOGGED :: 106.929%! ~~ 
23:59:15.059 WARN  ~~ LOOPS: 14. ENTITY #: 552//202. VIEW #: 4. BACKLOGGED :: 120.429%! ~~ 
23:59:16.096 WARN  ~~ LOOPS: 14. ENTITY #: 536//192. VIEW #: 4. BACKLOGGED :: 105.643%! ~~ 
23:59:18.147 WARN  ~~ LOOPS: 15. ENTITY #: 511//167. VIEW #: 4. BACKLOGGED :: 105.600%! ~~ 
23:59:22.290 WARN  ~~ LOOPS: 10. ENTITY #: 532//193. VIEW #: 4. BACKLOGGED :: 114.600%! ~~ 
23:59:23.316 WARN  ~~ LOOPS: 13. ENTITY #: 532//189. VIEW #: 4. BACKLOGGED :: 109.154%! ~~ 
23:59:24.419 WARN  ~~ LOOPS: 13. ENTITY #: 535//213. VIEW #: 4. BACKLOGGED :: 118.615%! ~~ 
23:59:26.471 WARN  ~~ LOOPS: 11. ENTITY #: 548//236. VIEW #: 4. BACKLOGGED :: 142.091%! ~~ 
23:59:27.619 WARN  ~~ LOOPS: 13. ENTITY #: 554//234. VIEW #: 4. BACKLOGGED :: 129.231%! ~~ 
23:59:28.657 WARN  ~~ LOOPS: 13. ENTITY #: 556//237. VIEW #: 4. BACKLOGGED :: 135.231%! ~~ 
23:59:29.693 WARN  ~~ LOOPS: 11. ENTITY #: 556//236. VIEW #: 4. BACKLOGGED :: 123.818%! ~~ 
23:59:30.840 WARN  ~~ LOOPS: 12. ENTITY #: 558//238. VIEW #: 4. BACKLOGGED :: 148.000%! ~~ 
23:59:31.850 WARN  ~~ LOOPS: 12. ENTITY #: 558//241. VIEW #: 4. BACKLOGGED :: 132.500%! ~~ 
23:59:34.025 WARN  ~~ LOOPS: 12. ENTITY #: 564//241. VIEW #: 4. BACKLOGGED :: 160.750%! ~~ 
23:59:35.053 WARN  ~~ LOOPS: 11. ENTITY #: 571//244. VIEW #: 4. BACKLOGGED :: 153.818%! ~~ 
23:59:36.069 WARN  ~~ LOOPS: 11. ENTITY #: 561//239. VIEW #: 4. BACKLOGGED :: 156.818%! ~~ 
23:59:37.100 WARN  ~~ LOOPS: 10. ENTITY #: 561//240. VIEW #: 4. BACKLOGGED :: 148.500%! ~~ 
23:59:38.223 WARN  ~~ LOOPS: 12. ENTITY #: 555//236. VIEW #: 4. BACKLOGGED :: 144.750%! ~~ 
23:59:41.287 WARN  ~~ LOOPS: 14. ENTITY #: 560//234. VIEW #: 4. BACKLOGGED :: 103.714%! ~~ 
23:59:42.433 WARN  ~~ LOOPS: 14. ENTITY #: 536//219. VIEW #: 4. BACKLOGGED :: 115.500%! ~~ 
23:59:44.476 WARN  ~~ LOOPS: 12. ENTITY #: 524//200. VIEW #: 4. BACKLOGGED :: 135.500%! ~~ 
23:59:48.647 WARN  ~~ LOOPS: 14. ENTITY #: 532//204. VIEW #: 4. BACKLOGGED :: 126.857%! ~~ 
23:59:49.677 WARN  ~~ LOOPS: 12. ENTITY #: 536//203. VIEW #: 4. BACKLOGGED :: 138.250%! ~~ 
23:59:51.709 WARN  ~~ LOOPS: 15. ENTITY #: 520//189. VIEW #: 4. BACKLOGGED :: 101.600%! ~~ 
23:59:53.846 WARN  ~~ LOOPS: 14. ENTITY #: 527//188. VIEW #: 4. BACKLOGGED :: 108.643%! ~~ 
23:59:54.865 WARN  ~~ LOOPS: 11. ENTITY #: 525//191. VIEW #: 4. BACKLOGGED :: 141.273%! ~~ 
23:59:55.894 WARN  ~~ LOOPS: 13. ENTITY #: 525//190. VIEW #: 4. BACKLOGGED :: 138.692%! ~~ 
23:59:57.937 WARN  ~~ LOOPS: 10. ENTITY #: 525//188. VIEW #: 4. BACKLOGGED :: 108.600%! ~~ 
23:59:59.038 WARN  ~~ LOOPS: 14. ENTITY #: 526//187. VIEW #: 4. BACKLOGGED :: 121.286%! ~~ 
00:00:01.073 WARN  ~~ LOOPS: 14. ENTITY #: 525//186. VIEW #: 4. BACKLOGGED :: 111.429%! ~~ 
00:00:02.218 WARN  ~~ LOOPS: 13. ENTITY #: 528//189. VIEW #: 4. BACKLOGGED :: 128.769%! ~~ 

