15:18:17.392 WARN  Bot connected and ready to use! 
15:18:24.624 ERROR [ERROR] Detected an NaN position! 
15:29:08.101 WARN  Tried to use my name! Kicking. 
15:37:18.851 ERROR [ERROR] Detected an NaN position! 
15:37:18.973 ERROR [ERROR] Detected an NaN position! 
15:37:19.341 ERROR [ERROR] Detected an NaN position! 
15:37:19.406 ERROR [ERROR] Detected an NaN position! 
15:37:19.530 ERROR [ERROR] Detected an NaN position! 
15:37:19.572 ERROR [ERROR] Detected an NaN position! 
15:50:56.800 ERROR [ERROR] Detected an NaN position! 
15:53:12.066 WARN  ~~ LOOPS: 15. ENTITY #: 509//212. VIEW #: 8. BACKLOGGED :: 103.800%! ~~ 
15:57:26.169 ERROR [ERROR] Detected an NaN position! 
15:57:28.806 ERROR [ERROR] Detected an NaN position! 
15:57:51.156 WARN  ~~ LOOPS: 15. ENTITY #: 460//216. VIEW #: 8. BACKLOGGED :: 103.200%! ~~ 
15:59:21.425 ERROR [ERROR] Detected an NaN position! 
16:11:37.787 WARN  ~~ LOOPS: 5. ENTITY #: 448//179. VIEW #: 7. BACKLOGGED :: 3292.200%! ~~ 
16:11:56.364 WARN  Bot connected and ready to use! 
16:12:11.997 WARN  Malformed command packet! Kicking. 
16:19:35.290 WARN  Bot connected and ready to use! 
16:21:58.299 ERROR [ERROR] Detected an NaN position! 
16:49:49.775 WARN  Bot connected and ready to use! 
16:49:59.178 ERROR [ERROR] Detected an NaN position! 
16:49:59.793 ERROR [ERROR] Detected an NaN position! 
16:50:01.033 ERROR [ERROR] Detected an NaN position! 
16:51:52.231 WARN  Bot connected and ready to use! 
17:03:51.715 ERROR [ERROR] Detected an NaN position! 
17:03:51.771 ERROR [ERROR] Detected an NaN position! 
17:24:10.604 WARN  Bot connected and ready to use! 
17:38:03.054 WARN  ~~ LOOPS: 15. ENTITY #: 496//184. VIEW #: 9. BACKLOGGED :: 106.600%! ~~ 
17:45:06.672 WARN  ~~ LOOPS: 6. ENTITY #: 503//164. VIEW #: 8. BACKLOGGED :: 2009.000%! ~~ 
17:46:29.155 WARN  ~~ LOOPS: 14. ENTITY #: 483//151. VIEW #: 8. BACKLOGGED :: 114.429%! ~~ 
17:56:10.858 ERROR [ERROR] Detected an NaN position! 
17:56:11.707 ERROR [ERROR] Detected an NaN position! 
17:56:56.553 ERROR [ERROR] Detected an NaN position! 
18:02:06.955 WARN  ~~ LOOPS: 15. ENTITY #: 536//204. VIEW #: 10. BACKLOGGED :: 104.600%! ~~ 
18:04:58.156 WARN  ~~ LOOPS: 13. ENTITY #: 486//135. VIEW #: 9. BACKLOGGED :: 2309.077%! ~~ 
18:13:32.738 WARN  Bot connected and ready to use! 
18:14:01.461 WARN  Bot connected and ready to use! 
18:17:45.155 WARN  Player got kicked! Kicking. 
18:17:51.322 WARN  Player got kicked! Kicking. 
18:18:52.424 WARN  Player got kicked! Kicking. 
18:19:19.359 WARN  Player got kicked! Kicking. 
18:19:32.525 WARN  Player got kicked! Kicking. 
18:20:49.666 WARN  Player got kicked! Kicking. 
18:22:43.011 ERROR [ERROR] Detected an NaN position! 
18:23:45.966 WARN  Player got kicked! Kicking. 
18:33:15.966 WARN  Bot connected and ready to use! 
18:36:47.774 WARN  ~~ LOOPS: 12. ENTITY #: 412//318. VIEW #: 6. BACKLOGGED :: 127.750%! ~~ 
18:36:48.886 WARN  ~~ LOOPS: 13. ENTITY #: 413//319. VIEW #: 6. BACKLOGGED :: 139.846%! ~~ 
18:36:49.905 WARN  ~~ LOOPS: 13. ENTITY #: 417//324. VIEW #: 6. BACKLOGGED :: 134.538%! ~~ 
18:47:25.519 WARN  ~~ LOOPS: 12. ENTITY #: 452//251. VIEW #: 6. BACKLOGGED :: 143.750%! ~~ 
18:49:13.730 WARN  Player got kicked! Kicking. 
18:50:19.358 WARN  ~~ LOOPS: 15. ENTITY #: 487//283. VIEW #: 7. BACKLOGGED :: 105.600%! ~~ 
18:53:41.644 WARN  ~~ LOOPS: 15. ENTITY #: 473//272. VIEW #: 7. BACKLOGGED :: 106.800%! ~~ 
19:02:07.406 WARN  ~~ LOOPS: 17. ENTITY #: 447//353. VIEW #: 8. BACKLOGGED :: 204.353%! ~~ 
19:02:29.821 WARN  ~~ LOOPS: 11. ENTITY #: 446//310. VIEW #: 8. BACKLOGGED :: 174.273%! ~~ 
19:02:30.933 WARN  ~~ LOOPS: 11. ENTITY #: 451//312. VIEW #: 8. BACKLOGGED :: 199.364%! ~~ 
19:02:33.218 WARN  ~~ LOOPS: 5. ENTITY #: 449//304. VIEW #: 8. BACKLOGGED :: 571.200%! ~~ 
19:13:31.874 ERROR [ERROR] Detected an NaN position! 
19:14:23.975 WARN  ~~ LOOPS: 5. ENTITY #: 480//325. VIEW #: 11. BACKLOGGED :: 2946.600%! ~~ 
19:14:25.051 WARN  ~~ LOOPS: 10. ENTITY #: 484//326. VIEW #: 11. BACKLOGGED :: 165.000%! ~~ 
19:16:55.357 WARN  ~~ LOOPS: 15. ENTITY #: 500//345. VIEW #: 11. BACKLOGGED :: 103.000%! ~~ 
19:16:56.408 WARN  ~~ LOOPS: 15. ENTITY #: 506//343. VIEW #: 11. BACKLOGGED :: 106.600%! ~~ 
19:16:59.478 WARN  ~~ LOOPS: 15. ENTITY #: 505//347. VIEW #: 11. BACKLOGGED :: 102.400%! ~~ 
19:17:01.512 WARN  ~~ LOOPS: 15. ENTITY #: 512//348. VIEW #: 11. BACKLOGGED :: 101.800%! ~~ 
19:18:26.299 WARN  ~~ LOOPS: 12. ENTITY #: 461//248. VIEW #: 9. BACKLOGGED :: 159.750%! ~~ 
19:23:28.775 WARN  ~~ LOOPS: 17. ENTITY #: 445//211. VIEW #: 9. BACKLOGGED :: 3097.412%! ~~ 
19:25:40.540 WARN  ~~ LOOPS: 15. ENTITY #: 564//324. VIEW #: 10. BACKLOGGED :: 102.000%! ~~ 
19:25:53.582 ERROR [ERROR] Detected an NaN position! 
19:25:53.583 ERROR [ERROR] Detected an NaN position! 
19:25:53.645 ERROR [ERROR] Detected an NaN position! 
19:25:55.885 ERROR [ERROR] Detected an NaN position! 
19:26:00.021 ERROR [ERROR] Detected an NaN position! 
19:26:50.942 ERROR [ERROR] Detected an NaN position! 
19:26:51.335 ERROR [ERROR] Detected an NaN position! 
19:26:57.863 ERROR [ERROR] Detected an NaN position! 
19:27:22.527 ERROR [ERROR] Detected an NaN position! 
19:28:21.333 ERROR [ERROR] Detected an NaN position! 
19:31:32.415 WARN  ~~ LOOPS: 14. ENTITY #: 498//255. VIEW #: 10. BACKLOGGED :: 130.500%! ~~ 
19:31:33.651 WARN  ~~ LOOPS: 9. ENTITY #: 496//255. VIEW #: 10. BACKLOGGED :: 170.000%! ~~ 
19:31:34.670 WARN  ~~ LOOPS: 8. ENTITY #: 498//255. VIEW #: 10. BACKLOGGED :: 145.500%! ~~ 
19:31:35.723 WARN  ~~ LOOPS: 14. ENTITY #: 499//256. VIEW #: 10. BACKLOGGED :: 125.357%! ~~ 
19:31:37.809 WARN  ~~ LOOPS: 14. ENTITY #: 504//258. VIEW #: 10. BACKLOGGED :: 101.357%! ~~ 
20:26:30.752 WARN  Bot connected and ready to use! 
20:32:58.531 ERROR [ERROR] Detected an NaN position! 
20:36:01.911 WARN  Malformed command packet! Kicking. 
20:57:55.948 ERROR [ERROR] Detected an NaN position! 
21:05:30.957 WARN  ~~ LOOPS: 15. ENTITY #: 521//268. VIEW #: 4. BACKLOGGED :: 104.400%! ~~ 
21:12:33.975 WARN  ~~ LOOPS: 15. ENTITY #: 527//353. VIEW #: 5. BACKLOGGED :: 103.400%! ~~ 
21:13:09.207 WARN  Bot connected and ready to use! 
21:30:33.993 WARN  Bot connected and ready to use! 
21:34:13.178 WARN  Bot connected and ready to use! 
21:34:23.234 ERROR [ERROR] Detected an NaN position! 
21:34:27.240 ERROR [ERROR] Detected an NaN position! 
21:34:57.285 ERROR [ERROR] Detected an NaN position! 
21:34:59.038 ERROR [ERROR] Detected an NaN position! 
21:36:04.982 WARN  Bot connected and ready to use! 
21:36:35.580 ERROR [ERROR] Detected an NaN position! 
21:36:40.375 ERROR [ERROR] Detected an NaN position! 
21:36:49.705 ERROR [ERROR] Detected an NaN position! 
21:37:37.932 ERROR [ERROR] Detected an NaN position! 
21:38:11.701 WARN  ~~ LOOPS: 1. ENTITY #: 17151//0. VIEW #: 0. BACKLOGGED :: 429.000%! ~~ 
21:38:15.270 WARN  ~~ LOOPS: 2. ENTITY #: 17166//0. VIEW #: 0. BACKLOGGED :: 1348.500%! ~~ 
21:38:19.582 WARN  ~~ LOOPS: 7. ENTITY #: 17171//0. VIEW #: 0. BACKLOGGED :: 232.286%! ~~ 
21:38:19.991 WARN  Bot connected and ready to use! 
21:38:25.774 WARN  ~~ LOOPS: 7. ENTITY #: 17192//2450. VIEW #: 0. BACKLOGGED :: 646.714%! ~~ 
21:38:31.016 WARN  ~~ LOOPS: 1. ENTITY #: 17188//3. VIEW #: 0. BACKLOGGED :: 1263.000%! ~~ 
21:38:36.707 WARN  ~~ LOOPS: 4. ENTITY #: 17193//4. VIEW #: 2. BACKLOGGED :: 261.000%! ~~ 
21:38:43.473 WARN  ~~ LOOPS: 7. ENTITY #: 17218//1. VIEW #: 0. BACKLOGGED :: 259.286%! ~~ 
21:38:50.784 WARN  ~~ LOOPS: 5. ENTITY #: 17230//3430. VIEW #: 0. BACKLOGGED :: 471.600%! ~~ 
21:38:58.364 WARN  ~~ LOOPS: 6. ENTITY #: 17260//7. VIEW #: 3. BACKLOGGED :: 295.000%! ~~ 
21:38:58.656 WARN  Malformed command packet! Kicking. 
21:38:58.657 WARN  Malformed command packet! Kicking. 
21:39:06.325 WARN  ~~ LOOPS: 6. ENTITY #: 17276//6. VIEW #: 3. BACKLOGGED :: 254.500%! ~~ 
21:39:14.205 WARN  ~~ LOOPS: 5. ENTITY #: 17294//3435. VIEW #: 2. BACKLOGGED :: 428.400%! ~~ 
21:39:21.935 WARN  ~~ LOOPS: 6. ENTITY #: 17303//13. VIEW #: 3. BACKLOGGED :: 310.500%! ~~ 
21:39:29.839 WARN  ~~ LOOPS: 8. ENTITY #: 17318//11. VIEW #: 3. BACKLOGGED :: 233.625%! ~~ 
21:39:37.857 WARN  ~~ LOOPS: 4. ENTITY #: 17334//4301. VIEW #: 3. BACKLOGGED :: 567.000%! ~~ 
21:39:46.173 WARN  ~~ LOOPS: 7. ENTITY #: 17348//11. VIEW #: 3. BACKLOGGED :: 255.857%! ~~ 
21:39:54.227 WARN  ~~ LOOPS: 7. ENTITY #: 17361//13. VIEW #: 2. BACKLOGGED :: 240.857%! ~~ 
21:40:02.427 WARN  ~~ LOOPS: 4. ENTITY #: 17378//4304. VIEW #: 2. BACKLOGGED :: 547.500%! ~~ 
21:40:11.047 WARN  ~~ LOOPS: 6. ENTITY #: 17389//13. VIEW #: 2. BACKLOGGED :: 343.500%! ~~ 
21:40:19.354 WARN  ~~ LOOPS: 7. ENTITY #: 17403//14. VIEW #: 2. BACKLOGGED :: 259.714%! ~~ 
21:40:28.189 WARN  ~~ LOOPS: 4. ENTITY #: 17418//4308. VIEW #: 2. BACKLOGGED :: 561.000%! ~~ 
21:40:36.526 WARN  ~~ LOOPS: 7. ENTITY #: 17437//16. VIEW #: 3. BACKLOGGED :: 237.000%! ~~ 
21:40:44.980 WARN  ~~ LOOPS: 5. ENTITY #: 17453//16. VIEW #: 3. BACKLOGGED :: 251.400%! ~~ 
21:40:53.570 WARN  ~~ LOOPS: 4. ENTITY #: 17468//4313. VIEW #: 4. BACKLOGGED :: 554.250%! ~~ 
21:41:01.932 WARN  ~~ LOOPS: 7. ENTITY #: 17494//19. VIEW #: 5. BACKLOGGED :: 250.286%! ~~ 
21:41:10.395 WARN  ~~ LOOPS: 5. ENTITY #: 17505//20. VIEW #: 5. BACKLOGGED :: 226.800%! ~~ 
21:41:18.790 WARN  ~~ LOOPS: 4. ENTITY #: 17519//4313. VIEW #: 5. BACKLOGGED :: 429.750%! ~~ 
21:41:27.613 WARN  ~~ LOOPS: 4. ENTITY #: 17528//35. VIEW #: 5. BACKLOGGED :: 372.750%! ~~ 
21:41:36.414 WARN  ~~ LOOPS: 7. ENTITY #: 17562//21. VIEW #: 4. BACKLOGGED :: 255.429%! ~~ 
21:41:45.313 WARN  ~~ LOOPS: 4. ENTITY #: 17576//23. VIEW #: 4. BACKLOGGED :: 278.250%! ~~ 
21:41:54.099 WARN  ~~ LOOPS: 4. ENTITY #: 17587//4323. VIEW #: 4. BACKLOGGED :: 530.250%! ~~ 
21:43:28.274 WARN  Bot connected and ready to use! 
21:46:08.318 WARN  ~~ LOOPS: 10. ENTITY #: 3219//242. VIEW #: 4. BACKLOGGED :: 105.000%! ~~ 
21:46:17.233 WARN  ~~ LOOPS: 9. ENTITY #: 3350//250. VIEW #: 4. BACKLOGGED :: 114.667%! ~~ 
21:46:40.318 WARN  ~~ LOOPS: 10. ENTITY #: 3672//276. VIEW #: 4. BACKLOGGED :: 104.400%! ~~ 
21:46:41.583 WARN  ~~ LOOPS: 9. ENTITY #: 3686//279. VIEW #: 4. BACKLOGGED :: 103.667%! ~~ 
21:46:45.229 WARN  ~~ LOOPS: 7. ENTITY #: 3735//307. VIEW #: 4. BACKLOGGED :: 111.429%! ~~ 
21:46:46.417 WARN  ~~ LOOPS: 8. ENTITY #: 3758//306. VIEW #: 4. BACKLOGGED :: 102.375%! ~~ 
21:46:47.783 WARN  ~~ LOOPS: 8. ENTITY #: 3766//319. VIEW #: 4. BACKLOGGED :: 116.250%! ~~ 
21:46:48.970 WARN  ~~ LOOPS: 9. ENTITY #: 3788//304. VIEW #: 4. BACKLOGGED :: 104.333%! ~~ 
21:46:50.268 WARN  ~~ LOOPS: 8. ENTITY #: 3792//321. VIEW #: 4. BACKLOGGED :: 112.875%! ~~ 
21:46:51.453 WARN  ~~ LOOPS: 8. ENTITY #: 3810//310. VIEW #: 4. BACKLOGGED :: 107.250%! ~~ 
21:46:52.694 WARN  ~~ LOOPS: 8. ENTITY #: 3834//304. VIEW #: 4. BACKLOGGED :: 109.125%! ~~ 
21:46:53.924 WARN  ~~ LOOPS: 8. ENTITY #: 3845//322. VIEW #: 4. BACKLOGGED :: 118.875%! ~~ 
21:46:55.177 WARN  ~~ LOOPS: 7. ENTITY #: 3858//290. VIEW #: 4. BACKLOGGED :: 104.143%! ~~ 
21:46:56.406 WARN  ~~ LOOPS: 8. ENTITY #: 3871//304. VIEW #: 4. BACKLOGGED :: 106.500%! ~~ 
21:46:57.648 WARN  ~~ LOOPS: 8. ENTITY #: 3892//308. VIEW #: 4. BACKLOGGED :: 114.000%! ~~ 
21:46:58.888 WARN  ~~ LOOPS: 8. ENTITY #: 3907//293. VIEW #: 4. BACKLOGGED :: 108.375%! ~~ 
21:47:00.251 WARN  ~~ LOOPS: 8. ENTITY #: 3913//317. VIEW #: 4. BACKLOGGED :: 120.000%! ~~ 
21:47:01.555 WARN  ~~ LOOPS: 9. ENTITY #: 3942//288. VIEW #: 4. BACKLOGGED :: 104.667%! ~~ 
21:47:02.856 WARN  ~~ LOOPS: 8. ENTITY #: 3954//317. VIEW #: 4. BACKLOGGED :: 111.375%! ~~ 
21:47:04.180 WARN  ~~ LOOPS: 9. ENTITY #: 3978//290. VIEW #: 4. BACKLOGGED :: 104.667%! ~~ 
21:47:05.519 WARN  ~~ LOOPS: 8. ENTITY #: 3999//315. VIEW #: 4. BACKLOGGED :: 115.125%! ~~ 
21:47:06.808 WARN  ~~ LOOPS: 8. ENTITY #: 4014//288. VIEW #: 4. BACKLOGGED :: 109.125%! ~~ 
21:47:08.094 WARN  ~~ LOOPS: 8. ENTITY #: 4022//310. VIEW #: 4. BACKLOGGED :: 111.750%! ~~ 
21:47:09.386 WARN  ~~ LOOPS: 7. ENTITY #: 4031//307. VIEW #: 4. BACKLOGGED :: 110.571%! ~~ 
21:47:10.668 WARN  ~~ LOOPS: 8. ENTITY #: 4043//301. VIEW #: 4. BACKLOGGED :: 108.750%! ~~ 
21:47:11.967 WARN  ~~ LOOPS: 8. ENTITY #: 4058//318. VIEW #: 4. BACKLOGGED :: 121.125%! ~~ 
21:47:13.275 WARN  ~~ LOOPS: 8. ENTITY #: 4086//302. VIEW #: 4. BACKLOGGED :: 102.375%! ~~ 
21:47:14.588 WARN  ~~ LOOPS: 7. ENTITY #: 4095//304. VIEW #: 4. BACKLOGGED :: 116.143%! ~~ 
21:47:15.938 WARN  ~~ LOOPS: 8. ENTITY #: 4107//322. VIEW #: 4. BACKLOGGED :: 111.000%! ~~ 
21:47:17.243 WARN  ~~ LOOPS: 8. ENTITY #: 4114//303. VIEW #: 4. BACKLOGGED :: 112.500%! ~~ 
21:47:18.594 WARN  ~~ LOOPS: 8. ENTITY #: 4119//312. VIEW #: 4. BACKLOGGED :: 110.250%! ~~ 
21:47:20.008 WARN  ~~ LOOPS: 7. ENTITY #: 4135//322. VIEW #: 4. BACKLOGGED :: 135.000%! ~~ 
21:47:21.405 WARN  ~~ LOOPS: 8. ENTITY #: 4157//295. VIEW #: 4. BACKLOGGED :: 117.000%! ~~ 
21:47:22.784 WARN  ~~ LOOPS: 8. ENTITY #: 4171//323. VIEW #: 4. BACKLOGGED :: 111.000%! ~~ 
21:47:24.170 WARN  ~~ LOOPS: 7. ENTITY #: 4180//319. VIEW #: 4. BACKLOGGED :: 135.000%! ~~ 
21:47:25.543 WARN  ~~ LOOPS: 6. ENTITY #: 4190//333. VIEW #: 4. BACKLOGGED :: 133.000%! ~~ 
21:47:26.899 WARN  ~~ LOOPS: 7. ENTITY #: 4202//309. VIEW #: 4. BACKLOGGED :: 144.429%! ~~ 
21:47:28.263 WARN  ~~ LOOPS: 8. ENTITY #: 4210//322. VIEW #: 4. BACKLOGGED :: 120.000%! ~~ 
21:47:29.724 WARN  ~~ LOOPS: 7. ENTITY #: 4220//331. VIEW #: 4. BACKLOGGED :: 154.286%! ~~ 
21:47:31.088 WARN  ~~ LOOPS: 7. ENTITY #: 4241//308. VIEW #: 4. BACKLOGGED :: 126.000%! ~~ 
21:47:32.454 WARN  ~~ LOOPS: 8. ENTITY #: 4249//322. VIEW #: 4. BACKLOGGED :: 108.750%! ~~ 
21:47:33.843 WARN  ~~ LOOPS: 7. ENTITY #: 4269//336. VIEW #: 4. BACKLOGGED :: 139.714%! ~~ 
21:47:35.235 WARN  ~~ LOOPS: 8. ENTITY #: 4285//316. VIEW #: 4. BACKLOGGED :: 126.375%! ~~ 
21:47:36.611 WARN  ~~ LOOPS: 7. ENTITY #: 4305//322. VIEW #: 4. BACKLOGGED :: 126.000%! ~~ 
21:47:37.985 WARN  ~~ LOOPS: 8. ENTITY #: 4313//337. VIEW #: 4. BACKLOGGED :: 126.000%! ~~ 
21:47:39.397 WARN  ~~ LOOPS: 7. ENTITY #: 4332//327. VIEW #: 4. BACKLOGGED :: 137.571%! ~~ 
21:47:40.787 WARN  ~~ LOOPS: 7. ENTITY #: 4347//313. VIEW #: 4. BACKLOGGED :: 132.857%! ~~ 
21:47:42.191 WARN  ~~ LOOPS: 7. ENTITY #: 4352//336. VIEW #: 4. BACKLOGGED :: 128.143%! ~~ 
21:47:43.583 WARN  ~~ LOOPS: 7. ENTITY #: 4360//353. VIEW #: 4. BACKLOGGED :: 130.714%! ~~ 
21:47:44.993 WARN  ~~ LOOPS: 8. ENTITY #: 4384//336. VIEW #: 4. BACKLOGGED :: 121.500%! ~~ 
21:47:46.402 WARN  ~~ LOOPS: 8. ENTITY #: 4393//329. VIEW #: 4. BACKLOGGED :: 126.375%! ~~ 
21:47:47.853 WARN  ~~ LOOPS: 8. ENTITY #: 4402//349. VIEW #: 4. BACKLOGGED :: 126.000%! ~~ 
21:47:49.059 WARN  ~~ LOOPS: 7. ENTITY #: 4405//408. VIEW #: 4. BACKLOGGED :: 162.000%! ~~ 
21:47:50.251 WARN  ~~ LOOPS: 5. ENTITY #: 4416//526. VIEW #: 4. BACKLOGGED :: 187.800%! ~~ 
21:47:51.673 WARN  ~~ LOOPS: 4. ENTITY #: 4426//629. VIEW #: 4. BACKLOGGED :: 241.500%! ~~ 
21:47:52.896 WARN  ~~ LOOPS: 5. ENTITY #: 4437//633. VIEW #: 4. BACKLOGGED :: 214.200%! ~~ 
21:47:54.391 WARN  ~~ LOOPS: 5. ENTITY #: 4450//641. VIEW #: 4. BACKLOGGED :: 228.600%! ~~ 
21:47:55.569 WARN  ~~ LOOPS: 5. ENTITY #: 4453//645. VIEW #: 4. BACKLOGGED :: 211.800%! ~~ 
21:47:57.036 WARN  ~~ LOOPS: 5. ENTITY #: 4455//649. VIEW #: 4. BACKLOGGED :: 223.800%! ~~ 
21:47:58.231 WARN  ~~ LOOPS: 4. ENTITY #: 4454//671. VIEW #: 4. BACKLOGGED :: 256.500%! ~~ 
21:47:59.418 WARN  ~~ LOOPS: 4. ENTITY #: 4459//659. VIEW #: 4. BACKLOGGED :: 264.750%! ~~ 
21:48:00.673 WARN  ~~ LOOPS: 4. ENTITY #: 4461//642. VIEW #: 4. BACKLOGGED :: 306.000%! ~~ 
21:48:01.913 WARN  ~~ LOOPS: 5. ENTITY #: 4467//676. VIEW #: 4. BACKLOGGED :: 236.400%! ~~ 
21:48:03.402 WARN  ~~ LOOPS: 5. ENTITY #: 4481//698. VIEW #: 4. BACKLOGGED :: 208.200%! ~~ 
21:48:04.659 WARN  ~~ LOOPS: 5. ENTITY #: 4480//688. VIEW #: 4. BACKLOGGED :: 256.200%! ~~ 
21:48:06.151 WARN  ~~ LOOPS: 4. ENTITY #: 4505//730. VIEW #: 4. BACKLOGGED :: 276.750%! ~~ 
21:48:07.397 WARN  ~~ LOOPS: 5. ENTITY #: 4511//717. VIEW #: 4. BACKLOGGED :: 232.800%! ~~ 
21:48:08.845 WARN  ~~ LOOPS: 4. ENTITY #: 4526//731. VIEW #: 4. BACKLOGGED :: 252.000%! ~~ 
21:48:10.138 WARN  ~~ LOOPS: 5. ENTITY #: 4534//733. VIEW #: 4. BACKLOGGED :: 243.000%! ~~ 
21:48:11.376 WARN  ~~ LOOPS: 4. ENTITY #: 4546//789. VIEW #: 4. BACKLOGGED :: 281.250%! ~~ 
21:48:12.588 WARN  ~~ LOOPS: 4. ENTITY #: 4556//733. VIEW #: 4. BACKLOGGED :: 275.250%! ~~ 
21:48:14.070 WARN  ~~ LOOPS: 4. ENTITY #: 4575//749. VIEW #: 4. BACKLOGGED :: 264.000%! ~~ 
21:48:15.278 WARN  ~~ LOOPS: 4. ENTITY #: 4589//753. VIEW #: 4. BACKLOGGED :: 259.500%! ~~ 
21:48:16.476 WARN  ~~ LOOPS: 4. ENTITY #: 4604//785. VIEW #: 4. BACKLOGGED :: 262.500%! ~~ 
21:48:17.756 WARN  ~~ LOOPS: 5. ENTITY #: 4611//755. VIEW #: 4. BACKLOGGED :: 250.200%! ~~ 
21:49:52.651 WARN  Bot connected and ready to use! 
21:50:25.220 WARN  ~~ LOOPS: 13. ENTITY #: 806//566. VIEW #: 2. BACKLOGGED :: 114.692%! ~~ 
21:50:26.226 WARN  ~~ LOOPS: 10. ENTITY #: 825//790. VIEW #: 2. BACKLOGGED :: 133.200%! ~~ 
21:50:27.239 WARN  ~~ LOOPS: 9. ENTITY #: 847//833. VIEW #: 2. BACKLOGGED :: 184.333%! ~~ 
21:50:28.264 WARN  ~~ LOOPS: 11. ENTITY #: 870//861. VIEW #: 2. BACKLOGGED :: 156.545%! ~~ 
21:50:29.270 WARN  ~~ LOOPS: 11. ENTITY #: 881//874. VIEW #: 2. BACKLOGGED :: 155.182%! ~~ 
21:50:30.404 WARN  ~~ LOOPS: 8. ENTITY #: 897//887. VIEW #: 2. BACKLOGGED :: 174.750%! ~~ 
21:50:31.422 WARN  ~~ LOOPS: 10. ENTITY #: 926//908. VIEW #: 2. BACKLOGGED :: 158.700%! ~~ 
21:50:32.435 WARN  ~~ LOOPS: 6. ENTITY #: 940//930. VIEW #: 2. BACKLOGGED :: 267.000%! ~~ 
21:50:33.452 WARN  ~~ LOOPS: 8. ENTITY #: 958//947. VIEW #: 2. BACKLOGGED :: 246.750%! ~~ 
21:50:34.598 WARN  ~~ LOOPS: 6. ENTITY #: 976//966. VIEW #: 2. BACKLOGGED :: 140.500%! ~~ 
21:50:35.620 WARN  ~~ LOOPS: 9. ENTITY #: 996//986. VIEW #: 2. BACKLOGGED :: 187.333%! ~~ 
21:50:36.631 WARN  ~~ LOOPS: 8. ENTITY #: 1005//1000. VIEW #: 2. BACKLOGGED :: 168.750%! ~~ 
21:50:37.652 WARN  ~~ LOOPS: 6. ENTITY #: 1017//1009. VIEW #: 3. BACKLOGGED :: 201.500%! ~~ 
21:50:38.791 WARN  ~~ LOOPS: 7. ENTITY #: 1031//1021. VIEW #: 3. BACKLOGGED :: 287.143%! ~~ 
21:50:39.816 WARN  ~~ LOOPS: 8. ENTITY #: 1051//1041. VIEW #: 3. BACKLOGGED :: 242.625%! ~~ 
21:50:40.825 WARN  ~~ LOOPS: 8. ENTITY #: 1070//1059. VIEW #: 3. BACKLOGGED :: 169.125%! ~~ 
21:50:42.022 WARN  ~~ LOOPS: 8. ENTITY #: 1088//1076. VIEW #: 3. BACKLOGGED :: 226.125%! ~~ 
21:50:43.061 WARN  ~~ LOOPS: 6. ENTITY #: 1095//1090. VIEW #: 3. BACKLOGGED :: 224.500%! ~~ 
21:50:44.213 WARN  ~~ LOOPS: 7. ENTITY #: 1111//1101. VIEW #: 3. BACKLOGGED :: 293.143%! ~~ 
21:50:45.249 WARN  ~~ LOOPS: 8. ENTITY #: 1129//1119. VIEW #: 3. BACKLOGGED :: 219.000%! ~~ 
21:50:46.281 WARN  ~~ LOOPS: 5. ENTITY #: 1136//1131. VIEW #: 3. BACKLOGGED :: 257.400%! ~~ 
21:50:47.435 WARN  ~~ LOOPS: 7. ENTITY #: 1154//1143. VIEW #: 3. BACKLOGGED :: 246.857%! ~~ 
21:50:48.641 WARN  ~~ LOOPS: 5. ENTITY #: 1175//1167. VIEW #: 3. BACKLOGGED :: 387.600%! ~~ 
21:50:49.811 WARN  ~~ LOOPS: 5. ENTITY #: 1186//1177. VIEW #: 3. BACKLOGGED :: 337.200%! ~~ 
21:50:50.850 WARN  ~~ LOOPS: 7. ENTITY #: 1210//1198. VIEW #: 3. BACKLOGGED :: 242.143%! ~~ 
21:50:52.001 WARN  ~~ LOOPS: 6. ENTITY #: 1229//1220. VIEW #: 3. BACKLOGGED :: 288.000%! ~~ 
21:50:53.057 WARN  ~~ LOOPS: 7. ENTITY #: 1250//1237. VIEW #: 3. BACKLOGGED :: 202.286%! ~~ 
21:50:54.194 WARN  ~~ LOOPS: 6. ENTITY #: 1276//1264. VIEW #: 3. BACKLOGGED :: 223.500%! ~~ 
21:50:55.255 WARN  ~~ LOOPS: 5. ENTITY #: 1300//1290. VIEW #: 3. BACKLOGGED :: 345.000%! ~~ 
21:50:56.433 WARN  ~~ LOOPS: 6. ENTITY #: 1320//1310. VIEW #: 3. BACKLOGGED :: 348.000%! ~~ 
21:50:57.471 WARN  ~~ LOOPS: 5. ENTITY #: 1339//1328. VIEW #: 3. BACKLOGGED :: 409.800%! ~~ 
21:50:58.612 WARN  ~~ LOOPS: 6. ENTITY #: 1354//1346. VIEW #: 3. BACKLOGGED :: 455.000%! ~~ 
21:50:59.662 WARN  ~~ LOOPS: 6. ENTITY #: 1371//1361. VIEW #: 3. BACKLOGGED :: 240.000%! ~~ 
21:51:00.813 WARN  ~~ LOOPS: 5. ENTITY #: 1385//1376. VIEW #: 3. BACKLOGGED :: 261.600%! ~~ 
21:51:02.014 WARN  ~~ LOOPS: 6. ENTITY #: 1398//1386. VIEW #: 3. BACKLOGGED :: 235.000%! ~~ 
21:51:03.195 WARN  ~~ LOOPS: 6. ENTITY #: 1415//1403. VIEW #: 3. BACKLOGGED :: 188.000%! ~~ 
21:51:04.413 WARN  ~~ LOOPS: 5. ENTITY #: 1421//1414. VIEW #: 3. BACKLOGGED :: 136.800%! ~~ 
21:51:05.592 WARN  ~~ LOOPS: 6. ENTITY #: 1436//1427. VIEW #: 3. BACKLOGGED :: 122.000%! ~~ 
21:51:06.803 WARN  ~~ LOOPS: 6. ENTITY #: 1453//1443. VIEW #: 3. BACKLOGGED :: 184.000%! ~~ 
21:51:08.033 WARN  ~~ LOOPS: 6. ENTITY #: 1485//1470. VIEW #: 3. BACKLOGGED :: 254.000%! ~~ 
21:51:09.204 WARN  ~~ LOOPS: 5. ENTITY #: 1504//1492. VIEW #: 3. BACKLOGGED :: 133.200%! ~~ 
21:51:10.405 WARN  ~~ LOOPS: 6. ENTITY #: 1529//1514. VIEW #: 3. BACKLOGGED :: 129.500%! ~~ 
21:51:11.629 WARN  ~~ LOOPS: 5. ENTITY #: 1551//1538. VIEW #: 3. BACKLOGGED :: 348.600%! ~~ 
21:51:12.852 WARN  ~~ LOOPS: 5. ENTITY #: 1567//1552. VIEW #: 3. BACKLOGGED :: 364.800%! ~~ 
21:51:14.019 WARN  ~~ LOOPS: 5. ENTITY #: 1576//1570. VIEW #: 3. BACKLOGGED :: 213.600%! ~~ 
21:51:15.222 WARN  ~~ LOOPS: 5. ENTITY #: 1585//1576. VIEW #: 3. BACKLOGGED :: 358.200%! ~~ 
21:51:16.264 WARN  ~~ LOOPS: 4. ENTITY #: 1593//1588. VIEW #: 3. BACKLOGGED :: 348.750%! ~~ 
21:51:42.555 WARN  Bot connected and ready to use! 
21:51:59.012 ERROR [ERROR] Detected an NaN position! 
21:51:59.012 ERROR [ERROR] Detected an NaN position! 
21:53:24.404 WARN  Bot connected and ready to use! 
21:54:44.007 WARN  Bot connected and ready to use! 
21:56:27.926 WARN  Bot connected and ready to use! 
21:57:25.980 WARN  Bot connected and ready to use! 
21:59:17.291 WARN  Bot connected and ready to use! 
22:00:55.978 WARN  Bot connected and ready to use! 
22:02:44.788 WARN  Bot connected and ready to use! 
22:04:29.122 WARN  Bot connected and ready to use! 
22:05:25.513 ERROR [ERROR] Detected an NaN position! 
22:05:43.849 ERROR [ERROR] Detected an NaN position! 
22:05:47.506 ERROR [ERROR] Detected an NaN position! 
22:07:40.589 WARN  Could not place some roids! 
22:07:41.059 WARN  Bot connected and ready to use! 
22:09:24.268 WARN  Bot connected and ready to use! 
22:09:52.349 WARN  Bot connected and ready to use! 
22:10:03.309 ERROR [ERROR] Detected an NaN position! 
22:10:07.623 ERROR [ERROR] Detected an NaN position! 
22:11:23.064 WARN  Bot connected and ready to use! 
22:11:34.068 ERROR [ERROR] Detected an NaN position! 
22:11:40.917 ERROR [ERROR] Detected an NaN position! 
22:11:49.028 ERROR [ERROR] Detected an NaN position! 
22:13:47.139 WARN  Bot connected and ready to use! 
22:24:46.036 WARN  Bot connected and ready to use! 
22:25:50.879 WARN  Bot connected and ready to use! 
22:25:59.545 WARN  Malformed command packet! Kicking. 
22:26:49.513 WARN  Bot connected and ready to use! 
22:29:41.797 WARN  Bot connected and ready to use! 
22:31:16.781 WARN  Player got kicked! Kicking. 
22:32:45.513 WARN  Bot connected and ready to use! 
22:48:51.952 WARN  Malformed command packet! Kicking. 
23:01:57.437 WARN  ~~ LOOPS: 19. ENTITY #: 647//202. VIEW #: 7. BACKLOGGED :: 113.053%! ~~ 
23:15:47.454 WARN  Malformed command packet! Kicking. 
23:16:39.087 WARN  ~~ LOOPS: 2. ENTITY #: 560//151. VIEW #: 6. BACKLOGGED :: 13942.500%! ~~ 
