00:03:47.966 ERROR [ERROR] A ghost has been found! 
00:03:47.966 ERROR Type: Demolisher 
00:03:47.966 ERROR Position: (5378.833333333333, 451.16666666666663) 
00:03:47.966 ERROR Collision Array:  
00:03:47.966 ERROR Health: 2.171666666666667 
00:03:47.967 WARN  Ghost removed successfully. 
00:03:47.967 WARN  Ghost removed successfully. 
00:03:47.967 ERROR [ERROR] A ghost has been found! 
00:03:47.967 ERROR Type: Demolisher 
00:03:47.967 ERROR Position: (5378.833333333333, 451.16666666666663) 
00:03:47.967 ERROR Collision Array:  
00:03:47.967 ERROR Health: 2.171666666666667 
00:03:47.967 WARN  Ghost removed successfully. 
00:03:47.967 ERROR [ERROR] A ghost has been found! 
00:03:47.967 ERROR Type: Demolisher 
00:03:47.967 ERROR Position: (5378.833333333333, 451.16666666666663) 
00:03:47.967 ERROR Collision Array:  
00:03:47.967 ERROR Health: 2.171666666666667 
00:03:47.967 WARN  Ghost removed successfully. 
00:03:47.967 ERROR [ERROR] A ghost has been found! 
00:03:47.967 ERROR Type: Demolisher 
00:03:47.967 ERROR Position: (5378.833333333333, 451.16666666666663) 
00:03:47.967 ERROR Collision Array:  
00:03:47.967 ERROR Health: 2.171666666666667 
00:03:47.967 WARN  Ghost removed successfully. 
00:03:47.967 ERROR [ERROR] A ghost has been found! 
00:03:47.967 ERROR Type: Demolisher 
00:03:47.967 ERROR Position: (5378.833333333333, 451.16666666666663) 
00:03:47.967 ERROR Collision Array:  
00:03:47.967 ERROR Health: 2.171666666666667 
00:03:47.967 WARN  Ghost removed successfully. 
00:03:47.967 ERROR [ERROR] A ghost has been found! 
00:03:47.967 ERROR Type: Demolisher 
00:03:47.967 ERROR Position: (5378.833333333333, 451.16666666666663) 
00:03:47.967 ERROR Collision Array:  
00:03:47.967 ERROR Health: 2.171666666666667 
00:03:47.967 WARN  Ghost removed successfully. 
00:03:47.967 ERROR [ERROR] A ghost has been found! 
00:03:47.968 ERROR Type: Demolisher 
00:03:47.968 ERROR Position: (5378.833333333333, 451.16666666666663) 
00:03:47.968 ERROR Collision Array:  
00:03:47.968 ERROR Health: 2.171666666666667 
00:03:47.968 WARN  Ghost removed successfully. 
00:03:47.968 ERROR [ERROR] A ghost has been found! 
00:03:47.968 ERROR Type: Demolisher 
00:03:47.968 ERROR Position: (5378.833333333333, 451.16666666666663) 
00:03:47.968 ERROR Collision Array:  
00:03:47.968 ERROR Health: 2.171666666666667 
00:03:47.968 WARN  Ghost removed successfully. 
00:16:56.447 ERROR [ERROR] A ghost has been found! 
00:16:56.447 ERROR Type: Minion 
00:16:56.447 ERROR Position: (811.692178588985, 3498.497997701354) 
00:16:56.447 ERROR Collision Array:  
00:16:56.448 ERROR Health: -1 
00:16:56.448 WARN  Ghost removed successfully. 
00:16:56.448 WARN  Ghost removed successfully. 
00:23:46.888 WARN  ~~ LOOPS: 7. ENTITY #: 290//26. VIEW #: 2. BACKLOGGED :: 381.000%! ~~ 
00:23:52.630 WARN  ~~ LOOPS: 1. ENTITY #: 290//35. VIEW #: 2. BACKLOGGED :: 17130.000%! ~~ 
00:33:17.109 WARN  ~~ LOOPS: 1. ENTITY #: 277//47. VIEW #: 2. BACKLOGGED :: 16611.000%! ~~ 
00:33:20.443 WARN  ~~ LOOPS: 1. ENTITY #: 278//53. VIEW #: 2. BACKLOGGED :: 9903.000%! ~~ 
00:33:22.750 WARN  ~~ LOOPS: 1. ENTITY #: 278//37. VIEW #: 2. BACKLOGGED :: 6819.000%! ~~ 
00:33:26.774 WARN  ~~ LOOPS: 1. ENTITY #: 274//40. VIEW #: 2. BACKLOGGED :: 11967.000%! ~~ 
00:33:30.061 WARN  ~~ LOOPS: 2. ENTITY #: 270//38. VIEW #: 2. BACKLOGGED :: 4825.500%! ~~ 
00:33:32.125 WARN  ~~ LOOPS: 1. ENTITY #: 270//39. VIEW #: 2. BACKLOGGED :: 6099.000%! ~~ 
00:33:33.264 WARN  ~~ LOOPS: 1. ENTITY #: 270//32. VIEW #: 2. BACKLOGGED :: 3312.000%! ~~ 
00:33:34.686 WARN  ~~ LOOPS: 1. ENTITY #: 271//36. VIEW #: 2. BACKLOGGED :: 4164.000%! ~~ 
00:33:35.846 WARN  ~~ LOOPS: 2. ENTITY #: 272//44. VIEW #: 2. BACKLOGGED :: 1636.500%! ~~ 
00:33:37.457 WARN  ~~ LOOPS: 3. ENTITY #: 270//38. VIEW #: 2. BACKLOGGED :: 1509.000%! ~~ 
00:33:38.460 WARN  ~~ LOOPS: 5. ENTITY #: 268//41. VIEW #: 2. BACKLOGGED :: 501.000%! ~~ 
01:30:34.984 ERROR Ghost entity found! 
01:30:34.985 ERROR Type: Basic 
01:30:34.985 ERROR Position: (129.16666666666666, 162.16666666666666) 
01:30:34.987 ERROR [] 
01:30:34.987 ERROR Health: -1 
01:30:34.987 WARN  Ghost entity removed successfully. 
01:30:35.084 ERROR Ghost entity found! 
01:30:35.084 ERROR Type: Basic 
01:30:35.084 ERROR Position: (278.16666666666663, 358.16666666666663) 
01:30:35.084 ERROR [] 
01:30:35.084 ERROR Health: -1 
01:30:35.084 WARN  Ghost entity removed successfully. 
01:30:35.249 ERROR Ghost entity found! 
01:30:35.249 ERROR Type: Basic 
01:30:35.249 ERROR Position: (166.16666666666666, 111.16666666666666) 
01:30:35.249 ERROR [] 
01:30:35.249 ERROR Health: -1 
01:30:35.249 WARN  Ghost entity removed successfully. 
16:04:22.085 ERROR [ERROR] A ghost has been found! 
16:04:22.085 ERROR Type: Base Protector 
16:04:22.085 ERROR Position: (2084.953866128167, 2500.0439902148587) 
16:04:22.085 ERROR Collision Array:  
16:04:22.085 ERROR Health: -1 
16:04:22.085 WARN  Ghost removed successfully. 
16:04:22.085 WARN  Ghost removed successfully. 
16:23:58.917 WARN  ~~ LOOPS: 13. ENTITY #: 476//83. VIEW #: 2. BACKLOGGED :: 129.923%! ~~ 
16:24:02.992 WARN  ~~ LOOPS: 15. ENTITY #: 493//94. VIEW #: 2. BACKLOGGED :: 100.200%! ~~ 
16:24:05.013 WARN  ~~ LOOPS: 15. ENTITY #: 499//93. VIEW #: 2. BACKLOGGED :: 102.200%! ~~ 
16:24:08.132 WARN  ~~ LOOPS: 15. ENTITY #: 495//99. VIEW #: 2. BACKLOGGED :: 106.200%! ~~ 
16:24:09.162 WARN  ~~ LOOPS: 15. ENTITY #: 493//99. VIEW #: 2. BACKLOGGED :: 102.600%! ~~ 
16:24:10.173 WARN  ~~ LOOPS: 15. ENTITY #: 493//97. VIEW #: 2. BACKLOGGED :: 100.600%! ~~ 
16:24:11.201 WARN  ~~ LOOPS: 15. ENTITY #: 497//99. VIEW #: 2. BACKLOGGED :: 103.200%! ~~ 
16:24:12.229 WARN  ~~ LOOPS: 15. ENTITY #: 501//99. VIEW #: 2. BACKLOGGED :: 104.000%! ~~ 
16:24:13.241 WARN  ~~ LOOPS: 14. ENTITY #: 506//102. VIEW #: 2. BACKLOGGED :: 107.357%! ~~ 
16:24:14.291 WARN  ~~ LOOPS: 15. ENTITY #: 507//102. VIEW #: 2. BACKLOGGED :: 112.200%! ~~ 
16:24:15.303 WARN  ~~ LOOPS: 14. ENTITY #: 508//104. VIEW #: 2. BACKLOGGED :: 113.143%! ~~ 
16:24:24.449 WARN  ~~ LOOPS: 15. ENTITY #: 480//102. VIEW #: 1. BACKLOGGED :: 103.600%! ~~ 
16:24:25.486 WARN  ~~ LOOPS: 14. ENTITY #: 480//115. VIEW #: 1. BACKLOGGED :: 119.357%! ~~ 
16:24:26.530 WARN  ~~ LOOPS: 13. ENTITY #: 478//129. VIEW #: 1. BACKLOGGED :: 139.846%! ~~ 
16:24:27.541 WARN  ~~ LOOPS: 12. ENTITY #: 479//133. VIEW #: 1. BACKLOGGED :: 146.000%! ~~ 
16:24:28.551 WARN  ~~ LOOPS: 12. ENTITY #: 479//137. VIEW #: 1. BACKLOGGED :: 150.500%! ~~ 
16:24:29.575 WARN  ~~ LOOPS: 12. ENTITY #: 479//136. VIEW #: 1. BACKLOGGED :: 156.750%! ~~ 
16:24:30.606 WARN  ~~ LOOPS: 12. ENTITY #: 480//133. VIEW #: 1. BACKLOGGED :: 153.750%! ~~ 
16:24:31.628 WARN  ~~ LOOPS: 12. ENTITY #: 481//138. VIEW #: 1. BACKLOGGED :: 153.000%! ~~ 
16:24:32.645 WARN  ~~ LOOPS: 12. ENTITY #: 479//136. VIEW #: 1. BACKLOGGED :: 152.000%! ~~ 
16:24:33.661 WARN  ~~ LOOPS: 12. ENTITY #: 480//133. VIEW #: 1. BACKLOGGED :: 152.250%! ~~ 
16:25:37.625 WARN  ~~ LOOPS: 15. ENTITY #: 479//70. VIEW #: 3. BACKLOGGED :: 102.000%! ~~ 
16:25:38.683 WARN  ~~ LOOPS: 14. ENTITY #: 479//64. VIEW #: 3. BACKLOGGED :: 109.714%! ~~ 
16:25:39.713 WARN  ~~ LOOPS: 15. ENTITY #: 480//71. VIEW #: 3. BACKLOGGED :: 107.800%! ~~ 
16:25:40.743 WARN  ~~ LOOPS: 15. ENTITY #: 478//72. VIEW #: 3. BACKLOGGED :: 103.800%! ~~ 
16:25:41.757 WARN  ~~ LOOPS: 15. ENTITY #: 478//70. VIEW #: 3. BACKLOGGED :: 100.800%! ~~ 
16:25:43.783 WARN  ~~ LOOPS: 15. ENTITY #: 479//72. VIEW #: 3. BACKLOGGED :: 102.200%! ~~ 
16:25:44.835 WARN  ~~ LOOPS: 15. ENTITY #: 481//74. VIEW #: 3. BACKLOGGED :: 107.800%! ~~ 
16:25:45.854 WARN  ~~ LOOPS: 14. ENTITY #: 479//77. VIEW #: 3. BACKLOGGED :: 117.000%! ~~ 
16:25:46.888 WARN  ~~ LOOPS: 14. ENTITY #: 479//67. VIEW #: 3. BACKLOGGED :: 119.357%! ~~ 
16:25:47.912 WARN  ~~ LOOPS: 14. ENTITY #: 479//76. VIEW #: 3. BACKLOGGED :: 117.000%! ~~ 
16:25:48.944 WARN  ~~ LOOPS: 14. ENTITY #: 482//78. VIEW #: 3. BACKLOGGED :: 118.929%! ~~ 
16:25:49.956 WARN  ~~ LOOPS: 13. ENTITY #: 482//83. VIEW #: 3. BACKLOGGED :: 126.231%! ~~ 
16:25:50.969 WARN  ~~ LOOPS: 13. ENTITY #: 483//86. VIEW #: 3. BACKLOGGED :: 128.308%! ~~ 
16:25:52.016 WARN  ~~ LOOPS: 14. ENTITY #: 481//78. VIEW #: 3. BACKLOGGED :: 126.000%! ~~ 
16:25:53.032 WARN  ~~ LOOPS: 14. ENTITY #: 473//82. VIEW #: 2. BACKLOGGED :: 116.357%! ~~ 
16:25:58.121 WARN  ~~ LOOPS: 14. ENTITY #: 475//78. VIEW #: 3. BACKLOGGED :: 118.714%! ~~ 
16:25:59.134 WARN  ~~ LOOPS: 14. ENTITY #: 477//74. VIEW #: 3. BACKLOGGED :: 109.714%! ~~ 
16:26:00.179 WARN  ~~ LOOPS: 15. ENTITY #: 478//72. VIEW #: 3. BACKLOGGED :: 110.800%! ~~ 
16:26:01.202 WARN  ~~ LOOPS: 14. ENTITY #: 478//68. VIEW #: 3. BACKLOGGED :: 117.000%! ~~ 
16:26:02.254 WARN  ~~ LOOPS: 15. ENTITY #: 477//72. VIEW #: 3. BACKLOGGED :: 109.600%! ~~ 
16:26:03.256 WARN  ~~ LOOPS: 13. ENTITY #: 478//77. VIEW #: 3. BACKLOGGED :: 115.846%! ~~ 
16:26:04.298 WARN  ~~ LOOPS: 15. ENTITY #: 469//71. VIEW #: 2. BACKLOGGED :: 108.600%! ~~ 
16:26:20.579 WARN  ~~ LOOPS: 15. ENTITY #: 484//70. VIEW #: 2. BACKLOGGED :: 100.800%! ~~ 
16:26:21.593 WARN  ~~ LOOPS: 15. ENTITY #: 484//77. VIEW #: 2. BACKLOGGED :: 102.400%! ~~ 
16:26:23.618 WARN  ~~ LOOPS: 15. ENTITY #: 485//79. VIEW #: 2. BACKLOGGED :: 101.000%! ~~ 
16:26:25.685 WARN  ~~ LOOPS: 15. ENTITY #: 490//79. VIEW #: 2. BACKLOGGED :: 107.800%! ~~ 
16:26:26.685 WARN  ~~ LOOPS: 14. ENTITY #: 489//81. VIEW #: 2. BACKLOGGED :: 108.000%! ~~ 
16:26:27.697 WARN  ~~ LOOPS: 15. ENTITY #: 489//78. VIEW #: 2. BACKLOGGED :: 100.600%! ~~ 
16:26:28.718 WARN  ~~ LOOPS: 15. ENTITY #: 489//73. VIEW #: 2. BACKLOGGED :: 101.400%! ~~ 
16:26:29.770 WARN  ~~ LOOPS: 15. ENTITY #: 493//81. VIEW #: 2. BACKLOGGED :: 108.000%! ~~ 
16:26:30.819 WARN  ~~ LOOPS: 15. ENTITY #: 492//82. VIEW #: 2. BACKLOGGED :: 110.800%! ~~ 
16:26:31.834 WARN  ~~ LOOPS: 14. ENTITY #: 497//85. VIEW #: 2. BACKLOGGED :: 111.643%! ~~ 
16:26:32.844 WARN  ~~ LOOPS: 14. ENTITY #: 498//87. VIEW #: 2. BACKLOGGED :: 114.214%! ~~ 
16:26:33.865 WARN  ~~ LOOPS: 14. ENTITY #: 502//90. VIEW #: 2. BACKLOGGED :: 117.000%! ~~ 
16:26:34.883 WARN  ~~ LOOPS: 13. ENTITY #: 506//88. VIEW #: 2. BACKLOGGED :: 124.846%! ~~ 
16:26:35.897 WARN  ~~ LOOPS: 13. ENTITY #: 512//99. VIEW #: 2. BACKLOGGED :: 133.615%! ~~ 
16:26:36.935 WARN  ~~ LOOPS: 13. ENTITY #: 512//103. VIEW #: 2. BACKLOGGED :: 138.692%! ~~ 
16:26:38.006 WARN  ~~ LOOPS: 13. ENTITY #: 521//107. VIEW #: 2. BACKLOGGED :: 149.077%! ~~ 
16:26:39.012 WARN  ~~ LOOPS: 11. ENTITY #: 525//104. VIEW #: 3. BACKLOGGED :: 166.364%! ~~ 
16:26:40.083 WARN  ~~ LOOPS: 11. ENTITY #: 529//123. VIEW #: 3. BACKLOGGED :: 190.364%! ~~ 
16:26:41.165 WARN  ~~ LOOPS: 11. ENTITY #: 531//131. VIEW #: 3. BACKLOGGED :: 193.091%! ~~ 
16:26:42.186 WARN  ~~ LOOPS: 10. ENTITY #: 533//123. VIEW #: 3. BACKLOGGED :: 196.200%! ~~ 
16:26:43.244 WARN  ~~ LOOPS: 11. ENTITY #: 536//138. VIEW #: 3. BACKLOGGED :: 191.182%! ~~ 
16:26:44.285 WARN  ~~ LOOPS: 10. ENTITY #: 538//141. VIEW #: 3. BACKLOGGED :: 196.500%! ~~ 
16:26:45.367 WARN  ~~ LOOPS: 11. ENTITY #: 536//128. VIEW #: 3. BACKLOGGED :: 195.545%! ~~ 
16:26:46.378 WARN  ~~ LOOPS: 10. ENTITY #: 535//138. VIEW #: 3. BACKLOGGED :: 196.500%! ~~ 
16:26:47.391 WARN  ~~ LOOPS: 11. ENTITY #: 535//107. VIEW #: 2. BACKLOGGED :: 173.727%! ~~ 
16:26:48.407 WARN  ~~ LOOPS: 14. ENTITY #: 535//89. VIEW #: 2. BACKLOGGED :: 114.643%! ~~ 
16:26:49.429 WARN  ~~ LOOPS: 14. ENTITY #: 537//84. VIEW #: 3. BACKLOGGED :: 114.214%! ~~ 
16:26:50.444 WARN  ~~ LOOPS: 13. ENTITY #: 539//95. VIEW #: 3. BACKLOGGED :: 132.692%! ~~ 
16:26:51.460 WARN  ~~ LOOPS: 13. ENTITY #: 544//96. VIEW #: 3. BACKLOGGED :: 131.538%! ~~ 
16:26:52.477 WARN  ~~ LOOPS: 13. ENTITY #: 524//86. VIEW #: 3. BACKLOGGED :: 134.769%! ~~ 
16:26:53.499 WARN  ~~ LOOPS: 13. ENTITY #: 521//93. VIEW #: 3. BACKLOGGED :: 134.308%! ~~ 
16:26:54.535 WARN  ~~ LOOPS: 13. ENTITY #: 517//94. VIEW #: 3. BACKLOGGED :: 135.923%! ~~ 
16:26:55.548 WARN  ~~ LOOPS: 13. ENTITY #: 518//90. VIEW #: 3. BACKLOGGED :: 129.462%! ~~ 
16:26:56.564 WARN  ~~ LOOPS: 13. ENTITY #: 515//81. VIEW #: 3. BACKLOGGED :: 128.308%! ~~ 
16:26:57.588 WARN  ~~ LOOPS: 14. ENTITY #: 513//85. VIEW #: 3. BACKLOGGED :: 121.071%! ~~ 
16:26:58.602 WARN  ~~ LOOPS: 14. ENTITY #: 510//81. VIEW #: 3. BACKLOGGED :: 113.786%! ~~ 
16:26:59.617 WARN  ~~ LOOPS: 14. ENTITY #: 510//80. VIEW #: 3. BACKLOGGED :: 114.429%! ~~ 
16:27:08.901 WARN  ~~ LOOPS: 15. ENTITY #: 493//73. VIEW #: 4. BACKLOGGED :: 110.600%! ~~ 
16:27:09.917 WARN  ~~ LOOPS: 14. ENTITY #: 496//77. VIEW #: 4. BACKLOGGED :: 112.500%! ~~ 
16:27:10.936 WARN  ~~ LOOPS: 14. ENTITY #: 494//79. VIEW #: 4. BACKLOGGED :: 115.929%! ~~ 
16:27:11.951 WARN  ~~ LOOPS: 14. ENTITY #: 495//79. VIEW #: 4. BACKLOGGED :: 115.714%! ~~ 
16:27:12.974 WARN  ~~ LOOPS: 14. ENTITY #: 494//78. VIEW #: 4. BACKLOGGED :: 117.000%! ~~ 
16:27:13.990 WARN  ~~ LOOPS: 13. ENTITY #: 494//70. VIEW #: 4. BACKLOGGED :: 124.154%! ~~ 
16:27:15.007 WARN  ~~ LOOPS: 14. ENTITY #: 495//79. VIEW #: 4. BACKLOGGED :: 120.000%! ~~ 
16:27:16.028 WARN  ~~ LOOPS: 14. ENTITY #: 496//78. VIEW #: 4. BACKLOGGED :: 115.071%! ~~ 
16:27:17.068 WARN  ~~ LOOPS: 14. ENTITY #: 496//79. VIEW #: 4. BACKLOGGED :: 120.643%! ~~ 
16:27:18.084 WARN  ~~ LOOPS: 13. ENTITY #: 495//80. VIEW #: 4. BACKLOGGED :: 127.385%! ~~ 
16:27:19.128 WARN  ~~ LOOPS: 14. ENTITY #: 496//70. VIEW #: 4. BACKLOGGED :: 125.143%! ~~ 
16:27:20.143 WARN  ~~ LOOPS: 13. ENTITY #: 494//78. VIEW #: 4. BACKLOGGED :: 127.615%! ~~ 
16:27:21.157 WARN  ~~ LOOPS: 14. ENTITY #: 494//75. VIEW #: 4. BACKLOGGED :: 113.786%! ~~ 
16:27:22.210 WARN  ~~ LOOPS: 15. ENTITY #: 493//75. VIEW #: 4. BACKLOGGED :: 112.200%! ~~ 
16:27:23.223 WARN  ~~ LOOPS: 14. ENTITY #: 494//76. VIEW #: 4. BACKLOGGED :: 109.929%! ~~ 
16:27:24.245 WARN  ~~ LOOPS: 14. ENTITY #: 496//78. VIEW #: 4. BACKLOGGED :: 120.000%! ~~ 
16:27:25.272 WARN  ~~ LOOPS: 14. ENTITY #: 497//70. VIEW #: 4. BACKLOGGED :: 118.929%! ~~ 
16:27:26.325 WARN  ~~ LOOPS: 14. ENTITY #: 501//81. VIEW #: 4. BACKLOGGED :: 122.357%! ~~ 
16:27:27.345 WARN  ~~ LOOPS: 13. ENTITY #: 506//84. VIEW #: 4. BACKLOGGED :: 130.615%! ~~ 
16:27:28.405 WARN  ~~ LOOPS: 13. ENTITY #: 508//88. VIEW #: 4. BACKLOGGED :: 145.154%! ~~ 
16:27:29.490 WARN  ~~ LOOPS: 13. ENTITY #: 509//84. VIEW #: 4. BACKLOGGED :: 150.000%! ~~ 
16:27:30.505 WARN  ~~ LOOPS: 11. ENTITY #: 517//94. VIEW #: 4. BACKLOGGED :: 157.364%! ~~ 
16:27:31.530 WARN  ~~ LOOPS: 11. ENTITY #: 518//99. VIEW #: 4. BACKLOGGED :: 172.636%! ~~ 
16:27:32.568 WARN  ~~ LOOPS: 11. ENTITY #: 517//90. VIEW #: 4. BACKLOGGED :: 180.545%! ~~ 
16:27:33.579 WARN  ~~ LOOPS: 11. ENTITY #: 518//104. VIEW #: 4. BACKLOGGED :: 173.182%! ~~ 
16:27:34.597 WARN  ~~ LOOPS: 11. ENTITY #: 518//105. VIEW #: 4. BACKLOGGED :: 175.636%! ~~ 
16:27:35.618 WARN  ~~ LOOPS: 11. ENTITY #: 519//100. VIEW #: 4. BACKLOGGED :: 175.091%! ~~ 
16:27:36.618 WARN  ~~ LOOPS: 10. ENTITY #: 520//112. VIEW #: 4. BACKLOGGED :: 189.900%! ~~ 
16:27:37.639 WARN  ~~ LOOPS: 10. ENTITY #: 523//122. VIEW #: 4. BACKLOGGED :: 204.900%! ~~ 
16:27:38.663 WARN  ~~ LOOPS: 9. ENTITY #: 524//117. VIEW #: 4. BACKLOGGED :: 239.667%! ~~ 
16:27:39.678 WARN  ~~ LOOPS: 9. ENTITY #: 530//133. VIEW #: 4. BACKLOGGED :: 232.000%! ~~ 
16:27:40.723 WARN  ~~ LOOPS: 9. ENTITY #: 531//125. VIEW #: 4. BACKLOGGED :: 250.000%! ~~ 
16:27:41.737 WARN  ~~ LOOPS: 9. ENTITY #: 525//139. VIEW #: 4. BACKLOGGED :: 229.667%! ~~ 
16:27:42.787 WARN  ~~ LOOPS: 9. ENTITY #: 529//133. VIEW #: 4. BACKLOGGED :: 253.333%! ~~ 
16:27:43.839 WARN  ~~ LOOPS: 9. ENTITY #: 529//143. VIEW #: 4. BACKLOGGED :: 248.333%! ~~ 
16:27:44.853 WARN  ~~ LOOPS: 9. ENTITY #: 526//131. VIEW #: 4. BACKLOGGED :: 232.667%! ~~ 
16:27:45.872 WARN  ~~ LOOPS: 9. ENTITY #: 530//143. VIEW #: 4. BACKLOGGED :: 239.667%! ~~ 
16:27:46.925 WARN  ~~ LOOPS: 9. ENTITY #: 530//134. VIEW #: 4. BACKLOGGED :: 250.000%! ~~ 
16:27:48.015 WARN  ~~ LOOPS: 9. ENTITY #: 530//147. VIEW #: 4. BACKLOGGED :: 261.667%! ~~ 
16:27:49.090 WARN  ~~ LOOPS: 9. ENTITY #: 528//137. VIEW #: 4. BACKLOGGED :: 255.667%! ~~ 
16:27:50.138 WARN  ~~ LOOPS: 9. ENTITY #: 525//142. VIEW #: 4. BACKLOGGED :: 246.333%! ~~ 
16:27:51.160 WARN  ~~ LOOPS: 9. ENTITY #: 522//129. VIEW #: 4. BACKLOGGED :: 240.000%! ~~ 
16:27:52.180 WARN  ~~ LOOPS: 9. ENTITY #: 519//140. VIEW #: 4. BACKLOGGED :: 232.667%! ~~ 
16:27:53.201 WARN  ~~ LOOPS: 9. ENTITY #: 519//126. VIEW #: 4. BACKLOGGED :: 219.000%! ~~ 
16:27:54.222 WARN  ~~ LOOPS: 9. ENTITY #: 517//135. VIEW #: 4. BACKLOGGED :: 230.000%! ~~ 
16:27:55.242 WARN  ~~ LOOPS: 9. ENTITY #: 513//136. VIEW #: 4. BACKLOGGED :: 238.667%! ~~ 
16:27:56.269 WARN  ~~ LOOPS: 9. ENTITY #: 512//120. VIEW #: 4. BACKLOGGED :: 242.000%! ~~ 
16:27:57.332 WARN  ~~ LOOPS: 9. ENTITY #: 513//133. VIEW #: 4. BACKLOGGED :: 253.333%! ~~ 
16:27:58.413 WARN  ~~ LOOPS: 10. ENTITY #: 509//122. VIEW #: 4. BACKLOGGED :: 221.700%! ~~ 
16:27:59.434 WARN  ~~ LOOPS: 9. ENTITY #: 512//131. VIEW #: 4. BACKLOGGED :: 234.000%! ~~ 
16:28:00.519 WARN  ~~ LOOPS: 10. ENTITY #: 508//119. VIEW #: 4. BACKLOGGED :: 228.600%! ~~ 
16:28:01.519 WARN  ~~ LOOPS: 9. ENTITY #: 503//124. VIEW #: 4. BACKLOGGED :: 222.000%! ~~ 
16:28:02.585 WARN  ~~ LOOPS: 10. ENTITY #: 504//112. VIEW #: 4. BACKLOGGED :: 220.500%! ~~ 
16:28:03.602 WARN  ~~ LOOPS: 10. ENTITY #: 503//120. VIEW #: 4. BACKLOGGED :: 204.000%! ~~ 
16:28:04.651 WARN  ~~ LOOPS: 10. ENTITY #: 505//119. VIEW #: 4. BACKLOGGED :: 213.000%! ~~ 
16:28:05.679 WARN  ~~ LOOPS: 10. ENTITY #: 502//113. VIEW #: 4. BACKLOGGED :: 204.600%! ~~ 
16:28:06.698 WARN  ~~ LOOPS: 10. ENTITY #: 500//119. VIEW #: 3. BACKLOGGED :: 199.200%! ~~ 
16:28:07.759 WARN  ~~ LOOPS: 12. ENTITY #: 498//97. VIEW #: 3. BACKLOGGED :: 166.250%! ~~ 
16:28:08.819 WARN  ~~ LOOPS: 12. ENTITY #: 495//103. VIEW #: 3. BACKLOGGED :: 164.750%! ~~ 
16:28:09.882 WARN  ~~ LOOPS: 12. ENTITY #: 496//103. VIEW #: 3. BACKLOGGED :: 162.500%! ~~ 
16:28:10.895 WARN  ~~ LOOPS: 11. ENTITY #: 494//103. VIEW #: 3. BACKLOGGED :: 170.455%! ~~ 
16:28:11.958 WARN  ~~ LOOPS: 12. ENTITY #: 492//97. VIEW #: 3. BACKLOGGED :: 166.000%! ~~ 
16:28:12.982 WARN  ~~ LOOPS: 11. ENTITY #: 494//108. VIEW #: 3. BACKLOGGED :: 176.182%! ~~ 
16:28:14.026 WARN  ~~ LOOPS: 11. ENTITY #: 493//105. VIEW #: 3. BACKLOGGED :: 182.455%! ~~ 
16:28:15.047 WARN  ~~ LOOPS: 11. ENTITY #: 493//98. VIEW #: 3. BACKLOGGED :: 174.000%! ~~ 
16:28:16.062 WARN  ~~ LOOPS: 10. ENTITY #: 494//111. VIEW #: 3. BACKLOGGED :: 185.100%! ~~ 
16:28:17.105 WARN  ~~ LOOPS: 11. ENTITY #: 492//99. VIEW #: 3. BACKLOGGED :: 182.727%! ~~ 
16:28:18.160 WARN  ~~ LOOPS: 11. ENTITY #: 489//110. VIEW #: 3. BACKLOGGED :: 186.273%! ~~ 
16:28:19.188 WARN  ~~ LOOPS: 11. ENTITY #: 488//106. VIEW #: 3. BACKLOGGED :: 178.636%! ~~ 
16:28:20.202 WARN  ~~ LOOPS: 11. ENTITY #: 488//97. VIEW #: 3. BACKLOGGED :: 171.273%! ~~ 
16:28:21.275 WARN  ~~ LOOPS: 11. ENTITY #: 490//112. VIEW #: 3. BACKLOGGED :: 192.000%! ~~ 
16:28:22.318 WARN  ~~ LOOPS: 11. ENTITY #: 486//110. VIEW #: 3. BACKLOGGED :: 183.545%! ~~ 
16:28:23.359 WARN  ~~ LOOPS: 11. ENTITY #: 486//102. VIEW #: 3. BACKLOGGED :: 181.091%! ~~ 
16:28:24.396 WARN  ~~ LOOPS: 11. ENTITY #: 484//116. VIEW #: 3. BACKLOGGED :: 180.545%! ~~ 
16:28:25.478 WARN  ~~ LOOPS: 11. ENTITY #: 484//115. VIEW #: 3. BACKLOGGED :: 192.273%! ~~ 
16:28:26.526 WARN  ~~ LOOPS: 11. ENTITY #: 482//107. VIEW #: 3. BACKLOGGED :: 183.273%! ~~ 
16:28:27.606 WARN  ~~ LOOPS: 11. ENTITY #: 482//116. VIEW #: 3. BACKLOGGED :: 192.000%! ~~ 
16:28:28.626 WARN  ~~ LOOPS: 10. ENTITY #: 480//109. VIEW #: 3. BACKLOGGED :: 202.200%! ~~ 
16:28:29.656 WARN  ~~ LOOPS: 10. ENTITY #: 480//120. VIEW #: 3. BACKLOGGED :: 208.500%! ~~ 
16:28:30.692 WARN  ~~ LOOPS: 10. ENTITY #: 479//118. VIEW #: 3. BACKLOGGED :: 208.500%! ~~ 
16:28:31.746 WARN  ~~ LOOPS: 11. ENTITY #: 478//103. VIEW #: 3. BACKLOGGED :: 186.000%! ~~ 
16:28:32.760 WARN  ~~ LOOPS: 10. ENTITY #: 478//115. VIEW #: 3. BACKLOGGED :: 191.400%! ~~ 
16:28:33.836 WARN  ~~ LOOPS: 11. ENTITY #: 474//111. VIEW #: 3. BACKLOGGED :: 196.909%! ~~ 
16:28:34.886 WARN  ~~ LOOPS: 10. ENTITY #: 476//117. VIEW #: 3. BACKLOGGED :: 212.700%! ~~ 
16:28:35.900 WARN  ~~ LOOPS: 9. ENTITY #: 481//128. VIEW #: 3. BACKLOGGED :: 224.667%! ~~ 
16:28:36.946 WARN  ~~ LOOPS: 10. ENTITY #: 484//123. VIEW #: 3. BACKLOGGED :: 217.800%! ~~ 
16:28:38.013 WARN  ~~ LOOPS: 10. ENTITY #: 487//133. VIEW #: 3. BACKLOGGED :: 217.800%! ~~ 
16:28:39.104 WARN  ~~ LOOPS: 10. ENTITY #: 489//128. VIEW #: 3. BACKLOGGED :: 228.900%! ~~ 
16:28:40.117 WARN  ~~ LOOPS: 9. ENTITY #: 494//140. VIEW #: 3. BACKLOGGED :: 234.000%! ~~ 
16:28:41.157 WARN  ~~ LOOPS: 9. ENTITY #: 494//132. VIEW #: 3. BACKLOGGED :: 240.000%! ~~ 
16:28:42.157 WARN  ~~ LOOPS: 8. ENTITY #: 494//143. VIEW #: 3. BACKLOGGED :: 261.000%! ~~ 
16:28:43.185 WARN  ~~ LOOPS: 8. ENTITY #: 495//145. VIEW #: 3. BACKLOGGED :: 273.000%! ~~ 
16:28:44.306 WARN  ~~ LOOPS: 8. ENTITY #: 495//163. VIEW #: 3. BACKLOGGED :: 319.875%! ~~ 
16:28:45.343 WARN  ~~ LOOPS: 7. ENTITY #: 501//150. VIEW #: 3. BACKLOGGED :: 344.571%! ~~ 
16:28:46.411 WARN  ~~ LOOPS: 8. ENTITY #: 501//154. VIEW #: 3. BACKLOGGED :: 298.125%! ~~ 
16:28:47.427 WARN  ~~ LOOPS: 8. ENTITY #: 499//134. VIEW #: 3. BACKLOGGED :: 271.125%! ~~ 
16:28:48.519 WARN  ~~ LOOPS: 9. ENTITY #: 498//139. VIEW #: 4. BACKLOGGED :: 270.000%! ~~ 
16:28:49.613 WARN  ~~ LOOPS: 9. ENTITY #: 500//132. VIEW #: 4. BACKLOGGED :: 263.000%! ~~ 
16:28:50.657 WARN  ~~ LOOPS: 8. ENTITY #: 501//147. VIEW #: 4. BACKLOGGED :: 288.750%! ~~ 
16:28:51.741 WARN  ~~ LOOPS: 8. ENTITY #: 499//141. VIEW #: 4. BACKLOGGED :: 304.875%! ~~ 
16:28:52.764 WARN  ~~ LOOPS: 8. ENTITY #: 502//155. VIEW #: 4. BACKLOGGED :: 281.250%! ~~ 
16:28:53.783 WARN  ~~ LOOPS: 8. ENTITY #: 502//150. VIEW #: 4. BACKLOGGED :: 280.875%! ~~ 
16:28:54.868 WARN  ~~ LOOPS: 8. ENTITY #: 503//161. VIEW #: 3. BACKLOGGED :: 304.125%! ~~ 
16:28:55.868 WARN  ~~ LOOPS: 7. ENTITY #: 502//154. VIEW #: 3. BACKLOGGED :: 316.714%! ~~ 
16:28:56.877 WARN  ~~ LOOPS: 7. ENTITY #: 505//153. VIEW #: 3. BACKLOGGED :: 327.429%! ~~ 
16:28:57.891 WARN  ~~ LOOPS: 7. ENTITY #: 507//167. VIEW #: 4. BACKLOGGED :: 335.571%! ~~ 
16:28:58.939 WARN  ~~ LOOPS: 8. ENTITY #: 509//156. VIEW #: 4. BACKLOGGED :: 292.500%! ~~ 
16:28:59.953 WARN  ~~ LOOPS: 7. ENTITY #: 511//168. VIEW #: 4. BACKLOGGED :: 327.857%! ~~ 
16:29:01.053 WARN  ~~ LOOPS: 8. ENTITY #: 511//162. VIEW #: 4. BACKLOGGED :: 313.875%! ~~ 
16:29:02.073 WARN  ~~ LOOPS: 7. ENTITY #: 511//169. VIEW #: 3. BACKLOGGED :: 323.143%! ~~ 
16:29:03.137 WARN  ~~ LOOPS: 8. ENTITY #: 509//166. VIEW #: 3. BACKLOGGED :: 300.750%! ~~ 
16:29:04.234 WARN  ~~ LOOPS: 8. ENTITY #: 509//172. VIEW #: 3. BACKLOGGED :: 313.125%! ~~ 
16:29:05.347 WARN  ~~ LOOPS: 7. ENTITY #: 511//177. VIEW #: 3. BACKLOGGED :: 373.714%! ~~ 
16:29:06.380 WARN  ~~ LOOPS: 7. ENTITY #: 512//176. VIEW #: 3. BACKLOGGED :: 339.429%! ~~ 
16:29:07.455 WARN  ~~ LOOPS: 7. ENTITY #: 511//191. VIEW #: 4. BACKLOGGED :: 357.000%! ~~ 
16:29:08.552 WARN  ~~ LOOPS: 7. ENTITY #: 511//193. VIEW #: 4. BACKLOGGED :: 369.429%! ~~ 
16:29:09.155 WARN  Malformed command packet! Kicking player and giving 1 warning. 
16:29:09.621 WARN  ~~ LOOPS: 7. ENTITY #: 511//193. VIEW #: 4. BACKLOGGED :: 354.000%! ~~ 
16:29:09.622 WARN  Malformed command packet! Kicking. Player now has 2 warnings. 
16:29:10.707 WARN  ~~ LOOPS: 7. ENTITY #: 512//189. VIEW #: 3. BACKLOGGED :: 364.286%! ~~ 
16:29:11.754 WARN  ~~ LOOPS: 7. ENTITY #: 511//186. VIEW #: 3. BACKLOGGED :: 342.857%! ~~ 
16:29:12.886 WARN  ~~ LOOPS: 7. ENTITY #: 508//188. VIEW #: 3. BACKLOGGED :: 360.857%! ~~ 
16:29:13.957 WARN  ~~ LOOPS: 7. ENTITY #: 511//181. VIEW #: 3. BACKLOGGED :: 356.143%! ~~ 
16:29:14.972 WARN  ~~ LOOPS: 7. ENTITY #: 512//184. VIEW #: 3. BACKLOGGED :: 327.857%! ~~ 
16:29:15.990 WARN  ~~ LOOPS: 7. ENTITY #: 515//185. VIEW #: 3. BACKLOGGED :: 339.000%! ~~ 
16:29:17.055 WARN  ~~ LOOPS: 7. ENTITY #: 514//181. VIEW #: 3. BACKLOGGED :: 351.429%! ~~ 
16:29:18.070 WARN  ~~ LOOPS: 7. ENTITY #: 511//180. VIEW #: 4. BACKLOGGED :: 330.000%! ~~ 
16:29:19.091 WARN  ~~ LOOPS: 7. ENTITY #: 511//171. VIEW #: 4. BACKLOGGED :: 337.286%! ~~ 
16:29:20.109 WARN  ~~ LOOPS: 7. ENTITY #: 511//176. VIEW #: 4. BACKLOGGED :: 327.429%! ~~ 
16:29:21.218 WARN  ~~ LOOPS: 8. ENTITY #: 509//171. VIEW #: 3. BACKLOGGED :: 318.000%! ~~ 
16:29:22.298 WARN  ~~ LOOPS: 8. ENTITY #: 504//167. VIEW #: 3. BACKLOGGED :: 305.250%! ~~ 
16:29:23.392 WARN  ~~ LOOPS: 8. ENTITY #: 504//167. VIEW #: 3. BACKLOGGED :: 307.125%! ~~ 
16:29:24.480 WARN  ~~ LOOPS: 8. ENTITY #: 506//167. VIEW #: 3. BACKLOGGED :: 307.125%! ~~ 
16:29:25.571 WARN  ~~ LOOPS: 8. ENTITY #: 506//170. VIEW #: 3. BACKLOGGED :: 306.750%! ~~ 
16:29:26.681 WARN  ~~ LOOPS: 8. ENTITY #: 508//169. VIEW #: 3. BACKLOGGED :: 313.125%! ~~ 
16:29:27.790 WARN  ~~ LOOPS: 8. ENTITY #: 508//171. VIEW #: 3. BACKLOGGED :: 315.000%! ~~ 
16:29:28.898 WARN  ~~ LOOPS: 8. ENTITY #: 507//170. VIEW #: 4. BACKLOGGED :: 312.750%! ~~ 
16:29:30.003 WARN  ~~ LOOPS: 8. ENTITY #: 506//172. VIEW #: 4. BACKLOGGED :: 312.750%! ~~ 
16:29:31.062 WARN  ~~ LOOPS: 7. ENTITY #: 506//173. VIEW #: 4. BACKLOGGED :: 347.143%! ~~ 
16:29:32.188 WARN  ~~ LOOPS: 8. ENTITY #: 508//178. VIEW #: 4. BACKLOGGED :: 325.875%! ~~ 
16:29:33.197 WARN  ~~ LOOPS: 7. ENTITY #: 509//176. VIEW #: 4. BACKLOGGED :: 324.857%! ~~ 
16:29:34.257 WARN  ~~ LOOPS: 7. ENTITY #: 509//183. VIEW #: 4. BACKLOGGED :: 350.571%! ~~ 
16:29:35.307 WARN  ~~ LOOPS: 7. ENTITY #: 509//182. VIEW #: 3. BACKLOGGED :: 350.143%! ~~ 
17:18:36.480 WARN  ~~ LOOPS: 15. ENTITY #: 306//104. VIEW #: 2. BACKLOGGED :: 101.200%! ~~ 
17:18:38.529 WARN  ~~ LOOPS: 15. ENTITY #: 306//105. VIEW #: 2. BACKLOGGED :: 107.000%! ~~ 
17:18:42.559 WARN  ~~ LOOPS: 15. ENTITY #: 306//105. VIEW #: 2. BACKLOGGED :: 101.200%! ~~ 
17:18:45.600 WARN  ~~ LOOPS: 15. ENTITY #: 306//105. VIEW #: 2. BACKLOGGED :: 107.600%! ~~ 
17:18:46.621 WARN  ~~ LOOPS: 15. ENTITY #: 307//106. VIEW #: 2. BACKLOGGED :: 102.200%! ~~ 
17:18:47.644 WARN  ~~ LOOPS: 15. ENTITY #: 307//106. VIEW #: 2. BACKLOGGED :: 101.800%! ~~ 
17:18:48.662 WARN  ~~ LOOPS: 15. ENTITY #: 307//104. VIEW #: 2. BACKLOGGED :: 101.200%! ~~ 
17:18:49.671 WARN  ~~ LOOPS: 15. ENTITY #: 307//106. VIEW #: 2. BACKLOGGED :: 101.200%! ~~ 
17:18:50.686 WARN  ~~ LOOPS: 15. ENTITY #: 307//106. VIEW #: 2. BACKLOGGED :: 100.600%! ~~ 
17:18:51.710 WARN  ~~ LOOPS: 15. ENTITY #: 307//106. VIEW #: 2. BACKLOGGED :: 102.800%! ~~ 
17:18:52.746 WARN  ~~ LOOPS: 15. ENTITY #: 307//105. VIEW #: 2. BACKLOGGED :: 104.400%! ~~ 
17:18:53.770 WARN  ~~ LOOPS: 15. ENTITY #: 307//105. VIEW #: 2. BACKLOGGED :: 102.400%! ~~ 
17:18:54.800 WARN  ~~ LOOPS: 15. ENTITY #: 307//106. VIEW #: 2. BACKLOGGED :: 104.000%! ~~ 
17:18:55.839 WARN  ~~ LOOPS: 15. ENTITY #: 307//106. VIEW #: 2. BACKLOGGED :: 105.600%! ~~ 
17:18:56.872 WARN  ~~ LOOPS: 15. ENTITY #: 307//106. VIEW #: 2. BACKLOGGED :: 104.800%! ~~ 
17:18:57.878 WARN  ~~ LOOPS: 14. ENTITY #: 307//104. VIEW #: 2. BACKLOGGED :: 111.214%! ~~ 
17:18:58.907 WARN  ~~ LOOPS: 15. ENTITY #: 307//106. VIEW #: 2. BACKLOGGED :: 105.800%! ~~ 
17:18:59.955 WARN  ~~ LOOPS: 15. ENTITY #: 307//106. VIEW #: 2. BACKLOGGED :: 107.800%! ~~ 
17:19:00.956 WARN  ~~ LOOPS: 14. ENTITY #: 307//105. VIEW #: 2. BACKLOGGED :: 108.214%! ~~ 
17:19:01.957 WARN  ~~ LOOPS: 14. ENTITY #: 307//106. VIEW #: 2. BACKLOGGED :: 111.214%! ~~ 
17:19:02.957 WARN  ~~ LOOPS: 14. ENTITY #: 308//106. VIEW #: 2. BACKLOGGED :: 113.143%! ~~ 
17:19:03.967 WARN  ~~ LOOPS: 14. ENTITY #: 307//104. VIEW #: 2. BACKLOGGED :: 113.786%! ~~ 
17:19:04.977 WARN  ~~ LOOPS: 14. ENTITY #: 307//106. VIEW #: 2. BACKLOGGED :: 111.857%! ~~ 
17:19:06.004 WARN  ~~ LOOPS: 15. ENTITY #: 307//106. VIEW #: 2. BACKLOGGED :: 108.200%! ~~ 
17:19:07.011 WARN  ~~ LOOPS: 14. ENTITY #: 307//105. VIEW #: 2. BACKLOGGED :: 107.357%! ~~ 
17:19:08.025 WARN  ~~ LOOPS: 15. ENTITY #: 307//106. VIEW #: 2. BACKLOGGED :: 106.200%! ~~ 
17:19:09.044 WARN  ~~ LOOPS: 15. ENTITY #: 307//106. VIEW #: 2. BACKLOGGED :: 102.000%! ~~ 
17:19:10.072 WARN  ~~ LOOPS: 15. ENTITY #: 307//105. VIEW #: 2. BACKLOGGED :: 103.000%! ~~ 
17:19:11.106 WARN  ~~ LOOPS: 15. ENTITY #: 307//103. VIEW #: 2. BACKLOGGED :: 104.400%! ~~ 
17:19:12.144 WARN  ~~ LOOPS: 15. ENTITY #: 307//105. VIEW #: 2. BACKLOGGED :: 105.600%! ~~ 
17:19:13.175 WARN  ~~ LOOPS: 15. ENTITY #: 307//105. VIEW #: 2. BACKLOGGED :: 103.800%! ~~ 
17:19:14.210 WARN  ~~ LOOPS: 15. ENTITY #: 307//105. VIEW #: 2. BACKLOGGED :: 105.200%! ~~ 
17:19:15.215 WARN  ~~ LOOPS: 14. ENTITY #: 308//104. VIEW #: 2. BACKLOGGED :: 108.857%! ~~ 
17:19:16.229 WARN  ~~ LOOPS: 15. ENTITY #: 307//105. VIEW #: 2. BACKLOGGED :: 105.000%! ~~ 
17:19:17.264 WARN  ~~ LOOPS: 15. ENTITY #: 307//105. VIEW #: 2. BACKLOGGED :: 105.200%! ~~ 
17:19:18.273 WARN  ~~ LOOPS: 14. ENTITY #: 307//105. VIEW #: 2. BACKLOGGED :: 106.929%! ~~ 
17:19:19.306 WARN  ~~ LOOPS: 15. ENTITY #: 307//103. VIEW #: 2. BACKLOGGED :: 110.200%! ~~ 
17:19:20.316 WARN  ~~ LOOPS: 14. ENTITY #: 307//105. VIEW #: 2. BACKLOGGED :: 111.214%! ~~ 
17:19:21.323 WARN  ~~ LOOPS: 14. ENTITY #: 307//105. VIEW #: 2. BACKLOGGED :: 111.857%! ~~ 
17:19:22.367 WARN  ~~ LOOPS: 15. ENTITY #: 307//104. VIEW #: 2. BACKLOGGED :: 111.600%! ~~ 
17:19:23.373 WARN  ~~ LOOPS: 14. ENTITY #: 307//105. VIEW #: 2. BACKLOGGED :: 112.500%! ~~ 
17:19:24.380 WARN  ~~ LOOPS: 14. ENTITY #: 308//105. VIEW #: 2. BACKLOGGED :: 109.714%! ~~ 
17:19:25.386 WARN  ~~ LOOPS: 14. ENTITY #: 307//103. VIEW #: 2. BACKLOGGED :: 112.929%! ~~ 
17:19:26.422 WARN  ~~ LOOPS: 15. ENTITY #: 307//105. VIEW #: 2. BACKLOGGED :: 110.200%! ~~ 
17:19:27.428 WARN  ~~ LOOPS: 14. ENTITY #: 307//105. VIEW #: 2. BACKLOGGED :: 111.429%! ~~ 
17:19:28.435 WARN  ~~ LOOPS: 14. ENTITY #: 307//104. VIEW #: 2. BACKLOGGED :: 109.071%! ~~ 
17:19:29.441 WARN  ~~ LOOPS: 14. ENTITY #: 307//105. VIEW #: 2. BACKLOGGED :: 114.857%! ~~ 
17:19:30.471 WARN  ~~ LOOPS: 15. ENTITY #: 307//106. VIEW #: 2. BACKLOGGED :: 107.800%! ~~ 
17:19:31.477 WARN  ~~ LOOPS: 14. ENTITY #: 307//103. VIEW #: 2. BACKLOGGED :: 111.214%! ~~ 
17:19:32.515 WARN  ~~ LOOPS: 15. ENTITY #: 307//105. VIEW #: 2. BACKLOGGED :: 107.600%! ~~ 
17:19:33.522 WARN  ~~ LOOPS: 14. ENTITY #: 307//105. VIEW #: 2. BACKLOGGED :: 109.714%! ~~ 
17:19:34.527 WARN  ~~ LOOPS: 14. ENTITY #: 307//105. VIEW #: 2. BACKLOGGED :: 111.643%! ~~ 
17:19:35.535 WARN  ~~ LOOPS: 14. ENTITY #: 307//105. VIEW #: 2. BACKLOGGED :: 113.571%! ~~ 
17:19:36.540 WARN  ~~ LOOPS: 14. ENTITY #: 307//107. VIEW #: 2. BACKLOGGED :: 114.429%! ~~ 
17:19:37.546 WARN  ~~ LOOPS: 14. ENTITY #: 307//105. VIEW #: 2. BACKLOGGED :: 113.357%! ~~ 
17:19:38.553 WARN  ~~ LOOPS: 14. ENTITY #: 307//107. VIEW #: 2. BACKLOGGED :: 116.357%! ~~ 
17:19:39.559 WARN  ~~ LOOPS: 14. ENTITY #: 307//107. VIEW #: 2. BACKLOGGED :: 114.857%! ~~ 
17:19:40.591 WARN  ~~ LOOPS: 14. ENTITY #: 308//106. VIEW #: 2. BACKLOGGED :: 119.143%! ~~ 
17:19:41.637 WARN  ~~ LOOPS: 14. ENTITY #: 307//107. VIEW #: 2. BACKLOGGED :: 121.929%! ~~ 
17:19:42.653 WARN  ~~ LOOPS: 14. ENTITY #: 307//107. VIEW #: 2. BACKLOGGED :: 115.714%! ~~ 
17:19:43.683 WARN  ~~ LOOPS: 14. ENTITY #: 307//105. VIEW #: 2. BACKLOGGED :: 118.929%! ~~ 
17:19:44.706 WARN  ~~ LOOPS: 14. ENTITY #: 307//107. VIEW #: 2. BACKLOGGED :: 117.000%! ~~ 
17:19:45.733 WARN  ~~ LOOPS: 14. ENTITY #: 307//107. VIEW #: 2. BACKLOGGED :: 118.286%! ~~ 
17:19:46.764 WARN  ~~ LOOPS: 14. ENTITY #: 308//107. VIEW #: 2. BACKLOGGED :: 118.500%! ~~ 
17:19:47.764 WARN  ~~ LOOPS: 13. ENTITY #: 307//109. VIEW #: 2. BACKLOGGED :: 123.462%! ~~ 
17:19:48.772 WARN  ~~ LOOPS: 14. ENTITY #: 308//106. VIEW #: 2. BACKLOGGED :: 118.500%! ~~ 
17:19:49.807 WARN  ~~ LOOPS: 14. ENTITY #: 309//108. VIEW #: 2. BACKLOGGED :: 119.571%! ~~ 
17:19:50.835 WARN  ~~ LOOPS: 14. ENTITY #: 308//108. VIEW #: 2. BACKLOGGED :: 118.286%! ~~ 
17:19:51.835 WARN  ~~ LOOPS: 13. ENTITY #: 308//107. VIEW #: 2. BACKLOGGED :: 121.846%! ~~ 
17:19:52.855 WARN  ~~ LOOPS: 14. ENTITY #: 316//108. VIEW #: 2. BACKLOGGED :: 121.500%! ~~ 
