17:28:39.288 WARN  ~~ LOOPS: 14. ENTITY #: 570//370. VIEW #: 2. BACKLOGGED :: 109.714%! ~~ 
17:31:02.245 WARN  ~~ LOOPS: 15. ENTITY #: 665//466. VIEW #: 2. BACKLOGGED :: 101.400%! ~~ 
17:31:04.318 WARN  ~~ LOOPS: 15. ENTITY #: 654//452. VIEW #: 2. BACKLOGGED :: 103.800%! ~~ 
17:31:57.793 WARN  ~~ LOOPS: 15. ENTITY #: 598//351. VIEW #: 2. BACKLOGGED :: 100.400%! ~~ 
17:32:40.908 WARN  ~~ LOOPS: 15. ENTITY #: 564//318. VIEW #: 2. BACKLOGGED :: 102.800%! ~~ 
17:32:41.981 WARN  ~~ LOOPS: 15. ENTITY #: 561//318. VIEW #: 2. BACKLOGGED :: 101.000%! ~~ 
17:34:18.418 WARN  ~~ LOOPS: 14. ENTITY #: 548//286. VIEW #: 2. BACKLOGGED :: 107.357%! ~~ 
17:34:19.507 WARN  ~~ LOOPS: 13. ENTITY #: 547//286. VIEW #: 2. BACKLOGGED :: 131.308%! ~~ 
17:34:20.577 WARN  ~~ LOOPS: 13. ENTITY #: 551//286. VIEW #: 2. BACKLOGGED :: 129.462%! ~~ 
17:34:21.679 WARN  ~~ LOOPS: 14. ENTITY #: 549//286. VIEW #: 2. BACKLOGGED :: 123.857%! ~~ 
17:34:22.739 WARN  ~~ LOOPS: 14. ENTITY #: 548//287. VIEW #: 2. BACKLOGGED :: 114.857%! ~~ 
17:40:44.339 WARN  ~~ LOOPS: 13. ENTITY #: 781//563. VIEW #: 1. BACKLOGGED :: 138.923%! ~~ 
17:40:45.351 WARN  ~~ LOOPS: 13. ENTITY #: 763//577. VIEW #: 1. BACKLOGGED :: 118.846%! ~~ 
17:40:57.600 WARN  ~~ LOOPS: 15. ENTITY #: 913//551. VIEW #: 1. BACKLOGGED :: 103.000%! ~~ 
17:41:02.712 WARN  ~~ LOOPS: 14. ENTITY #: 895//563. VIEW #: 1. BACKLOGGED :: 106.714%! ~~ 
17:41:03.743 WARN  ~~ LOOPS: 15. ENTITY #: 886//551. VIEW #: 1. BACKLOGGED :: 104.800%! ~~ 
17:41:08.873 WARN  ~~ LOOPS: 15. ENTITY #: 901//569. VIEW #: 1. BACKLOGGED :: 101.800%! ~~ 
17:41:09.874 WARN  ~~ LOOPS: 14. ENTITY #: 907//574. VIEW #: 1. BACKLOGGED :: 103.500%! ~~ 
17:41:13.942 WARN  ~~ LOOPS: 15. ENTITY #: 897//515. VIEW #: 1. BACKLOGGED :: 101.600%! ~~ 
17:41:21.088 WARN  ~~ LOOPS: 15. ENTITY #: 925//477. VIEW #: 1. BACKLOGGED :: 103.200%! ~~ 
17:41:22.113 WARN  ~~ LOOPS: 14. ENTITY #: 929//468. VIEW #: 1. BACKLOGGED :: 106.071%! ~~ 
17:41:23.139 WARN  ~~ LOOPS: 15. ENTITY #: 941//465. VIEW #: 1. BACKLOGGED :: 100.800%! ~~ 
17:41:25.202 WARN  ~~ LOOPS: 15. ENTITY #: 957//469. VIEW #: 1. BACKLOGGED :: 106.000%! ~~ 
17:41:28.272 WARN  ~~ LOOPS: 14. ENTITY #: 916//545. VIEW #: 1. BACKLOGGED :: 113.786%! ~~ 
17:41:29.301 WARN  ~~ LOOPS: 14. ENTITY #: 921//597. VIEW #: 1. BACKLOGGED :: 118.500%! ~~ 
17:41:30.321 WARN  ~~ LOOPS: 13. ENTITY #: 897//645. VIEW #: 1. BACKLOGGED :: 123.923%! ~~ 
17:41:31.333 WARN  ~~ LOOPS: 13. ENTITY #: 904//639. VIEW #: 1. BACKLOGGED :: 130.615%! ~~ 
17:41:32.387 WARN  ~~ LOOPS: 13. ENTITY #: 918//652. VIEW #: 1. BACKLOGGED :: 130.154%! ~~ 
17:41:33.400 WARN  ~~ LOOPS: 13. ENTITY #: 925//650. VIEW #: 1. BACKLOGGED :: 130.615%! ~~ 
17:41:34.422 WARN  ~~ LOOPS: 13. ENTITY #: 918//645. VIEW #: 1. BACKLOGGED :: 129.231%! ~~ 
17:41:35.474 WARN  ~~ LOOPS: 15. ENTITY #: 936//642. VIEW #: 1. BACKLOGGED :: 110.400%! ~~ 
17:41:36.475 WARN  ~~ LOOPS: 14. ENTITY #: 927//625. VIEW #: 1. BACKLOGGED :: 106.286%! ~~ 
17:41:37.516 WARN  ~~ LOOPS: 15. ENTITY #: 887//573. VIEW #: 1. BACKLOGGED :: 101.600%! ~~ 
17:41:40.556 WARN  ~~ LOOPS: 14. ENTITY #: 922//521. VIEW #: 1. BACKLOGGED :: 105.857%! ~~ 
17:41:42.632 WARN  ~~ LOOPS: 15. ENTITY #: 919//523. VIEW #: 1. BACKLOGGED :: 103.200%! ~~ 
17:41:43.684 WARN  ~~ LOOPS: 14. ENTITY #: 928//520. VIEW #: 1. BACKLOGGED :: 114.214%! ~~ 
17:41:44.737 WARN  ~~ LOOPS: 14. ENTITY #: 940//524. VIEW #: 1. BACKLOGGED :: 116.143%! ~~ 
17:41:45.753 WARN  ~~ LOOPS: 14. ENTITY #: 955//534. VIEW #: 1. BACKLOGGED :: 114.643%! ~~ 
17:41:46.768 WARN  ~~ LOOPS: 14. ENTITY #: 974//548. VIEW #: 1. BACKLOGGED :: 105.857%! ~~ 
17:41:51.871 WARN  ~~ LOOPS: 15. ENTITY #: 904//482. VIEW #: 1. BACKLOGGED :: 101.800%! ~~ 
17:42:01.100 WARN  ~~ LOOPS: 14. ENTITY #: 894//428. VIEW #: 1. BACKLOGGED :: 107.143%! ~~ 
17:42:02.131 WARN  ~~ LOOPS: 15. ENTITY #: 902//435. VIEW #: 1. BACKLOGGED :: 100.600%! ~~ 
17:42:13.417 WARN  ~~ LOOPS: 14. ENTITY #: 979//553. VIEW #: 1. BACKLOGGED :: 104.143%! ~~ 
17:42:14.459 WARN  ~~ LOOPS: 15. ENTITY #: 1007//547. VIEW #: 1. BACKLOGGED :: 106.000%! ~~ 
17:42:15.504 WARN  ~~ LOOPS: 14. ENTITY #: 993//545. VIEW #: 1. BACKLOGGED :: 111.643%! ~~ 
17:42:16.563 WARN  ~~ LOOPS: 15. ENTITY #: 1001//542. VIEW #: 1. BACKLOGGED :: 103.200%! ~~ 
17:42:17.618 WARN  ~~ LOOPS: 15. ENTITY #: 1020//544. VIEW #: 1. BACKLOGGED :: 103.600%! ~~ 
17:42:18.639 WARN  ~~ LOOPS: 14. ENTITY #: 1004//538. VIEW #: 1. BACKLOGGED :: 105.429%! ~~ 
17:42:19.675 WARN  ~~ LOOPS: 14. ENTITY #: 1017//537. VIEW #: 1. BACKLOGGED :: 103.500%! ~~ 
17:42:20.694 WARN  ~~ LOOPS: 14. ENTITY #: 1025//546. VIEW #: 1. BACKLOGGED :: 104.571%! ~~ 
17:42:21.713 WARN  ~~ LOOPS: 14. ENTITY #: 1041//552. VIEW #: 1. BACKLOGGED :: 101.357%! ~~ 
17:42:22.743 WARN  ~~ LOOPS: 14. ENTITY #: 1054//566. VIEW #: 1. BACKLOGGED :: 112.286%! ~~ 
17:42:23.760 WARN  ~~ LOOPS: 14. ENTITY #: 1051//567. VIEW #: 1. BACKLOGGED :: 110.571%! ~~ 
17:42:24.808 WARN  ~~ LOOPS: 13. ENTITY #: 1060//566. VIEW #: 1. BACKLOGGED :: 128.769%! ~~ 
17:42:25.843 WARN  ~~ LOOPS: 12. ENTITY #: 1070//579. VIEW #: 1. BACKLOGGED :: 146.000%! ~~ 
17:42:26.891 WARN  ~~ LOOPS: 14. ENTITY #: 1046//573. VIEW #: 1. BACKLOGGED :: 121.929%! ~~ 
17:42:27.921 WARN  ~~ LOOPS: 14. ENTITY #: 1041//550. VIEW #: 1. BACKLOGGED :: 120.214%! ~~ 
17:42:28.988 WARN  ~~ LOOPS: 15. ENTITY #: 1046//550. VIEW #: 1. BACKLOGGED :: 106.800%! ~~ 
17:42:30.013 WARN  ~~ LOOPS: 14. ENTITY #: 1032//538. VIEW #: 1. BACKLOGGED :: 116.571%! ~~ 
17:42:31.035 WARN  ~~ LOOPS: 14. ENTITY #: 1038//526. VIEW #: 1. BACKLOGGED :: 107.143%! ~~ 
17:42:32.066 WARN  ~~ LOOPS: 14. ENTITY #: 1050//532. VIEW #: 1. BACKLOGGED :: 111.857%! ~~ 
17:42:33.090 WARN  ~~ LOOPS: 14. ENTITY #: 1050//532. VIEW #: 1. BACKLOGGED :: 109.071%! ~~ 
17:42:34.115 WARN  ~~ LOOPS: 14. ENTITY #: 1041//533. VIEW #: 1. BACKLOGGED :: 108.643%! ~~ 
17:42:35.138 WARN  ~~ LOOPS: 14. ENTITY #: 1032//524. VIEW #: 1. BACKLOGGED :: 105.429%! ~~ 
17:42:36.159 WARN  ~~ LOOPS: 14. ENTITY #: 1030//511. VIEW #: 1. BACKLOGGED :: 105.643%! ~~ 
17:42:37.182 WARN  ~~ LOOPS: 14. ENTITY #: 1026//509. VIEW #: 1. BACKLOGGED :: 101.786%! ~~ 
17:42:38.226 WARN  ~~ LOOPS: 15. ENTITY #: 1024//502. VIEW #: 1. BACKLOGGED :: 106.000%! ~~ 
17:42:40.287 WARN  ~~ LOOPS: 14. ENTITY #: 1036//505. VIEW #: 1. BACKLOGGED :: 104.357%! ~~ 
17:42:41.345 WARN  ~~ LOOPS: 15. ENTITY #: 1031//524. VIEW #: 1. BACKLOGGED :: 103.400%! ~~ 
17:42:42.382 WARN  ~~ LOOPS: 14. ENTITY #: 1015//528. VIEW #: 1. BACKLOGGED :: 110.357%! ~~ 
17:42:43.446 WARN  ~~ LOOPS: 14. ENTITY #: 998//522. VIEW #: 1. BACKLOGGED :: 109.714%! ~~ 
17:42:44.473 WARN  ~~ LOOPS: 14. ENTITY #: 1000//520. VIEW #: 1. BACKLOGGED :: 112.071%! ~~ 
17:42:45.527 WARN  ~~ LOOPS: 14. ENTITY #: 987//539. VIEW #: 1. BACKLOGGED :: 120.857%! ~~ 
17:42:46.545 WARN  ~~ LOOPS: 14. ENTITY #: 979//559. VIEW #: 1. BACKLOGGED :: 114.429%! ~~ 
17:42:47.607 WARN  ~~ LOOPS: 14. ENTITY #: 981//570. VIEW #: 1. BACKLOGGED :: 111.000%! ~~ 
17:42:48.627 WARN  ~~ LOOPS: 14. ENTITY #: 981//546. VIEW #: 1. BACKLOGGED :: 105.643%! ~~ 
17:42:49.667 WARN  ~~ LOOPS: 14. ENTITY #: 1009//567. VIEW #: 1. BACKLOGGED :: 107.571%! ~~ 
17:42:50.693 WARN  ~~ LOOPS: 13. ENTITY #: 1032//632. VIEW #: 1. BACKLOGGED :: 121.615%! ~~ 
17:42:51.761 WARN  ~~ LOOPS: 13. ENTITY #: 1067//663. VIEW #: 1. BACKLOGGED :: 141.923%! ~~ 
17:42:52.788 WARN  ~~ LOOPS: 12. ENTITY #: 1070//674. VIEW #: 1. BACKLOGGED :: 140.250%! ~~ 
17:42:53.836 WARN  ~~ LOOPS: 13. ENTITY #: 1069//670. VIEW #: 1. BACKLOGGED :: 138.000%! ~~ 
17:42:54.903 WARN  ~~ LOOPS: 13. ENTITY #: 1062//661. VIEW #: 1. BACKLOGGED :: 129.231%! ~~ 
17:42:55.926 WARN  ~~ LOOPS: 13. ENTITY #: 1079//660. VIEW #: 1. BACKLOGGED :: 128.308%! ~~ 
17:42:56.951 WARN  ~~ LOOPS: 13. ENTITY #: 1066//645. VIEW #: 1. BACKLOGGED :: 126.231%! ~~ 
17:42:58.018 WARN  ~~ LOOPS: 14. ENTITY #: 1063//642. VIEW #: 1. BACKLOGGED :: 125.357%! ~~ 
17:42:59.094 WARN  ~~ LOOPS: 12. ENTITY #: 1048//628. VIEW #: 1. BACKLOGGED :: 151.500%! ~~ 
17:43:00.129 WARN  ~~ LOOPS: 13. ENTITY #: 1062//632. VIEW #: 1. BACKLOGGED :: 132.000%! ~~ 
17:43:01.181 WARN  ~~ LOOPS: 13. ENTITY #: 1073//640. VIEW #: 1. BACKLOGGED :: 141.692%! ~~ 
17:43:02.222 WARN  ~~ LOOPS: 14. ENTITY #: 1063//642. VIEW #: 1. BACKLOGGED :: 121.286%! ~~ 
17:43:03.249 WARN  ~~ LOOPS: 13. ENTITY #: 1076//645. VIEW #: 1. BACKLOGGED :: 130.385%! ~~ 
17:43:04.325 WARN  ~~ LOOPS: 14. ENTITY #: 1082//650. VIEW #: 1. BACKLOGGED :: 130.714%! ~~ 
17:43:05.345 WARN  ~~ LOOPS: 13. ENTITY #: 1086//655. VIEW #: 1. BACKLOGGED :: 130.846%! ~~ 
17:43:06.441 WARN  ~~ LOOPS: 12. ENTITY #: 1077//649. VIEW #: 1. BACKLOGGED :: 145.750%! ~~ 
17:43:07.468 WARN  ~~ LOOPS: 13. ENTITY #: 1067//638. VIEW #: 1. BACKLOGGED :: 133.385%! ~~ 
17:43:08.495 WARN  ~~ LOOPS: 12. ENTITY #: 1054//628. VIEW #: 1. BACKLOGGED :: 135.000%! ~~ 
17:43:09.560 WARN  ~~ LOOPS: 14. ENTITY #: 1062//618. VIEW #: 1. BACKLOGGED :: 124.500%! ~~ 
17:43:10.649 WARN  ~~ LOOPS: 13. ENTITY #: 1075//622. VIEW #: 1. BACKLOGGED :: 130.846%! ~~ 
17:43:11.659 WARN  ~~ LOOPS: 13. ENTITY #: 1085//633. VIEW #: 1. BACKLOGGED :: 130.385%! ~~ 
17:43:12.697 WARN  ~~ LOOPS: 12. ENTITY #: 1088//639. VIEW #: 1. BACKLOGGED :: 136.250%! ~~ 
17:43:13.733 WARN  ~~ LOOPS: 13. ENTITY #: 1109//638. VIEW #: 1. BACKLOGGED :: 133.846%! ~~ 
17:43:14.768 WARN  ~~ LOOPS: 13. ENTITY #: 1117//642. VIEW #: 1. BACKLOGGED :: 132.000%! ~~ 
17:43:15.790 WARN  ~~ LOOPS: 13. ENTITY #: 1120//646. VIEW #: 1. BACKLOGGED :: 129.462%! ~~ 
17:43:16.862 WARN  ~~ LOOPS: 13. ENTITY #: 1110//642. VIEW #: 1. BACKLOGGED :: 126.692%! ~~ 
17:43:17.885 WARN  ~~ LOOPS: 13. ENTITY #: 1110//637. VIEW #: 1. BACKLOGGED :: 125.538%! ~~ 
17:43:18.965 WARN  ~~ LOOPS: 14. ENTITY #: 1106//633. VIEW #: 1. BACKLOGGED :: 117.643%! ~~ 
17:43:20.015 WARN  ~~ LOOPS: 13. ENTITY #: 1107//625. VIEW #: 1. BACKLOGGED :: 130.385%! ~~ 
17:43:21.059 WARN  ~~ LOOPS: 12. ENTITY #: 1100//622. VIEW #: 1. BACKLOGGED :: 141.500%! ~~ 
17:43:22.098 WARN  ~~ LOOPS: 11. ENTITY #: 1108//624. VIEW #: 1. BACKLOGGED :: 163.364%! ~~ 
17:43:23.133 WARN  ~~ LOOPS: 11. ENTITY #: 1112//616. VIEW #: 1. BACKLOGGED :: 162.273%! ~~ 
17:43:24.160 WARN  ~~ LOOPS: 13. ENTITY #: 1109//621. VIEW #: 1. BACKLOGGED :: 132.923%! ~~ 
17:43:25.234 WARN  ~~ LOOPS: 14. ENTITY #: 1115//615. VIEW #: 1. BACKLOGGED :: 129.214%! ~~ 
17:43:26.274 WARN  ~~ LOOPS: 12. ENTITY #: 1116//610. VIEW #: 1. BACKLOGGED :: 142.750%! ~~ 
17:43:27.317 WARN  ~~ LOOPS: 13. ENTITY #: 1117//605. VIEW #: 1. BACKLOGGED :: 133.615%! ~~ 
17:43:28.355 WARN  ~~ LOOPS: 13. ENTITY #: 1119//607. VIEW #: 1. BACKLOGGED :: 133.846%! ~~ 
17:43:29.427 WARN  ~~ LOOPS: 13. ENTITY #: 1114//604. VIEW #: 1. BACKLOGGED :: 143.769%! ~~ 
17:43:30.498 WARN  ~~ LOOPS: 12. ENTITY #: 1121//596. VIEW #: 1. BACKLOGGED :: 144.250%! ~~ 
17:43:31.528 WARN  ~~ LOOPS: 13. ENTITY #: 1079//564. VIEW #: 1. BACKLOGGED :: 132.692%! ~~ 
17:43:32.528 WARN  ~~ LOOPS: 13. ENTITY #: 1085//555. VIEW #: 1. BACKLOGGED :: 119.308%! ~~ 
17:43:33.567 WARN  ~~ LOOPS: 13. ENTITY #: 1071//555. VIEW #: 1. BACKLOGGED :: 117.231%! ~~ 
17:43:34.593 WARN  ~~ LOOPS: 14. ENTITY #: 1095//548. VIEW #: 1. BACKLOGGED :: 111.000%! ~~ 
17:43:35.642 WARN  ~~ LOOPS: 13. ENTITY #: 1100//557. VIEW #: 1. BACKLOGGED :: 117.692%! ~~ 
17:43:36.671 WARN  ~~ LOOPS: 13. ENTITY #: 1106//553. VIEW #: 1. BACKLOGGED :: 116.538%! ~~ 
17:43:37.729 WARN  ~~ LOOPS: 14. ENTITY #: 1101//562. VIEW #: 1. BACKLOGGED :: 113.571%! ~~ 
17:43:38.808 WARN  ~~ LOOPS: 14. ENTITY #: 1098//553. VIEW #: 1. BACKLOGGED :: 117.429%! ~~ 
17:43:39.884 WARN  ~~ LOOPS: 14. ENTITY #: 1082//543. VIEW #: 1. BACKLOGGED :: 118.929%! ~~ 
17:43:40.918 WARN  ~~ LOOPS: 14. ENTITY #: 1083//527. VIEW #: 1. BACKLOGGED :: 112.714%! ~~ 
17:43:41.962 WARN  ~~ LOOPS: 14. ENTITY #: 1094//525. VIEW #: 1. BACKLOGGED :: 106.071%! ~~ 
17:43:43.009 WARN  ~~ LOOPS: 14. ENTITY #: 1095//536. VIEW #: 1. BACKLOGGED :: 116.571%! ~~ 
17:43:44.072 WARN  ~~ LOOPS: 13. ENTITY #: 1107//540. VIEW #: 1. BACKLOGGED :: 128.769%! ~~ 
17:43:45.143 WARN  ~~ LOOPS: 14. ENTITY #: 1107//542. VIEW #: 1. BACKLOGGED :: 104.357%! ~~ 
17:43:46.195 WARN  ~~ LOOPS: 14. ENTITY #: 1109//545. VIEW #: 1. BACKLOGGED :: 122.143%! ~~ 
17:43:47.242 WARN  ~~ LOOPS: 12. ENTITY #: 1121//545. VIEW #: 1. BACKLOGGED :: 120.250%! ~~ 
17:43:48.307 WARN  ~~ LOOPS: 13. ENTITY #: 1121//551. VIEW #: 1. BACKLOGGED :: 138.462%! ~~ 
17:43:49.338 WARN  ~~ LOOPS: 13. ENTITY #: 1105//533. VIEW #: 1. BACKLOGGED :: 122.308%! ~~ 
17:43:50.375 WARN  ~~ LOOPS: 13. ENTITY #: 1103//533. VIEW #: 1. BACKLOGGED :: 130.615%! ~~ 
17:43:51.420 WARN  ~~ LOOPS: 13. ENTITY #: 1102//539. VIEW #: 1. BACKLOGGED :: 123.231%! ~~ 
17:43:52.470 WARN  ~~ LOOPS: 13. ENTITY #: 1112//621. VIEW #: 1. BACKLOGGED :: 135.231%! ~~ 
17:43:53.561 WARN  ~~ LOOPS: 13. ENTITY #: 1126//687. VIEW #: 1. BACKLOGGED :: 141.923%! ~~ 
17:43:54.593 WARN  ~~ LOOPS: 12. ENTITY #: 1134//715. VIEW #: 1. BACKLOGGED :: 155.500%! ~~ 
17:43:55.647 WARN  ~~ LOOPS: 12. ENTITY #: 1143//724. VIEW #: 1. BACKLOGGED :: 150.750%! ~~ 
17:43:56.687 WARN  ~~ LOOPS: 11. ENTITY #: 1179//748. VIEW #: 1. BACKLOGGED :: 160.636%! ~~ 
17:43:57.794 WARN  ~~ LOOPS: 12. ENTITY #: 1183//761. VIEW #: 1. BACKLOGGED :: 158.500%! ~~ 
17:43:58.862 WARN  ~~ LOOPS: 11. ENTITY #: 1196//769. VIEW #: 1. BACKLOGGED :: 174.000%! ~~ 
17:43:59.964 WARN  ~~ LOOPS: 12. ENTITY #: 1194//774. VIEW #: 1. BACKLOGGED :: 161.000%! ~~ 
17:44:01.007 WARN  ~~ LOOPS: 12. ENTITY #: 1191//773. VIEW #: 1. BACKLOGGED :: 158.250%! ~~ 
17:44:02.075 WARN  ~~ LOOPS: 11. ENTITY #: 1185//761. VIEW #: 1. BACKLOGGED :: 173.727%! ~~ 
17:44:03.172 WARN  ~~ LOOPS: 12. ENTITY #: 1170//751. VIEW #: 1. BACKLOGGED :: 154.250%! ~~ 
17:44:04.216 WARN  ~~ LOOPS: 12. ENTITY #: 1160//742. VIEW #: 1. BACKLOGGED :: 147.250%! ~~ 
17:44:05.242 WARN  ~~ LOOPS: 12. ENTITY #: 1161//730. VIEW #: 1. BACKLOGGED :: 145.250%! ~~ 
17:44:06.252 WARN  ~~ LOOPS: 12. ENTITY #: 1159//723. VIEW #: 1. BACKLOGGED :: 141.250%! ~~ 
17:44:07.285 WARN  ~~ LOOPS: 12. ENTITY #: 1162//725. VIEW #: 1. BACKLOGGED :: 144.250%! ~~ 
17:44:08.319 WARN  ~~ LOOPS: 12. ENTITY #: 1159//726. VIEW #: 1. BACKLOGGED :: 151.000%! ~~ 
17:44:09.385 WARN  ~~ LOOPS: 12. ENTITY #: 1163//722. VIEW #: 1. BACKLOGGED :: 149.750%! ~~ 
17:44:10.439 WARN  ~~ LOOPS: 11. ENTITY #: 1164//722. VIEW #: 1. BACKLOGGED :: 162.545%! ~~ 
17:44:11.489 WARN  ~~ LOOPS: 11. ENTITY #: 1162//720. VIEW #: 1. BACKLOGGED :: 145.636%! ~~ 
17:44:12.524 WARN  ~~ LOOPS: 12. ENTITY #: 1164//720. VIEW #: 1. BACKLOGGED :: 141.000%! ~~ 
17:44:13.572 WARN  ~~ LOOPS: 12. ENTITY #: 1169//724. VIEW #: 1. BACKLOGGED :: 134.500%! ~~ 
17:44:14.638 WARN  ~~ LOOPS: 13. ENTITY #: 1172//725. VIEW #: 1. BACKLOGGED :: 143.308%! ~~ 
17:44:15.683 WARN  ~~ LOOPS: 10. ENTITY #: 1177//727. VIEW #: 1. BACKLOGGED :: 164.400%! ~~ 
17:44:16.714 WARN  ~~ LOOPS: 12. ENTITY #: 1172//729. VIEW #: 1. BACKLOGGED :: 148.750%! ~~ 
17:44:17.804 WARN  ~~ LOOPS: 13. ENTITY #: 1176//731. VIEW #: 1. BACKLOGGED :: 145.154%! ~~ 
17:44:18.866 WARN  ~~ LOOPS: 12. ENTITY #: 1177//732. VIEW #: 1. BACKLOGGED :: 146.000%! ~~ 
17:44:19.934 WARN  ~~ LOOPS: 13. ENTITY #: 1169//723. VIEW #: 1. BACKLOGGED :: 140.077%! ~~ 
17:44:20.964 WARN  ~~ LOOPS: 13. ENTITY #: 1171//719. VIEW #: 1. BACKLOGGED :: 132.462%! ~~ 
17:44:21.996 WARN  ~~ LOOPS: 13. ENTITY #: 1158//712. VIEW #: 1. BACKLOGGED :: 135.923%! ~~ 
17:44:23.026 WARN  ~~ LOOPS: 13. ENTITY #: 1160//712. VIEW #: 1. BACKLOGGED :: 126.462%! ~~ 
17:44:24.061 WARN  ~~ LOOPS: 13. ENTITY #: 1160//710. VIEW #: 1. BACKLOGGED :: 124.154%! ~~ 
17:44:25.133 WARN  ~~ LOOPS: 14. ENTITY #: 1152//706. VIEW #: 1. BACKLOGGED :: 124.500%! ~~ 
17:44:26.160 WARN  ~~ LOOPS: 13. ENTITY #: 1160//708. VIEW #: 1. BACKLOGGED :: 129.000%! ~~ 
17:44:27.255 WARN  ~~ LOOPS: 13. ENTITY #: 1161//712. VIEW #: 1. BACKLOGGED :: 140.077%! ~~ 
17:44:28.316 WARN  ~~ LOOPS: 12. ENTITY #: 1164//718. VIEW #: 1. BACKLOGGED :: 150.500%! ~~ 
17:44:29.345 WARN  ~~ LOOPS: 13. ENTITY #: 1176//724. VIEW #: 1. BACKLOGGED :: 133.154%! ~~ 
17:44:30.413 WARN  ~~ LOOPS: 12. ENTITY #: 1189//742. VIEW #: 1. BACKLOGGED :: 143.000%! ~~ 
17:44:31.458 WARN  ~~ LOOPS: 11. ENTITY #: 1193//750. VIEW #: 1. BACKLOGGED :: 160.364%! ~~ 
17:44:32.513 WARN  ~~ LOOPS: 13. ENTITY #: 1199//750. VIEW #: 1. BACKLOGGED :: 139.615%! ~~ 
17:44:33.568 WARN  ~~ LOOPS: 12. ENTITY #: 1195//752. VIEW #: 1. BACKLOGGED :: 142.500%! ~~ 
17:47:52.021 ERROR sockets is not defined
ReferenceError: sockets is not defined
    at Entity.define (/home/ubuntu/workspace/arras.io/src/server/server.js:1790:4)
    at exportDefintionsToClient (/home/ubuntu/workspace/arras.io/src/server/server.js:2604:14)
    at Object.<anonymous> (/home/ubuntu/workspace/arras.io/src/server/server.js:2634:4)
    at Module._compile (module.js:624:30)
    at Object.Module._extensions..js (module.js:635:10)
    at Module.load (module.js:545:32)
    at tryModuleLoad (module.js:508:12)
    at Function.Module._load (module.js:500:3)
    at Function.Module.runMain (module.js:665:10)
    at startup (bootstrap_node.js:187:16) 
17:47:52.021 ERROR bot2 
17:47:52.023 ERROR {"ACCEPTS_SCORE":true,"FACING_TYPE":"looseToTarget","SIZE":12,"CONTROLLERS":["nearestDifferentMaster","mapTargetToGoal","fleeAtLowHealth2"],"AI":{"STRAFE":true},"index":307} 
17:49:22.036 WARN  ~~ LOOPS: 15. ENTITY #: 571//166. VIEW #: 2. BACKLOGGED :: 103.600%! ~~ 
17:49:26.087 WARN  ~~ LOOPS: 14. ENTITY #: 560//216. VIEW #: 2. BACKLOGGED :: 112.714%! ~~ 
17:49:27.262 WARN  ~~ LOOPS: 11. ENTITY #: 564//237. VIEW #: 2. BACKLOGGED :: 163.364%! ~~ 
17:49:28.297 WARN  ~~ LOOPS: 13. ENTITY #: 576//276. VIEW #: 2. BACKLOGGED :: 119.308%! ~~ 
17:49:29.314 WARN  ~~ LOOPS: 14. ENTITY #: 539//294. VIEW #: 2. BACKLOGGED :: 102.000%! ~~ 
17:49:30.425 WARN  ~~ LOOPS: 14. ENTITY #: 569//285. VIEW #: 2. BACKLOGGED :: 111.643%! ~~ 
17:49:31.435 WARN  ~~ LOOPS: 9. ENTITY #: 577//298. VIEW #: 2. BACKLOGGED :: 165.000%! ~~ 
17:49:36.675 WARN  ~~ LOOPS: 8. ENTITY #: 612//291. VIEW #: 2. BACKLOGGED :: 246.000%! ~~ 
17:49:37.838 WARN  ~~ LOOPS: 9. ENTITY #: 612//295. VIEW #: 2. BACKLOGGED :: 290.667%! ~~ 
17:49:38.838 WARN  ~~ LOOPS: 8. ENTITY #: 614//291. VIEW #: 2. BACKLOGGED :: 160.875%! ~~ 
17:49:39.838 WARN  ~~ LOOPS: 14. ENTITY #: 621//297. VIEW #: 2. BACKLOGGED :: 109.500%! ~~ 
17:49:45.899 WARN  ~~ LOOPS: 9. ENTITY #: 661//306. VIEW #: 2. BACKLOGGED :: 119.667%! ~~ 
17:49:46.914 WARN  ~~ LOOPS: 13. ENTITY #: 652//305. VIEW #: 2. BACKLOGGED :: 113.769%! ~~ 
17:49:50.029 WARN  ~~ LOOPS: 13. ENTITY #: 643//278. VIEW #: 2. BACKLOGGED :: 111.231%! ~~ 
17:49:52.053 WARN  ~~ LOOPS: 13. ENTITY #: 652//278. VIEW #: 2. BACKLOGGED :: 125.077%! ~~ 
17:49:53.080 WARN  ~~ LOOPS: 15. ENTITY #: 648//275. VIEW #: 2. BACKLOGGED :: 106.400%! ~~ 
17:50:01.285 WARN  ~~ LOOPS: 14. ENTITY #: 680//353. VIEW #: 2. BACKLOGGED :: 106.286%! ~~ 
17:50:02.435 WARN  ~~ LOOPS: 9. ENTITY #: 693//385. VIEW #: 2. BACKLOGGED :: 181.000%! ~~ 
17:50:03.436 WARN  ~~ LOOPS: 11. ENTITY #: 700//407. VIEW #: 2. BACKLOGGED :: 165.545%! ~~ 
17:50:04.450 WARN  ~~ LOOPS: 12. ENTITY #: 712//421. VIEW #: 2. BACKLOGGED :: 127.250%! ~~ 
17:50:06.649 WARN  ~~ LOOPS: 11. ENTITY #: 712//450. VIEW #: 2. BACKLOGGED :: 155.182%! ~~ 
17:50:07.660 WARN  ~~ LOOPS: 10. ENTITY #: 712//453. VIEW #: 2. BACKLOGGED :: 183.600%! ~~ 
17:50:08.674 WARN  ~~ LOOPS: 11. ENTITY #: 717//450. VIEW #: 2. BACKLOGGED :: 157.909%! ~~ 
17:50:09.698 WARN  ~~ LOOPS: 9. ENTITY #: 709//450. VIEW #: 2. BACKLOGGED :: 163.000%! ~~ 
17:50:10.857 WARN  ~~ LOOPS: 10. ENTITY #: 706//445. VIEW #: 2. BACKLOGGED :: 124.500%! ~~ 
17:50:11.869 WARN  ~~ LOOPS: 7. ENTITY #: 704//439. VIEW #: 2. BACKLOGGED :: 267.000%! ~~ 
17:50:12.888 WARN  ~~ LOOPS: 11. ENTITY #: 701//439. VIEW #: 2. BACKLOGGED :: 182.182%! ~~ 
17:50:14.022 WARN  ~~ LOOPS: 12. ENTITY #: 704//434. VIEW #: 2. BACKLOGGED :: 119.000%! ~~ 
17:50:15.040 WARN  ~~ LOOPS: 12. ENTITY #: 704//436. VIEW #: 2. BACKLOGGED :: 131.250%! ~~ 
17:50:16.055 WARN  ~~ LOOPS: 13. ENTITY #: 709//438. VIEW #: 2. BACKLOGGED :: 127.154%! ~~ 
17:50:17.066 WARN  ~~ LOOPS: 13. ENTITY #: 721//443. VIEW #: 2. BACKLOGGED :: 120.692%! ~~ 
17:50:18.076 WARN  ~~ LOOPS: 12. ENTITY #: 733//454. VIEW #: 2. BACKLOGGED :: 116.750%! ~~ 
17:50:19.091 WARN  ~~ LOOPS: 12. ENTITY #: 742//465. VIEW #: 2. BACKLOGGED :: 144.000%! ~~ 
17:50:20.116 WARN  ~~ LOOPS: 11. ENTITY #: 745//470. VIEW #: 2. BACKLOGGED :: 152.182%! ~~ 
17:50:21.127 WARN  ~~ LOOPS: 10. ENTITY #: 745//468. VIEW #: 2. BACKLOGGED :: 165.300%! ~~ 
17:50:22.218 WARN  ~~ LOOPS: 11. ENTITY #: 748//471. VIEW #: 2. BACKLOGGED :: 181.909%! ~~ 
17:50:23.241 WARN  ~~ LOOPS: 12. ENTITY #: 745//465. VIEW #: 2. BACKLOGGED :: 148.250%! ~~ 
17:50:24.261 WARN  ~~ LOOPS: 12. ENTITY #: 745//461. VIEW #: 2. BACKLOGGED :: 141.250%! ~~ 
17:50:25.273 WARN  ~~ LOOPS: 10. ENTITY #: 747//460. VIEW #: 2. BACKLOGGED :: 191.700%! ~~ 
17:50:26.292 WARN  ~~ LOOPS: 11. ENTITY #: 744//455. VIEW #: 2. BACKLOGGED :: 162.273%! ~~ 
17:50:27.312 WARN  ~~ LOOPS: 11. ENTITY #: 739//450. VIEW #: 2. BACKLOGGED :: 159.000%! ~~ 
17:50:28.325 WARN  ~~ LOOPS: 11. ENTITY #: 731//446. VIEW #: 2. BACKLOGGED :: 159.818%! ~~ 
17:50:29.428 WARN  ~~ LOOPS: 11. ENTITY #: 734//439. VIEW #: 2. BACKLOGGED :: 184.091%! ~~ 
17:50:30.455 WARN  ~~ LOOPS: 12. ENTITY #: 731//441. VIEW #: 2. BACKLOGGED :: 129.500%! ~~ 
17:50:31.466 WARN  ~~ LOOPS: 10. ENTITY #: 733//441. VIEW #: 2. BACKLOGGED :: 196.200%! ~~ 
17:50:32.620 WARN  ~~ LOOPS: 12. ENTITY #: 736//438. VIEW #: 2. BACKLOGGED :: 169.750%! ~~ 
17:50:33.648 WARN  ~~ LOOPS: 12. ENTITY #: 742//441. VIEW #: 2. BACKLOGGED :: 141.500%! ~~ 
17:50:34.648 WARN  ~~ LOOPS: 11. ENTITY #: 746//444. VIEW #: 2. BACKLOGGED :: 132.818%! ~~ 
17:50:35.649 WARN  ~~ LOOPS: 11. ENTITY #: 754//445. VIEW #: 2. BACKLOGGED :: 131.182%! ~~ 
17:50:36.824 WARN  ~~ LOOPS: 10. ENTITY #: 756//452. VIEW #: 2. BACKLOGGED :: 195.000%! ~~ 
17:50:37.857 WARN  ~~ LOOPS: 9. ENTITY #: 758//453. VIEW #: 2. BACKLOGGED :: 160.667%! ~~ 
17:50:38.905 WARN  ~~ LOOPS: 11. ENTITY #: 765//458. VIEW #: 2. BACKLOGGED :: 160.364%! ~~ 
17:50:40.019 WARN  ~~ LOOPS: 8. ENTITY #: 769//469. VIEW #: 2. BACKLOGGED :: 220.500%! ~~ 
17:50:41.081 WARN  ~~ LOOPS: 8. ENTITY #: 769//468. VIEW #: 2. BACKLOGGED :: 157.875%! ~~ 
17:50:42.226 WARN  ~~ LOOPS: 9. ENTITY #: 773//467. VIEW #: 2. BACKLOGGED :: 169.667%! ~~ 
17:50:43.252 WARN  ~~ LOOPS: 10. ENTITY #: 770//465. VIEW #: 2. BACKLOGGED :: 184.500%! ~~ 
17:50:44.274 WARN  ~~ LOOPS: 11. ENTITY #: 770//471. VIEW #: 2. BACKLOGGED :: 137.182%! ~~ 
17:50:45.308 WARN  ~~ LOOPS: 10. ENTITY #: 766//492. VIEW #: 2. BACKLOGGED :: 209.700%! ~~ 
17:50:46.463 WARN  ~~ LOOPS: 8. ENTITY #: 766//542. VIEW #: 2. BACKLOGGED :: 175.125%! ~~ 
17:50:47.618 WARN  ~~ LOOPS: 10. ENTITY #: 766//557. VIEW #: 2. BACKLOGGED :: 211.500%! ~~ 
17:50:48.643 WARN  ~~ LOOPS: 10. ENTITY #: 769//562. VIEW #: 2. BACKLOGGED :: 169.800%! ~~ 
17:50:49.666 WARN  ~~ LOOPS: 7. ENTITY #: 776//564. VIEW #: 2. BACKLOGGED :: 320.571%! ~~ 
17:50:50.692 WARN  ~~ LOOPS: 9. ENTITY #: 779//571. VIEW #: 2. BACKLOGGED :: 233.000%! ~~ 
17:50:51.829 WARN  ~~ LOOPS: 9. ENTITY #: 777//567. VIEW #: 2. BACKLOGGED :: 219.667%! ~~ 
17:50:52.852 WARN  ~~ LOOPS: 8. ENTITY #: 779//569. VIEW #: 2. BACKLOGGED :: 234.375%! ~~ 
17:50:53.870 WARN  ~~ LOOPS: 8. ENTITY #: 782//568. VIEW #: 2. BACKLOGGED :: 236.625%! ~~ 
17:50:54.900 WARN  ~~ LOOPS: 9. ENTITY #: 784//569. VIEW #: 2. BACKLOGGED :: 247.333%! ~~ 
17:50:56.039 WARN  ~~ LOOPS: 10. ENTITY #: 780//565. VIEW #: 2. BACKLOGGED :: 190.800%! ~~ 
17:50:57.057 WARN  ~~ LOOPS: 7. ENTITY #: 788//566. VIEW #: 2. BACKLOGGED :: 222.857%! ~~ 
17:50:58.075 WARN  ~~ LOOPS: 9. ENTITY #: 788//566. VIEW #: 2. BACKLOGGED :: 172.667%! ~~ 
17:50:59.215 WARN  ~~ LOOPS: 11. ENTITY #: 790//570. VIEW #: 2. BACKLOGGED :: 142.364%! ~~ 
17:51:00.259 WARN  ~~ LOOPS: 7. ENTITY #: 790//568. VIEW #: 2. BACKLOGGED :: 290.143%! ~~ 
17:51:01.441 WARN  ~~ LOOPS: 7. ENTITY #: 794//569. VIEW #: 2. BACKLOGGED :: 327.857%! ~~ 
17:51:02.619 WARN  ~~ LOOPS: 7. ENTITY #: 799//572. VIEW #: 2. BACKLOGGED :: 314.571%! ~~ 
17:51:03.667 WARN  ~~ LOOPS: 9. ENTITY #: 800//574. VIEW #: 2. BACKLOGGED :: 221.667%! ~~ 
17:51:04.826 WARN  ~~ LOOPS: 6. ENTITY #: 804//576. VIEW #: 2. BACKLOGGED :: 281.000%! ~~ 
17:51:05.883 WARN  ~~ LOOPS: 9. ENTITY #: 805//575. VIEW #: 2. BACKLOGGED :: 178.667%! ~~ 
17:51:07.041 WARN  ~~ LOOPS: 9. ENTITY #: 802//575. VIEW #: 2. BACKLOGGED :: 218.000%! ~~ 
17:51:08.066 WARN  ~~ LOOPS: 7. ENTITY #: 808//576. VIEW #: 2. BACKLOGGED :: 180.857%! ~~ 
17:51:09.226 WARN  ~~ LOOPS: 9. ENTITY #: 806//577. VIEW #: 2. BACKLOGGED :: 291.667%! ~~ 
17:51:10.241 WARN  ~~ LOOPS: 9. ENTITY #: 806//571. VIEW #: 2. BACKLOGGED :: 158.667%! ~~ 
17:51:11.424 WARN  ~~ LOOPS: 8. ENTITY #: 809//574. VIEW #: 2. BACKLOGGED :: 196.125%! ~~ 
17:51:12.471 WARN  ~~ LOOPS: 9. ENTITY #: 811//572. VIEW #: 2. BACKLOGGED :: 207.333%! ~~ 
17:51:13.645 WARN  ~~ LOOPS: 8. ENTITY #: 813//577. VIEW #: 2. BACKLOGGED :: 289.875%! ~~ 
17:51:14.663 WARN  ~~ LOOPS: 8. ENTITY #: 813//574. VIEW #: 2. BACKLOGGED :: 243.750%! ~~ 
17:51:15.683 WARN  ~~ LOOPS: 7. ENTITY #: 814//574. VIEW #: 2. BACKLOGGED :: 180.000%! ~~ 
17:51:16.816 WARN  ~~ LOOPS: 8. ENTITY #: 815//577. VIEW #: 2. BACKLOGGED :: 219.750%! ~~ 
17:51:17.855 WARN  ~~ LOOPS: 9. ENTITY #: 820//578. VIEW #: 2. BACKLOGGED :: 249.000%! ~~ 
17:51:18.871 WARN  ~~ LOOPS: 8. ENTITY #: 821//579. VIEW #: 2. BACKLOGGED :: 207.000%! ~~ 
17:51:20.037 WARN  ~~ LOOPS: 8. ENTITY #: 822//580. VIEW #: 2. BACKLOGGED :: 237.000%! ~~ 
17:51:21.067 WARN  ~~ LOOPS: 9. ENTITY #: 821//579. VIEW #: 2. BACKLOGGED :: 203.333%! ~~ 
17:51:22.228 WARN  ~~ LOOPS: 6. ENTITY #: 824//580. VIEW #: 2. BACKLOGGED :: 223.500%! ~~ 
17:51:23.264 WARN  ~~ LOOPS: 7. ENTITY #: 822//578. VIEW #: 2. BACKLOGGED :: 307.286%! ~~ 
17:51:24.284 WARN  ~~ LOOPS: 7. ENTITY #: 824//577. VIEW #: 2. BACKLOGGED :: 210.000%! ~~ 
17:51:25.315 WARN  ~~ LOOPS: 8. ENTITY #: 821//576. VIEW #: 2. BACKLOGGED :: 284.625%! ~~ 
17:51:26.430 WARN  ~~ LOOPS: 9. ENTITY #: 821//571. VIEW #: 2. BACKLOGGED :: 209.000%! ~~ 
17:51:27.467 WARN  ~~ LOOPS: 10. ENTITY #: 818//571. VIEW #: 2. BACKLOGGED :: 123.000%! ~~ 
17:51:28.484 WARN  ~~ LOOPS: 9. ENTITY #: 814//566. VIEW #: 2. BACKLOGGED :: 156.000%! ~~ 
17:51:29.668 WARN  ~~ LOOPS: 7. ENTITY #: 815//564. VIEW #: 2. BACKLOGGED :: 258.857%! ~~ 
17:51:30.685 WARN  ~~ LOOPS: 7. ENTITY #: 815//563. VIEW #: 2. BACKLOGGED :: 294.000%! ~~ 
17:51:31.829 WARN  ~~ LOOPS: 9. ENTITY #: 819//565. VIEW #: 2. BACKLOGGED :: 196.667%! ~~ 
17:51:32.855 WARN  ~~ LOOPS: 9. ENTITY #: 815//564. VIEW #: 2. BACKLOGGED :: 209.333%! ~~ 
17:51:33.875 WARN  ~~ LOOPS: 8. ENTITY #: 815//564. VIEW #: 2. BACKLOGGED :: 244.500%! ~~ 
17:51:35.055 WARN  ~~ LOOPS: 6. ENTITY #: 814//563. VIEW #: 2. BACKLOGGED :: 408.500%! ~~ 
17:51:36.085 WARN  ~~ LOOPS: 8. ENTITY #: 816//567. VIEW #: 2. BACKLOGGED :: 272.625%! ~~ 
17:51:37.230 WARN  ~~ LOOPS: 8. ENTITY #: 816//564. VIEW #: 2. BACKLOGGED :: 260.250%! ~~ 
17:51:38.429 WARN  ~~ LOOPS: 9. ENTITY #: 819//562. VIEW #: 2. BACKLOGGED :: 198.000%! ~~ 
17:51:39.460 WARN  ~~ LOOPS: 8. ENTITY #: 819//546. VIEW #: 2. BACKLOGGED :: 208.500%! ~~ 
17:51:40.486 WARN  ~~ LOOPS: 8. ENTITY #: 821//507. VIEW #: 2. BACKLOGGED :: 276.750%! ~~ 
17:51:41.652 WARN  ~~ LOOPS: 9. ENTITY #: 823//480. VIEW #: 2. BACKLOGGED :: 261.333%! ~~ 
17:51:42.671 WARN  ~~ LOOPS: 9. ENTITY #: 825//462. VIEW #: 2. BACKLOGGED :: 181.333%! ~~ 
17:51:43.835 WARN  ~~ LOOPS: 7. ENTITY #: 827//458. VIEW #: 2. BACKLOGGED :: 274.714%! ~~ 
17:51:44.870 WARN  ~~ LOOPS: 10. ENTITY #: 830//459. VIEW #: 2. BACKLOGGED :: 205.800%! ~~ 
17:51:46.017 WARN  ~~ LOOPS: 9. ENTITY #: 830//468. VIEW #: 2. BACKLOGGED :: 222.000%! ~~ 
17:51:47.225 WARN  ~~ LOOPS: 8. ENTITY #: 829//468. VIEW #: 2. BACKLOGGED :: 279.750%! ~~ 
17:51:48.278 WARN  ~~ LOOPS: 9. ENTITY #: 828//463. VIEW #: 2. BACKLOGGED :: 225.000%! ~~ 
17:51:49.302 WARN  ~~ LOOPS: 9. ENTITY #: 828//445. VIEW #: 2. BACKLOGGED :: 106.667%! ~~ 
17:51:50.450 WARN  ~~ LOOPS: 9. ENTITY #: 825//425. VIEW #: 2. BACKLOGGED :: 224.667%! ~~ 
17:51:51.836 WARN  ~~ LOOPS: 8. ENTITY #: 824//412. VIEW #: 2. BACKLOGGED :: 145.500%! ~~ 
17:51:52.862 WARN  ~~ LOOPS: 9. ENTITY #: 832//419. VIEW #: 2. BACKLOGGED :: 171.667%! ~~ 
17:51:54.030 WARN  ~~ LOOPS: 9. ENTITY #: 837//415. VIEW #: 2. BACKLOGGED :: 222.000%! ~~ 
17:51:55.065 WARN  ~~ LOOPS: 8. ENTITY #: 838//412. VIEW #: 2. BACKLOGGED :: 242.250%! ~~ 
17:51:56.087 WARN  ~~ LOOPS: 9. ENTITY #: 842//406. VIEW #: 2. BACKLOGGED :: 228.333%! ~~ 
17:51:57.107 WARN  ~~ LOOPS: 10. ENTITY #: 844//405. VIEW #: 2. BACKLOGGED :: 191.100%! ~~ 
17:51:58.220 WARN  ~~ LOOPS: 10. ENTITY #: 842//399. VIEW #: 2. BACKLOGGED :: 172.500%! ~~ 
17:51:59.256 WARN  ~~ LOOPS: 10. ENTITY #: 822//375. VIEW #: 2. BACKLOGGED :: 185.700%! ~~ 
17:52:00.279 WARN  ~~ LOOPS: 9. ENTITY #: 811//355. VIEW #: 2. BACKLOGGED :: 229.333%! ~~ 
17:52:01.321 WARN  ~~ LOOPS: 9. ENTITY #: 817//355. VIEW #: 2. BACKLOGGED :: 221.333%! ~~ 
17:52:02.460 WARN  ~~ LOOPS: 8. ENTITY #: 814//353. VIEW #: 2. BACKLOGGED :: 281.250%! ~~ 
17:52:03.489 WARN  ~~ LOOPS: 8. ENTITY #: 817//361. VIEW #: 2. BACKLOGGED :: 210.750%! ~~ 
17:52:04.508 WARN  ~~ LOOPS: 10. ENTITY #: 815//354. VIEW #: 2. BACKLOGGED :: 167.700%! ~~ 
17:52:05.821 WARN  ~~ LOOPS: 6. ENTITY #: 815//356. VIEW #: 2. BACKLOGGED :: 272.000%! ~~ 
17:52:06.890 WARN  ~~ LOOPS: 10. ENTITY #: 816//354. VIEW #: 2. BACKLOGGED :: 163.800%! ~~ 
17:52:08.015 WARN  ~~ LOOPS: 10. ENTITY #: 813//355. VIEW #: 2. BACKLOGGED :: 150.000%! ~~ 
17:52:09.052 WARN  ~~ LOOPS: 10. ENTITY #: 810//350. VIEW #: 2. BACKLOGGED :: 208.500%! ~~ 
17:52:10.057 WARN  ~~ LOOPS: 9. ENTITY #: 809//348. VIEW #: 2. BACKLOGGED :: 165.333%! ~~ 
17:52:11.098 WARN  ~~ LOOPS: 10. ENTITY #: 817//353. VIEW #: 2. BACKLOGGED :: 155.700%! ~~ 
17:52:12.234 WARN  ~~ LOOPS: 10. ENTITY #: 816//351. VIEW #: 2. BACKLOGGED :: 172.500%! ~~ 
17:52:13.257 WARN  ~~ LOOPS: 8. ENTITY #: 816//354. VIEW #: 2. BACKLOGGED :: 242.625%! ~~ 
17:52:14.274 WARN  ~~ LOOPS: 8. ENTITY #: 816//348. VIEW #: 2. BACKLOGGED :: 237.375%! ~~ 
17:52:15.421 WARN  ~~ LOOPS: 10. ENTITY #: 816//352. VIEW #: 2. BACKLOGGED :: 212.700%! ~~ 
17:52:16.444 WARN  ~~ LOOPS: 11. ENTITY #: 818//352. VIEW #: 2. BACKLOGGED :: 148.909%! ~~ 
17:52:17.450 WARN  ~~ LOOPS: 6. ENTITY #: 815//354. VIEW #: 2. BACKLOGGED :: 205.500%! ~~ 
17:52:18.462 WARN  ~~ LOOPS: 11. ENTITY #: 818//351. VIEW #: 2. BACKLOGGED :: 156.818%! ~~ 
17:52:19.494 WARN  ~~ LOOPS: 10. ENTITY #: 819//354. VIEW #: 2. BACKLOGGED :: 178.500%! ~~ 
17:52:20.624 WARN  ~~ LOOPS: 10. ENTITY #: 820//355. VIEW #: 2. BACKLOGGED :: 193.500%! ~~ 
17:52:21.657 WARN  ~~ LOOPS: 10. ENTITY #: 818//353. VIEW #: 2. BACKLOGGED :: 201.600%! ~~ 
17:52:22.688 WARN  ~~ LOOPS: 10. ENTITY #: 818//354. VIEW #: 2. BACKLOGGED :: 131.700%! ~~ 
17:52:23.859 WARN  ~~ LOOPS: 11. ENTITY #: 819//354. VIEW #: 2. BACKLOGGED :: 202.909%! ~~ 
17:52:24.904 WARN  ~~ LOOPS: 9. ENTITY #: 823//357. VIEW #: 2. BACKLOGGED :: 242.333%! ~~ 
17:52:26.024 WARN  ~~ LOOPS: 11. ENTITY #: 819//356. VIEW #: 2. BACKLOGGED :: 135.273%! ~~ 
17:52:27.055 WARN  ~~ LOOPS: 8. ENTITY #: 820//354. VIEW #: 2. BACKLOGGED :: 229.125%! ~~ 
17:52:28.078 WARN  ~~ LOOPS: 9. ENTITY #: 821//358. VIEW #: 2. BACKLOGGED :: 168.333%! ~~ 
17:52:29.113 WARN  ~~ LOOPS: 10. ENTITY #: 825//356. VIEW #: 2. BACKLOGGED :: 208.500%! ~~ 
17:52:30.240 WARN  ~~ LOOPS: 9. ENTITY #: 822//360. VIEW #: 2. BACKLOGGED :: 188.667%! ~~ 
17:52:31.265 WARN  ~~ LOOPS: 6. ENTITY #: 818//354. VIEW #: 2. BACKLOGGED :: 260.000%! ~~ 
17:52:32.424 WARN  ~~ LOOPS: 9. ENTITY #: 819//355. VIEW #: 2. BACKLOGGED :: 175.000%! ~~ 
17:52:33.467 WARN  ~~ LOOPS: 9. ENTITY #: 824//357. VIEW #: 2. BACKLOGGED :: 217.667%! ~~ 
17:52:34.490 WARN  ~~ LOOPS: 11. ENTITY #: 829//363. VIEW #: 2. BACKLOGGED :: 159.818%! ~~ 
17:52:35.829 WARN  ~~ LOOPS: 7. ENTITY #: 828//361. VIEW #: 2. BACKLOGGED :: 186.857%! ~~ 
17:52:36.866 WARN  ~~ LOOPS: 5. ENTITY #: 828//364. VIEW #: 2. BACKLOGGED :: 340.800%! ~~ 
17:52:37.892 WARN  ~~ LOOPS: 8. ENTITY #: 830//363. VIEW #: 2. BACKLOGGED :: 244.875%! ~~ 
17:52:39.018 WARN  ~~ LOOPS: 10. ENTITY #: 829//363. VIEW #: 2. BACKLOGGED :: 180.300%! ~~ 
17:52:40.054 WARN  ~~ LOOPS: 11. ENTITY #: 830//365. VIEW #: 2. BACKLOGGED :: 113.455%! ~~ 
17:52:41.217 WARN  ~~ LOOPS: 10. ENTITY #: 827//376. VIEW #: 2. BACKLOGGED :: 114.300%! ~~ 
17:52:42.265 WARN  ~~ LOOPS: 8. ENTITY #: 833//398. VIEW #: 2. BACKLOGGED :: 218.250%! ~~ 
17:52:43.296 WARN  ~~ LOOPS: 7. ENTITY #: 832//425. VIEW #: 2. BACKLOGGED :: 327.000%! ~~ 
17:52:44.455 WARN  ~~ LOOPS: 7. ENTITY #: 833//439. VIEW #: 2. BACKLOGGED :: 302.143%! ~~ 
17:52:45.622 WARN  ~~ LOOPS: 8. ENTITY #: 831//442. VIEW #: 2. BACKLOGGED :: 242.250%! ~~ 
17:52:47.041 WARN  ~~ LOOPS: 7. ENTITY #: 834//440. VIEW #: 2. BACKLOGGED :: 300.429%! ~~ 
17:52:48.217 WARN  ~~ LOOPS: 6. ENTITY #: 839//449. VIEW #: 2. BACKLOGGED :: 414.000%! ~~ 
17:52:49.422 WARN  ~~ LOOPS: 6. ENTITY #: 841//472. VIEW #: 2. BACKLOGGED :: 303.000%! ~~ 
17:52:50.855 WARN  ~~ LOOPS: 8. ENTITY #: 848//489. VIEW #: 2. BACKLOGGED :: 246.750%! ~~ 
17:52:52.283 WARN  ~~ LOOPS: 5. ENTITY #: 849//490. VIEW #: 2. BACKLOGGED :: 448.200%! ~~ 
17:52:53.473 WARN  ~~ LOOPS: 5. ENTITY #: 853//497. VIEW #: 2. BACKLOGGED :: 380.400%! ~~ 
17:52:54.689 WARN  ~~ LOOPS: 8. ENTITY #: 856//498. VIEW #: 2. BACKLOGGED :: 228.750%! ~~ 
17:52:55.878 WARN  ~~ LOOPS: 8. ENTITY #: 862//510. VIEW #: 2. BACKLOGGED :: 226.500%! ~~ 
17:52:57.053 WARN  ~~ LOOPS: 7. ENTITY #: 867//514. VIEW #: 2. BACKLOGGED :: 312.429%! ~~ 
17:52:58.087 WARN  ~~ LOOPS: 8. ENTITY #: 869//519. VIEW #: 2. BACKLOGGED :: 211.500%! ~~ 
17:52:59.259 WARN  ~~ LOOPS: 8. ENTITY #: 872//517. VIEW #: 2. BACKLOGGED :: 178.500%! ~~ 
17:53:00.422 WARN  ~~ LOOPS: 8. ENTITY #: 875//525. VIEW #: 2. BACKLOGGED :: 255.750%! ~~ 
17:53:01.449 WARN  ~~ LOOPS: 7. ENTITY #: 878//526. VIEW #: 2. BACKLOGGED :: 279.429%! ~~ 
17:53:02.468 WARN  ~~ LOOPS: 8. ENTITY #: 875//525. VIEW #: 2. BACKLOGGED :: 245.250%! ~~ 
17:53:03.618 WARN  ~~ LOOPS: 9. ENTITY #: 883//528. VIEW #: 2. BACKLOGGED :: 245.667%! ~~ 
17:53:04.656 WARN  ~~ LOOPS: 8. ENTITY #: 883//530. VIEW #: 2. BACKLOGGED :: 276.375%! ~~ 
17:53:05.674 WARN  ~~ LOOPS: 7. ENTITY #: 885//530. VIEW #: 2. BACKLOGGED :: 237.000%! ~~ 
17:53:06.863 WARN  ~~ LOOPS: 7. ENTITY #: 886//530. VIEW #: 2. BACKLOGGED :: 303.429%! ~~ 
17:53:07.890 WARN  ~~ LOOPS: 6. ENTITY #: 889//534. VIEW #: 2. BACKLOGGED :: 314.500%! ~~ 
17:53:09.025 WARN  ~~ LOOPS: 9. ENTITY #: 887//532. VIEW #: 2. BACKLOGGED :: 241.333%! ~~ 
17:53:10.071 WARN  ~~ LOOPS: 10. ENTITY #: 893//536. VIEW #: 2. BACKLOGGED :: 212.100%! ~~ 
17:53:11.098 WARN  ~~ LOOPS: 8. ENTITY #: 891//536. VIEW #: 2. BACKLOGGED :: 240.375%! ~~ 
17:53:12.123 WARN  ~~ LOOPS: 9. ENTITY #: 889//534. VIEW #: 2. BACKLOGGED :: 239.667%! ~~ 
17:53:13.233 WARN  ~~ LOOPS: 9. ENTITY #: 891//533. VIEW #: 2. BACKLOGGED :: 152.667%! ~~ 
17:53:14.276 WARN  ~~ LOOPS: 9. ENTITY #: 893//537. VIEW #: 2. BACKLOGGED :: 186.000%! ~~ 
17:53:15.651 WARN  ~~ LOOPS: 9. ENTITY #: 893//537. VIEW #: 2. BACKLOGGED :: 220.333%! ~~ 
17:53:16.829 WARN  ~~ LOOPS: 8. ENTITY #: 891//538. VIEW #: 2. BACKLOGGED :: 224.625%! ~~ 
17:53:18.040 WARN  ~~ LOOPS: 9. ENTITY #: 905//537. VIEW #: 2. BACKLOGGED :: 260.667%! ~~ 
17:53:23.241 ERROR sockets is not defined
ReferenceError: sockets is not defined
    at Entity.define (/home/ubuntu/workspace/arras.io/src/server/server.js:1790:4)
    at exportDefintionsToClient (/home/ubuntu/workspace/arras.io/src/server/server.js:2604:14)
    at Object.<anonymous> (/home/ubuntu/workspace/arras.io/src/server/server.js:2634:4)
    at Module._compile (module.js:624:30)
    at Object.Module._extensions..js (module.js:635:10)
    at Module.load (module.js:545:32)
    at tryModuleLoad (module.js:508:12)
    at Function.Module._load (module.js:500:3)
    at Function.Module.runMain (module.js:665:10)
    at startup (bootstrap_node.js:187:16) 
17:53:23.241 ERROR bot2 
17:53:23.243 ERROR {"ACCEPTS_SCORE":true,"FACING_TYPE":"looseToTarget","SIZE":12,"CONTROLLERS":["nearestDifferentMaster","mapTargetToGoal","fleeAtLowHealth2"],"AI":{"STRAFE":true},"index":307} 
18:42:02.934 WARN  ~~ LOOPS: 17. ENTITY #: 440//213. VIEW #: 2. BACKLOGGED :: 100.941%! ~~ 
19:05:48.073 WARN  ~~ LOOPS: 10. ENTITY #: 415//263. VIEW #: 2. BACKLOGGED :: 201.300%! ~~ 
19:07:26.616 WARN  ~~ LOOPS: 13. ENTITY #: 453//253. VIEW #: 2. BACKLOGGED :: 134.769%! ~~ 
19:09:31.010 WARN  ~~ LOOPS: 15. ENTITY #: 458//272. VIEW #: 2. BACKLOGGED :: 100.400%! ~~ 
23:54:13.934 WARN  ~~ LOOPS: 15. ENTITY #: 445//328. VIEW #: 1. BACKLOGGED :: 114.200%! ~~ 

